[2026-05-01T04:37:58.761+0000] {local_task_job_runner.py:120} INFO - ::group::Pre task execution logs
[2026-05-01T04:37:58.787+0000] {taskinstance.py:2076} INFO - Dependencies all met for dep_context=non-requeueable deps ti=<TaskInstance: etl_single_dag.extract_previous_articles.extract_task_previous_articles scheduled__2026-04-24T00:00:00+00:00 [queued]>
[2026-05-01T04:37:58.799+0000] {taskinstance.py:2076} INFO - Dependencies all met for dep_context=requeueable deps ti=<TaskInstance: etl_single_dag.extract_previous_articles.extract_task_previous_articles scheduled__2026-04-24T00:00:00+00:00 [queued]>
[2026-05-01T04:37:58.801+0000] {taskinstance.py:2306} INFO - Starting attempt 1 of 1
[2026-05-01T04:37:58.821+0000] {taskinstance.py:2330} INFO - Executing <Task(PythonOperator): extract_previous_articles.extract_task_previous_articles> on 2026-04-24 00:00:00+00:00
[2026-05-01T04:37:58.826+0000] {standard_task_runner.py:63} INFO - Started process 176 to run task
[2026-05-01T04:37:58.830+0000] {standard_task_runner.py:90} INFO - Running: ['***', 'tasks', 'run', 'etl_single_dag', 'extract_previous_articles.extract_task_previous_articles', 'scheduled__2026-04-24T00:00:00+00:00', '--job-id', '47', '--raw', '--subdir', 'DAGS_FOLDER/article wrtier.py', '--cfg-path', '/tmp/tmpi0jnb0t3']
[2026-05-01T04:37:58.833+0000] {standard_task_runner.py:91} INFO - Job 47: Subtask extract_previous_articles.extract_task_previous_articles
[2026-05-01T04:37:58.872+0000] {task_command.py:426} INFO - Running <TaskInstance: etl_single_dag.extract_previous_articles.extract_task_previous_articles scheduled__2026-04-24T00:00:00+00:00 [running]> on host c94487c71b04
[2026-05-01T04:37:58.951+0000] {taskinstance.py:2648} INFO - Exporting env vars: AIRFLOW_CTX_DAG_OWNER='***' AIRFLOW_CTX_DAG_ID='etl_single_dag' AIRFLOW_CTX_TASK_ID='extract_previous_articles.extract_task_previous_articles' AIRFLOW_CTX_EXECUTION_DATE='2026-04-24T00:00:00+00:00' AIRFLOW_CTX_TRY_NUMBER='1' AIRFLOW_CTX_DAG_RUN_ID='scheduled__2026-04-24T00:00:00+00:00'
[2026-05-01T04:37:58.953+0000] {taskinstance.py:430} INFO - ::endgroup::
[2026-05-01T04:37:59.113+0000] {taskinstance.py:441} INFO - ::group::Post task execution logs
[2026-05-01T04:37:59.114+0000] {taskinstance.py:2905} ERROR - Task failed with exception
Traceback (most recent call last):
  File "/home/airflow/.local/lib/python3.11/site-packages/airflow/models/taskinstance.py", line 465, in _execute_task
    result = _execute_callable(context=context, **execute_callable_kwargs)
             ^^^^^^^^^^^^^^^^^^^^^^^^^^^^^^^^^^^^^^^^^^^^^^^^^^^^^^^^^^^^^
  File "/home/airflow/.local/lib/python3.11/site-packages/airflow/models/taskinstance.py", line 432, in _execute_callable
    return execute_callable(context=context, **execute_callable_kwargs)
           ^^^^^^^^^^^^^^^^^^^^^^^^^^^^^^^^^^^^^^^^^^^^^^^^^^^^^^^^^^^^
  File "/home/airflow/.local/lib/python3.11/site-packages/airflow/models/baseoperator.py", line 401, in wrapper
    return func(self, *args, **kwargs)
           ^^^^^^^^^^^^^^^^^^^^^^^^^^^
  File "/home/airflow/.local/lib/python3.11/site-packages/airflow/operators/python.py", line 235, in execute
    return_value = self.execute_callable()
                   ^^^^^^^^^^^^^^^^^^^^^^^
  File "/home/airflow/.local/lib/python3.11/site-packages/airflow/operators/python.py", line 252, in execute_callable
    return self.python_callable(*self.op_args, **self.op_kwargs)
           ^^^^^^^^^^^^^^^^^^^^^^^^^^^^^^^^^^^^^^^^^^^^^^^^^^^^^
  File "/opt/airflow/dags/article wrtier.py", line 36, in get_my_previous_articles
    return response.json()['associated_articles']
           ~~~~~~~~~~~~~~~^^^^^^^^^^^^^^^^^^^^^^^
KeyError: 'associated_articles'
[2026-05-01T04:37:59.123+0000] {taskinstance.py:1206} INFO - Marking task as FAILED. dag_id=etl_single_dag, task_id=extract_previous_articles.extract_task_previous_articles, run_id=scheduled__2026-04-24T00:00:00+00:00, execution_date=20260424T000000, start_date=20260501T043758, end_date=20260501T043759
[2026-05-01T04:37:59.130+0000] {standard_task_runner.py:110} ERROR - Failed to execute job 47 for task extract_previous_articles.extract_task_previous_articles ('associated_articles'; 176)
[2026-05-01T04:37:59.138+0000] {local_task_job_runner.py:240} INFO - Task exited with return code 1
[2026-05-01T04:37:59.150+0000] {local_task_job_runner.py:222} INFO - ::endgroup::
