[2026-06-04T23:00:26.640+0000] {local_task_job_runner.py:120} INFO - ::group::Pre task execution logs
[2026-06-04T23:00:26.653+0000] {taskinstance.py:2076} INFO - Dependencies all met for dep_context=non-requeueable deps ti=<TaskInstance: etl_single_dag.extract_previous_articles.extract_task_previous_articles scheduled__2026-05-04T00:00:00+00:00 [queued]>
[2026-06-04T23:00:26.657+0000] {taskinstance.py:2076} INFO - Dependencies all met for dep_context=requeueable deps ti=<TaskInstance: etl_single_dag.extract_previous_articles.extract_task_previous_articles scheduled__2026-05-04T00:00:00+00:00 [queued]>
[2026-06-04T23:00:26.658+0000] {taskinstance.py:2306} INFO - Starting attempt 2 of 1
[2026-06-04T23:00:26.662+0000] {taskinstance.py:2330} INFO - Executing <Task(PythonOperator): extract_previous_articles.extract_task_previous_articles> on 2026-05-04 00:00:00+00:00
[2026-06-04T23:00:26.664+0000] {standard_task_runner.py:63} INFO - Started process 175 to run task
[2026-06-04T23:00:26.665+0000] {standard_task_runner.py:90} INFO - Running: ['***', 'tasks', 'run', 'etl_single_dag', 'extract_previous_articles.extract_task_previous_articles', 'scheduled__2026-05-04T00:00:00+00:00', '--job-id', '70', '--raw', '--subdir', 'DAGS_FOLDER/article wrtier.py', '--cfg-path', '/tmp/tmpwkcxr2xn']
[2026-06-04T23:00:26.666+0000] {standard_task_runner.py:91} INFO - Job 70: Subtask extract_previous_articles.extract_task_previous_articles
[2026-06-04T23:00:26.689+0000] {task_command.py:426} INFO - Running <TaskInstance: etl_single_dag.extract_previous_articles.extract_task_previous_articles scheduled__2026-05-04T00:00:00+00:00 [running]> on host c94487c71b04
[2026-06-04T23:00:26.733+0000] {taskinstance.py:2648} INFO - Exporting env vars: AIRFLOW_CTX_DAG_OWNER='***' AIRFLOW_CTX_DAG_ID='etl_single_dag' AIRFLOW_CTX_TASK_ID='extract_previous_articles.extract_task_previous_articles' AIRFLOW_CTX_EXECUTION_DATE='2026-05-04T00:00:00+00:00' AIRFLOW_CTX_TRY_NUMBER='2' AIRFLOW_CTX_DAG_RUN_ID='scheduled__2026-05-04T00:00:00+00:00'
[2026-06-04T23:00:26.733+0000] {taskinstance.py:430} INFO - ::endgroup::
[2026-06-04T23:00:30.743+0000] {taskinstance.py:441} INFO - ::group::Post task execution logs
[2026-06-04T23:00:30.744+0000] {taskinstance.py:2905} ERROR - Task failed with exception
Traceback (most recent call last):
  File "/home/airflow/.local/lib/python3.11/site-packages/urllib3/connection.py", line 198, in _new_conn
    sock = connection.create_connection(
           ^^^^^^^^^^^^^^^^^^^^^^^^^^^^^
  File "/home/airflow/.local/lib/python3.11/site-packages/urllib3/util/connection.py", line 60, in create_connection
    for res in socket.getaddrinfo(host, port, family, socket.SOCK_STREAM):
               ^^^^^^^^^^^^^^^^^^^^^^^^^^^^^^^^^^^^^^^^^^^^^^^^^^^^^^^^^^
  File "/usr/local/lib/python3.11/socket.py", line 962, in getaddrinfo
    for res in _socket.getaddrinfo(host, port, family, type, proto, flags):
               ^^^^^^^^^^^^^^^^^^^^^^^^^^^^^^^^^^^^^^^^^^^^^^^^^^^^^^^^^^^
socket.gaierror: [Errno -5] No address associated with hostname

The above exception was the direct cause of the following exception:

Traceback (most recent call last):
  File "/home/airflow/.local/lib/python3.11/site-packages/urllib3/connectionpool.py", line 793, in urlopen
    response = self._make_request(
               ^^^^^^^^^^^^^^^^^^^
  File "/home/airflow/.local/lib/python3.11/site-packages/urllib3/connectionpool.py", line 491, in _make_request
    raise new_e
  File "/home/airflow/.local/lib/python3.11/site-packages/urllib3/connectionpool.py", line 467, in _make_request
    self._validate_conn(conn)
  File "/home/airflow/.local/lib/python3.11/site-packages/urllib3/connectionpool.py", line 1099, in _validate_conn
    conn.connect()
  File "/home/airflow/.local/lib/python3.11/site-packages/urllib3/connection.py", line 616, in connect
    self.sock = sock = self._new_conn()
                       ^^^^^^^^^^^^^^^^
  File "/home/airflow/.local/lib/python3.11/site-packages/urllib3/connection.py", line 205, in _new_conn
    raise NameResolutionError(self.host, self, e) from e
urllib3.exceptions.NameResolutionError: <urllib3.connection.HTTPSConnection object at 0xffff7875dc90>: Failed to resolve 'medium2.p.rapidapi.com' ([Errno -5] No address associated with hostname)

The above exception was the direct cause of the following exception:

Traceback (most recent call last):
  File "/home/airflow/.local/lib/python3.11/site-packages/requests/adapters.py", line 486, in send
    resp = conn.urlopen(
           ^^^^^^^^^^^^^
  File "/home/airflow/.local/lib/python3.11/site-packages/urllib3/connectionpool.py", line 847, in urlopen
    retries = retries.increment(
              ^^^^^^^^^^^^^^^^^^
  File "/home/airflow/.local/lib/python3.11/site-packages/urllib3/util/retry.py", line 515, in increment
    raise MaxRetryError(_pool, url, reason) from reason  # type: ignore[arg-type]
    ^^^^^^^^^^^^^^^^^^^^^^^^^^^^^^^^^^^^^^^^^^^^^^^^^^^
urllib3.exceptions.MaxRetryError: HTTPSConnectionPool(host='medium2.p.rapidapi.com', port=443): Max retries exceeded with url: /user/2396262649cc/articles (Caused by NameResolutionError("<urllib3.connection.HTTPSConnection object at 0xffff7875dc90>: Failed to resolve 'medium2.p.rapidapi.com' ([Errno -5] No address associated with hostname)"))

During handling of the above exception, another exception occurred:

Traceback (most recent call last):
  File "/home/airflow/.local/lib/python3.11/site-packages/airflow/models/taskinstance.py", line 465, in _execute_task
    result = _execute_callable(context=context, **execute_callable_kwargs)
             ^^^^^^^^^^^^^^^^^^^^^^^^^^^^^^^^^^^^^^^^^^^^^^^^^^^^^^^^^^^^^
  File "/home/airflow/.local/lib/python3.11/site-packages/airflow/models/taskinstance.py", line 432, in _execute_callable
    return execute_callable(context=context, **execute_callable_kwargs)
           ^^^^^^^^^^^^^^^^^^^^^^^^^^^^^^^^^^^^^^^^^^^^^^^^^^^^^^^^^^^^
  File "/home/airflow/.local/lib/python3.11/site-packages/airflow/models/baseoperator.py", line 401, in wrapper
    return func(self, *args, **kwargs)
           ^^^^^^^^^^^^^^^^^^^^^^^^^^^
  File "/home/airflow/.local/lib/python3.11/site-packages/airflow/operators/python.py", line 235, in execute
    return_value = self.execute_callable()
                   ^^^^^^^^^^^^^^^^^^^^^^^
  File "/home/airflow/.local/lib/python3.11/site-packages/airflow/operators/python.py", line 252, in execute_callable
    return self.python_callable(*self.op_args, **self.op_kwargs)
           ^^^^^^^^^^^^^^^^^^^^^^^^^^^^^^^^^^^^^^^^^^^^^^^^^^^^^
  File "/opt/airflow/dags/article wrtier.py", line 35, in get_my_previous_articles
    response = requests.get(url, headers=headers)
               ^^^^^^^^^^^^^^^^^^^^^^^^^^^^^^^^^^
  File "/home/airflow/.local/lib/python3.11/site-packages/requests/api.py", line 73, in get
    return request("get", url, params=params, **kwargs)
           ^^^^^^^^^^^^^^^^^^^^^^^^^^^^^^^^^^^^^^^^^^^^
  File "/home/airflow/.local/lib/python3.11/site-packages/requests/api.py", line 59, in request
    return session.request(method=method, url=url, **kwargs)
           ^^^^^^^^^^^^^^^^^^^^^^^^^^^^^^^^^^^^^^^^^^^^^^^^^
  File "/home/airflow/.local/lib/python3.11/site-packages/requests/sessions.py", line 589, in request
    resp = self.send(prep, **send_kwargs)
           ^^^^^^^^^^^^^^^^^^^^^^^^^^^^^^
  File "/home/airflow/.local/lib/python3.11/site-packages/requests/sessions.py", line 703, in send
    r = adapter.send(request, **kwargs)
        ^^^^^^^^^^^^^^^^^^^^^^^^^^^^^^^
  File "/home/airflow/.local/lib/python3.11/site-packages/requests/adapters.py", line 519, in send
    raise ConnectionError(e, request=request)
requests.exceptions.ConnectionError: HTTPSConnectionPool(host='medium2.p.rapidapi.com', port=443): Max retries exceeded with url: /user/2396262649cc/articles (Caused by NameResolutionError("<urllib3.connection.HTTPSConnection object at 0xffff7875dc90>: Failed to resolve 'medium2.p.rapidapi.com' ([Errno -5] No address associated with hostname)"))
[2026-06-04T23:00:30.758+0000] {taskinstance.py:1206} INFO - Marking task as FAILED. dag_id=etl_single_dag, task_id=extract_previous_articles.extract_task_previous_articles, run_id=scheduled__2026-05-04T00:00:00+00:00, execution_date=20260504T000000, start_date=20260604T230026, end_date=20260604T230030
[2026-06-04T23:00:30.768+0000] {standard_task_runner.py:110} ERROR - Failed to execute job 70 for task extract_previous_articles.extract_task_previous_articles (HTTPSConnectionPool(host='medium2.p.rapidapi.com', port=443): Max retries exceeded with url: /user/2396262649cc/articles (Caused by NameResolutionError("<urllib3.connection.HTTPSConnection object at 0xffff7875dc90>: Failed to resolve 'medium2.p.rapidapi.com' ([Errno -5] No address associated with hostname)")); 175)
[2026-06-04T23:00:30.805+0000] {local_task_job_runner.py:240} INFO - Task exited with return code 1
[2026-06-04T23:00:30.812+0000] {local_task_job_runner.py:222} INFO - ::endgroup::
