[2026-03-31T03:36:30.670+0000] {local_task_job_runner.py:120} INFO - ::group::Pre task execution logs
[2026-03-31T03:36:30.680+0000] {taskinstance.py:2076} INFO - Dependencies all met for dep_context=non-requeueable deps ti=<TaskInstance: extraction_writer.extraction_writer manual__2026-03-31T03:36:29.762423+00:00 [queued]>
[2026-03-31T03:36:30.682+0000] {taskinstance.py:2076} INFO - Dependencies all met for dep_context=requeueable deps ti=<TaskInstance: extraction_writer.extraction_writer manual__2026-03-31T03:36:29.762423+00:00 [queued]>
[2026-03-31T03:36:30.682+0000] {taskinstance.py:2306} INFO - Starting attempt 1 of 1
[2026-03-31T03:36:30.685+0000] {taskinstance.py:2330} INFO - Executing <Task(PythonOperator): extraction_writer> on 2026-03-31 03:36:29.762423+00:00
[2026-03-31T03:36:30.687+0000] {standard_task_runner.py:63} INFO - Started process 179 to run task
[2026-03-31T03:36:30.688+0000] {standard_task_runner.py:90} INFO - Running: ['***', 'tasks', 'run', 'extraction_writer', 'extraction_writer', 'manual__2026-03-31T03:36:29.762423+00:00', '--job-id', '12', '--raw', '--subdir', 'DAGS_FOLDER/etl.py', '--cfg-path', '/tmp/tmpv9n0kbhe']
[2026-03-31T03:36:30.689+0000] {standard_task_runner.py:91} INFO - Job 12: Subtask extraction_writer
[2026-03-31T03:36:30.705+0000] {task_command.py:426} INFO - Running <TaskInstance: extraction_writer.extraction_writer manual__2026-03-31T03:36:29.762423+00:00 [running]> on host c94487c71b04
[2026-03-31T03:36:30.732+0000] {taskinstance.py:2648} INFO - Exporting env vars: AIRFLOW_CTX_DAG_OWNER='***' AIRFLOW_CTX_DAG_ID='extraction_writer' AIRFLOW_CTX_TASK_ID='extraction_writer' AIRFLOW_CTX_EXECUTION_DATE='2026-03-31T03:36:29.762423+00:00' AIRFLOW_CTX_TRY_NUMBER='1' AIRFLOW_CTX_DAG_RUN_ID='manual__2026-03-31T03:36:29.762423+00:00'
[2026-03-31T03:36:30.732+0000] {taskinstance.py:430} INFO - ::endgroup::
[2026-03-31T03:36:31.220+0000] {taskinstance.py:441} INFO - ::group::Post task execution logs
[2026-03-31T03:36:31.221+0000] {taskinstance.py:2905} ERROR - Task failed with exception
Traceback (most recent call last):
  File "/home/airflow/.local/lib/python3.11/site-packages/airflow/models/taskinstance.py", line 465, in _execute_task
    result = _execute_callable(context=context, **execute_callable_kwargs)
             ^^^^^^^^^^^^^^^^^^^^^^^^^^^^^^^^^^^^^^^^^^^^^^^^^^^^^^^^^^^^^
  File "/home/airflow/.local/lib/python3.11/site-packages/airflow/models/taskinstance.py", line 432, in _execute_callable
    return execute_callable(context=context, **execute_callable_kwargs)
           ^^^^^^^^^^^^^^^^^^^^^^^^^^^^^^^^^^^^^^^^^^^^^^^^^^^^^^^^^^^^
  File "/home/airflow/.local/lib/python3.11/site-packages/airflow/models/baseoperator.py", line 401, in wrapper
    return func(self, *args, **kwargs)
           ^^^^^^^^^^^^^^^^^^^^^^^^^^^
  File "/home/airflow/.local/lib/python3.11/site-packages/airflow/operators/python.py", line 235, in execute
    return_value = self.execute_callable()
                   ^^^^^^^^^^^^^^^^^^^^^^^
  File "/home/airflow/.local/lib/python3.11/site-packages/airflow/operators/python.py", line 252, in execute_callable
    return self.python_callable(*self.op_args, **self.op_kwargs)
           ^^^^^^^^^^^^^^^^^^^^^^^^^^^^^^^^^^^^^^^^^^^^^^^^^^^^^
  File "/opt/airflow/dags/etl.py", line 90, in send_email_write_article_from_medium
    body=get_article(get_article_text(get_top_feeds()),get_article_text(get_my_previous_articles())).to_dict()['content'])
                                      ^^^^^^^^^^^^^^^
  File "/opt/airflow/dags/etl.py", line 21, in get_top_feeds
    return response.json()['topfeeds'][:10]
           ~~~~~~~~~~~~~~~^^^^^^^^^^^^
KeyError: 'topfeeds'
[2026-03-31T03:36:31.235+0000] {taskinstance.py:1206} INFO - Marking task as FAILED. dag_id=extraction_writer, task_id=extraction_writer, run_id=manual__2026-03-31T03:36:29.762423+00:00, execution_date=20260331T033629, start_date=20260331T033630, end_date=20260331T033631
[2026-03-31T03:36:31.244+0000] {standard_task_runner.py:110} ERROR - Failed to execute job 12 for task extraction_writer ('topfeeds'; 179)
[2026-03-31T03:36:31.273+0000] {local_task_job_runner.py:240} INFO - Task exited with return code 1
[2026-03-31T03:36:31.286+0000] {taskinstance.py:3503} INFO - 0 downstream tasks scheduled from follow-on schedule check
[2026-03-31T03:36:31.287+0000] {local_task_job_runner.py:222} INFO - ::endgroup::
