[2026-06-04T22:48:51.247+0000] {local_task_job_runner.py:120} INFO - ::group::Pre task execution logs
[2026-06-04T22:48:51.281+0000] {taskinstance.py:2076} INFO - Dependencies all met for dep_context=non-requeueable deps ti=<TaskInstance: etl_single_dag.send_email.send_email_task scheduled__2026-05-01T00:00:00+00:00 [queued]>
[2026-06-04T22:48:51.288+0000] {taskinstance.py:2076} INFO - Dependencies all met for dep_context=requeueable deps ti=<TaskInstance: etl_single_dag.send_email.send_email_task scheduled__2026-05-01T00:00:00+00:00 [queued]>
[2026-06-04T22:48:51.288+0000] {taskinstance.py:2306} INFO - Starting attempt 1 of 1
[2026-06-04T22:48:51.306+0000] {taskinstance.py:2330} INFO - Executing <Task(PythonOperator): send_email.send_email_task> on 2026-05-01 00:00:00+00:00
[2026-06-04T22:48:51.311+0000] {standard_task_runner.py:63} INFO - Started process 177 to run task
[2026-06-04T22:48:51.313+0000] {standard_task_runner.py:90} INFO - Running: ['***', 'tasks', 'run', 'etl_single_dag', 'send_email.send_email_task', 'scheduled__2026-05-01T00:00:00+00:00', '--job-id', '63', '--raw', '--subdir', 'DAGS_FOLDER/article wrtier.py', '--cfg-path', '/tmp/tmpnjwcfb6_']
[2026-06-04T22:48:51.315+0000] {standard_task_runner.py:91} INFO - Job 63: Subtask send_email.send_email_task
[2026-06-04T22:48:51.371+0000] {task_command.py:426} INFO - Running <TaskInstance: etl_single_dag.send_email.send_email_task scheduled__2026-05-01T00:00:00+00:00 [running]> on host c94487c71b04
[2026-06-04T22:48:51.442+0000] {taskinstance.py:2648} INFO - Exporting env vars: AIRFLOW_CTX_DAG_OWNER='***' AIRFLOW_CTX_DAG_ID='etl_single_dag' AIRFLOW_CTX_TASK_ID='send_email.send_email_task' AIRFLOW_CTX_EXECUTION_DATE='2026-05-01T00:00:00+00:00' AIRFLOW_CTX_TRY_NUMBER='1' AIRFLOW_CTX_DAG_RUN_ID='scheduled__2026-05-01T00:00:00+00:00'
[2026-06-04T22:48:51.444+0000] {taskinstance.py:430} INFO - ::endgroup::
[2026-06-04T22:48:52.464+0000] {local_task_job_runner.py:124} ERROR - Received SIGTERM. Terminating subprocesses
[2026-06-04T22:48:52.474+0000] {process_utils.py:132} INFO - Sending 15 to group 177. PIDs of all processes in the group: [177]
[2026-06-04T22:48:52.475+0000] {process_utils.py:87} INFO - Sending the signal 15 to group 177
[2026-06-04T22:48:52.476+0000] {taskinstance.py:2611} ERROR - Received SIGTERM. Terminating subprocesses.
[2026-06-04T22:48:52.476+0000] {taskinstance.py:441} INFO - ::group::Post task execution logs
[2026-06-04T22:48:52.484+0000] {taskinstance.py:2905} ERROR - Task failed with exception
Traceback (most recent call last):
  File "/home/airflow/.local/lib/python3.11/site-packages/airflow/models/taskinstance.py", line 465, in _execute_task
    result = _execute_callable(context=context, **execute_callable_kwargs)
             ^^^^^^^^^^^^^^^^^^^^^^^^^^^^^^^^^^^^^^^^^^^^^^^^^^^^^^^^^^^^^
  File "/home/airflow/.local/lib/python3.11/site-packages/airflow/models/taskinstance.py", line 432, in _execute_callable
    return execute_callable(context=context, **execute_callable_kwargs)
           ^^^^^^^^^^^^^^^^^^^^^^^^^^^^^^^^^^^^^^^^^^^^^^^^^^^^^^^^^^^^
  File "/home/airflow/.local/lib/python3.11/site-packages/airflow/models/baseoperator.py", line 401, in wrapper
    return func(self, *args, **kwargs)
           ^^^^^^^^^^^^^^^^^^^^^^^^^^^
  File "/home/airflow/.local/lib/python3.11/site-packages/airflow/operators/python.py", line 235, in execute
    return_value = self.execute_callable()
                   ^^^^^^^^^^^^^^^^^^^^^^^
  File "/home/airflow/.local/lib/python3.11/site-packages/airflow/operators/python.py", line 252, in execute_callable
    return self.python_callable(*self.op_args, **self.op_kwargs)
           ^^^^^^^^^^^^^^^^^^^^^^^^^^^^^^^^^^^^^^^^^^^^^^^^^^^^^
  File "/opt/airflow/dags/article wrtier.py", line 106, in send_email
    with smtplib.SMTP_SSL("smtp.gmail.com", 465) as server:
         ^^^^^^^^^^^^^^^^^^^^^^^^^^^^^^^^^^^^^^^
  File "/usr/local/lib/python3.11/smtplib.py", line 1050, in __init__
    SMTP.__init__(self, host, port, local_hostname, timeout,
  File "/usr/local/lib/python3.11/smtplib.py", line 255, in __init__
    (code, msg) = self.connect(host, port)
                  ^^^^^^^^^^^^^^^^^^^^^^^^
  File "/usr/local/lib/python3.11/smtplib.py", line 343, in connect
    (code, msg) = self.getreply()
                  ^^^^^^^^^^^^^^^
  File "/usr/local/lib/python3.11/smtplib.py", line 398, in getreply
    line = self.file.readline(_MAXLINE + 1)
           ^^^^^^^^^^^^^^^^^^^^^^^^^^^^^^^^
  File "/usr/local/lib/python3.11/socket.py", line 706, in readinto
    return self._sock.recv_into(b)
           ^^^^^^^^^^^^^^^^^^^^^^^
  File "/usr/local/lib/python3.11/ssl.py", line 1314, in recv_into
    return self.read(nbytes, buffer)
           ^^^^^^^^^^^^^^^^^^^^^^^^^
  File "/usr/local/lib/python3.11/ssl.py", line 1166, in read
    return self._sslobj.read(len, buffer)
           ^^^^^^^^^^^^^^^^^^^^^^^^^^^^^^
  File "/home/airflow/.local/lib/python3.11/site-packages/airflow/models/taskinstance.py", line 2613, in signal_handler
    raise AirflowTaskTerminated("Task received SIGTERM signal")
airflow.exceptions.AirflowTaskTerminated: Task received SIGTERM signal
[2026-06-04T22:48:52.489+0000] {taskinstance.py:1206} INFO - Marking task as FAILED. dag_id=etl_single_dag, task_id=send_email.send_email_task, run_id=scheduled__2026-05-01T00:00:00+00:00, execution_date=20260501T000000, start_date=20260604T224851, end_date=20260604T224852
[2026-06-04T22:48:52.513+0000] {process_utils.py:80} INFO - Process psutil.Process(pid=177, status='terminated', exitcode=2, started='22:48:51') (177) terminated with exit code 2
[2026-06-04T22:48:52.519+0000] {local_task_job_runner.py:240} INFO - Task exited with return code 143
[2026-06-04T22:48:52.534+0000] {taskinstance.py:3503} INFO - 0 downstream tasks scheduled from follow-on schedule check
