[2026-04-07T03:52:10.410+0000] {processor.py:161} INFO - Started process (PID=496) to work on /opt/airflow/dags/article wrtier.py
[2026-04-07T03:52:10.411+0000] {processor.py:830} INFO - Processing file /opt/airflow/dags/article wrtier.py for tasks to queue
[2026-04-07T03:52:10.411+0000] {logging_mixin.py:188} INFO - [2026-04-07T03:52:10.411+0000] {dagbag.py:545} INFO - Filling up the DagBag from /opt/airflow/dags/article wrtier.py
[2026-04-07T03:52:10.555+0000] {processor.py:840} INFO - DAG(s) 'etl_single_dag' retrieved from /opt/airflow/dags/article wrtier.py
[2026-04-07T03:52:10.588+0000] {logging_mixin.py:188} INFO - [2026-04-07T03:52:10.588+0000] {dag.py:3096} INFO - Sync 1 DAGs
[2026-04-07T03:52:10.653+0000] {logging_mixin.py:188} INFO - [2026-04-07T03:52:10.653+0000] {dag.py:3954} INFO - Setting next_dagrun for etl_single_dag to 2026-04-07 00:00:00+00:00, run_after=2026-04-08 00:00:00+00:00
[2026-04-07T03:52:10.659+0000] {processor.py:183} INFO - Processing /opt/airflow/dags/article wrtier.py took 0.254 seconds
[2026-04-07T03:52:40.934+0000] {processor.py:161} INFO - Started process (PID=501) to work on /opt/airflow/dags/article wrtier.py
[2026-04-07T03:52:40.935+0000] {processor.py:830} INFO - Processing file /opt/airflow/dags/article wrtier.py for tasks to queue
[2026-04-07T03:52:40.936+0000] {logging_mixin.py:188} INFO - [2026-04-07T03:52:40.936+0000] {dagbag.py:545} INFO - Filling up the DagBag from /opt/airflow/dags/article wrtier.py
[2026-04-07T03:52:41.081+0000] {processor.py:840} INFO - DAG(s) 'etl_single_dag' retrieved from /opt/airflow/dags/article wrtier.py
[2026-04-07T03:52:41.090+0000] {logging_mixin.py:188} INFO - [2026-04-07T03:52:41.090+0000] {dag.py:3096} INFO - Sync 1 DAGs
[2026-04-07T03:52:41.096+0000] {logging_mixin.py:188} INFO - [2026-04-07T03:52:41.096+0000] {dag.py:3954} INFO - Setting next_dagrun for etl_single_dag to 2026-04-07 00:00:00+00:00, run_after=2026-04-08 00:00:00+00:00
[2026-04-07T03:52:41.101+0000] {processor.py:183} INFO - Processing /opt/airflow/dags/article wrtier.py took 0.173 seconds
[2026-04-07T03:53:11.220+0000] {processor.py:161} INFO - Started process (PID=506) to work on /opt/airflow/dags/article wrtier.py
[2026-04-07T03:53:11.221+0000] {processor.py:830} INFO - Processing file /opt/airflow/dags/article wrtier.py for tasks to queue
[2026-04-07T03:53:11.222+0000] {logging_mixin.py:188} INFO - [2026-04-07T03:53:11.222+0000] {dagbag.py:545} INFO - Filling up the DagBag from /opt/airflow/dags/article wrtier.py
[2026-04-07T03:53:11.366+0000] {processor.py:840} INFO - DAG(s) 'etl_single_dag' retrieved from /opt/airflow/dags/article wrtier.py
[2026-04-07T03:53:11.375+0000] {logging_mixin.py:188} INFO - [2026-04-07T03:53:11.375+0000] {dag.py:3096} INFO - Sync 1 DAGs
[2026-04-07T03:53:11.381+0000] {logging_mixin.py:188} INFO - [2026-04-07T03:53:11.381+0000] {dag.py:3954} INFO - Setting next_dagrun for etl_single_dag to 2026-04-07 00:00:00+00:00, run_after=2026-04-08 00:00:00+00:00
[2026-04-07T03:53:11.385+0000] {processor.py:183} INFO - Processing /opt/airflow/dags/article wrtier.py took 0.170 seconds
[2026-04-07T03:53:41.629+0000] {processor.py:161} INFO - Started process (PID=511) to work on /opt/airflow/dags/article wrtier.py
[2026-04-07T03:53:41.630+0000] {processor.py:830} INFO - Processing file /opt/airflow/dags/article wrtier.py for tasks to queue
[2026-04-07T03:53:41.631+0000] {logging_mixin.py:188} INFO - [2026-04-07T03:53:41.630+0000] {dagbag.py:545} INFO - Filling up the DagBag from /opt/airflow/dags/article wrtier.py
[2026-04-07T03:53:41.775+0000] {processor.py:840} INFO - DAG(s) 'etl_single_dag' retrieved from /opt/airflow/dags/article wrtier.py
[2026-04-07T03:53:41.784+0000] {logging_mixin.py:188} INFO - [2026-04-07T03:53:41.784+0000] {dag.py:3096} INFO - Sync 1 DAGs
[2026-04-07T03:53:41.791+0000] {logging_mixin.py:188} INFO - [2026-04-07T03:53:41.791+0000] {dag.py:3954} INFO - Setting next_dagrun for etl_single_dag to 2026-04-07 00:00:00+00:00, run_after=2026-04-08 00:00:00+00:00
[2026-04-07T03:53:41.796+0000] {processor.py:183} INFO - Processing /opt/airflow/dags/article wrtier.py took 0.173 seconds
[2026-04-07T03:54:11.947+0000] {processor.py:161} INFO - Started process (PID=516) to work on /opt/airflow/dags/article wrtier.py
[2026-04-07T03:54:11.947+0000] {processor.py:830} INFO - Processing file /opt/airflow/dags/article wrtier.py for tasks to queue
[2026-04-07T03:54:11.948+0000] {logging_mixin.py:188} INFO - [2026-04-07T03:54:11.948+0000] {dagbag.py:545} INFO - Filling up the DagBag from /opt/airflow/dags/article wrtier.py
[2026-04-07T03:54:12.094+0000] {processor.py:840} INFO - DAG(s) 'etl_single_dag' retrieved from /opt/airflow/dags/article wrtier.py
[2026-04-07T03:54:12.103+0000] {logging_mixin.py:188} INFO - [2026-04-07T03:54:12.102+0000] {dag.py:3096} INFO - Sync 1 DAGs
[2026-04-07T03:54:12.109+0000] {logging_mixin.py:188} INFO - [2026-04-07T03:54:12.109+0000] {dag.py:3954} INFO - Setting next_dagrun for etl_single_dag to 2026-04-07 00:00:00+00:00, run_after=2026-04-08 00:00:00+00:00
[2026-04-07T03:54:12.114+0000] {processor.py:183} INFO - Processing /opt/airflow/dags/article wrtier.py took 0.174 seconds
[2026-04-07T03:54:42.362+0000] {processor.py:161} INFO - Started process (PID=521) to work on /opt/airflow/dags/article wrtier.py
[2026-04-07T03:54:42.363+0000] {processor.py:830} INFO - Processing file /opt/airflow/dags/article wrtier.py for tasks to queue
[2026-04-07T03:54:42.363+0000] {logging_mixin.py:188} INFO - [2026-04-07T03:54:42.363+0000] {dagbag.py:545} INFO - Filling up the DagBag from /opt/airflow/dags/article wrtier.py
[2026-04-07T03:54:42.507+0000] {processor.py:840} INFO - DAG(s) 'etl_single_dag' retrieved from /opt/airflow/dags/article wrtier.py
[2026-04-07T03:54:42.516+0000] {logging_mixin.py:188} INFO - [2026-04-07T03:54:42.516+0000] {dag.py:3096} INFO - Sync 1 DAGs
[2026-04-07T03:54:42.523+0000] {logging_mixin.py:188} INFO - [2026-04-07T03:54:42.523+0000] {dag.py:3954} INFO - Setting next_dagrun for etl_single_dag to 2026-04-07 00:00:00+00:00, run_after=2026-04-08 00:00:00+00:00
[2026-04-07T03:54:42.527+0000] {processor.py:183} INFO - Processing /opt/airflow/dags/article wrtier.py took 0.171 seconds
[2026-04-07T03:55:12.627+0000] {processor.py:161} INFO - Started process (PID=526) to work on /opt/airflow/dags/article wrtier.py
[2026-04-07T03:55:12.627+0000] {processor.py:830} INFO - Processing file /opt/airflow/dags/article wrtier.py for tasks to queue
[2026-04-07T03:55:12.628+0000] {logging_mixin.py:188} INFO - [2026-04-07T03:55:12.628+0000] {dagbag.py:545} INFO - Filling up the DagBag from /opt/airflow/dags/article wrtier.py
[2026-04-07T03:55:12.776+0000] {processor.py:840} INFO - DAG(s) 'etl_single_dag' retrieved from /opt/airflow/dags/article wrtier.py
[2026-04-07T03:55:12.785+0000] {logging_mixin.py:188} INFO - [2026-04-07T03:55:12.785+0000] {dag.py:3096} INFO - Sync 1 DAGs
[2026-04-07T03:55:12.792+0000] {logging_mixin.py:188} INFO - [2026-04-07T03:55:12.791+0000] {dag.py:3954} INFO - Setting next_dagrun for etl_single_dag to 2026-04-07 00:00:00+00:00, run_after=2026-04-08 00:00:00+00:00
[2026-04-07T03:55:12.796+0000] {processor.py:183} INFO - Processing /opt/airflow/dags/article wrtier.py took 0.174 seconds
[2026-04-07T03:55:42.983+0000] {processor.py:161} INFO - Started process (PID=531) to work on /opt/airflow/dags/article wrtier.py
[2026-04-07T03:55:42.984+0000] {processor.py:830} INFO - Processing file /opt/airflow/dags/article wrtier.py for tasks to queue
[2026-04-07T03:55:42.985+0000] {logging_mixin.py:188} INFO - [2026-04-07T03:55:42.985+0000] {dagbag.py:545} INFO - Filling up the DagBag from /opt/airflow/dags/article wrtier.py
[2026-04-07T03:55:43.127+0000] {processor.py:840} INFO - DAG(s) 'etl_single_dag' retrieved from /opt/airflow/dags/article wrtier.py
[2026-04-07T03:55:43.136+0000] {logging_mixin.py:188} INFO - [2026-04-07T03:55:43.136+0000] {dag.py:3096} INFO - Sync 1 DAGs
[2026-04-07T03:55:43.142+0000] {logging_mixin.py:188} INFO - [2026-04-07T03:55:43.142+0000] {dag.py:3954} INFO - Setting next_dagrun for etl_single_dag to 2026-04-07 00:00:00+00:00, run_after=2026-04-08 00:00:00+00:00
[2026-04-07T03:55:43.147+0000] {processor.py:183} INFO - Processing /opt/airflow/dags/article wrtier.py took 0.169 seconds
[2026-04-07T03:56:13.260+0000] {processor.py:161} INFO - Started process (PID=536) to work on /opt/airflow/dags/article wrtier.py
[2026-04-07T03:56:13.261+0000] {processor.py:830} INFO - Processing file /opt/airflow/dags/article wrtier.py for tasks to queue
[2026-04-07T03:56:13.262+0000] {logging_mixin.py:188} INFO - [2026-04-07T03:56:13.262+0000] {dagbag.py:545} INFO - Filling up the DagBag from /opt/airflow/dags/article wrtier.py
[2026-04-07T03:56:13.405+0000] {processor.py:840} INFO - DAG(s) 'etl_single_dag' retrieved from /opt/airflow/dags/article wrtier.py
[2026-04-07T03:56:13.414+0000] {logging_mixin.py:188} INFO - [2026-04-07T03:56:13.414+0000] {dag.py:3096} INFO - Sync 1 DAGs
[2026-04-07T03:56:13.420+0000] {logging_mixin.py:188} INFO - [2026-04-07T03:56:13.420+0000] {dag.py:3954} INFO - Setting next_dagrun for etl_single_dag to 2026-04-07 00:00:00+00:00, run_after=2026-04-08 00:00:00+00:00
[2026-04-07T03:56:13.425+0000] {processor.py:183} INFO - Processing /opt/airflow/dags/article wrtier.py took 0.169 seconds
[2026-04-07T03:56:43.641+0000] {processor.py:161} INFO - Started process (PID=541) to work on /opt/airflow/dags/article wrtier.py
[2026-04-07T03:56:43.642+0000] {processor.py:830} INFO - Processing file /opt/airflow/dags/article wrtier.py for tasks to queue
[2026-04-07T03:56:43.642+0000] {logging_mixin.py:188} INFO - [2026-04-07T03:56:43.642+0000] {dagbag.py:545} INFO - Filling up the DagBag from /opt/airflow/dags/article wrtier.py
[2026-04-07T03:56:43.775+0000] {processor.py:840} INFO - DAG(s) 'etl_single_dag' retrieved from /opt/airflow/dags/article wrtier.py
[2026-04-07T03:56:43.784+0000] {logging_mixin.py:188} INFO - [2026-04-07T03:56:43.784+0000] {dag.py:3096} INFO - Sync 1 DAGs
[2026-04-07T03:56:43.790+0000] {logging_mixin.py:188} INFO - [2026-04-07T03:56:43.790+0000] {dag.py:3954} INFO - Setting next_dagrun for etl_single_dag to 2026-04-07 00:00:00+00:00, run_after=2026-04-08 00:00:00+00:00
[2026-04-07T03:56:43.795+0000] {processor.py:183} INFO - Processing /opt/airflow/dags/article wrtier.py took 0.156 seconds
[2026-04-07T03:57:13.943+0000] {processor.py:161} INFO - Started process (PID=546) to work on /opt/airflow/dags/article wrtier.py
[2026-04-07T03:57:13.944+0000] {processor.py:830} INFO - Processing file /opt/airflow/dags/article wrtier.py for tasks to queue
[2026-04-07T03:57:13.945+0000] {logging_mixin.py:188} INFO - [2026-04-07T03:57:13.944+0000] {dagbag.py:545} INFO - Filling up the DagBag from /opt/airflow/dags/article wrtier.py
[2026-04-07T03:57:14.095+0000] {processor.py:840} INFO - DAG(s) 'etl_single_dag' retrieved from /opt/airflow/dags/article wrtier.py
[2026-04-07T03:57:14.105+0000] {logging_mixin.py:188} INFO - [2026-04-07T03:57:14.105+0000] {dag.py:3096} INFO - Sync 1 DAGs
[2026-04-07T03:57:14.111+0000] {logging_mixin.py:188} INFO - [2026-04-07T03:57:14.111+0000] {dag.py:3954} INFO - Setting next_dagrun for etl_single_dag to 2026-04-07 00:00:00+00:00, run_after=2026-04-08 00:00:00+00:00
[2026-04-07T03:57:14.117+0000] {processor.py:183} INFO - Processing /opt/airflow/dags/article wrtier.py took 0.180 seconds
[2026-04-07T03:57:44.286+0000] {processor.py:161} INFO - Started process (PID=551) to work on /opt/airflow/dags/article wrtier.py
[2026-04-07T03:57:44.287+0000] {processor.py:830} INFO - Processing file /opt/airflow/dags/article wrtier.py for tasks to queue
[2026-04-07T03:57:44.287+0000] {logging_mixin.py:188} INFO - [2026-04-07T03:57:44.287+0000] {dagbag.py:545} INFO - Filling up the DagBag from /opt/airflow/dags/article wrtier.py
[2026-04-07T03:57:44.434+0000] {processor.py:840} INFO - DAG(s) 'etl_single_dag' retrieved from /opt/airflow/dags/article wrtier.py
[2026-04-07T03:57:44.443+0000] {logging_mixin.py:188} INFO - [2026-04-07T03:57:44.443+0000] {dag.py:3096} INFO - Sync 1 DAGs
[2026-04-07T03:57:44.449+0000] {logging_mixin.py:188} INFO - [2026-04-07T03:57:44.449+0000] {dag.py:3954} INFO - Setting next_dagrun for etl_single_dag to 2026-04-07 00:00:00+00:00, run_after=2026-04-08 00:00:00+00:00
[2026-04-07T03:57:44.454+0000] {processor.py:183} INFO - Processing /opt/airflow/dags/article wrtier.py took 0.175 seconds
[2026-04-07T03:58:12.623+0000] {processor.py:161} INFO - Started process (PID=556) to work on /opt/airflow/dags/article wrtier.py
[2026-04-07T03:58:12.624+0000] {processor.py:830} INFO - Processing file /opt/airflow/dags/article wrtier.py for tasks to queue
[2026-04-07T03:58:12.624+0000] {logging_mixin.py:188} INFO - [2026-04-07T03:58:12.624+0000] {dagbag.py:545} INFO - Filling up the DagBag from /opt/airflow/dags/article wrtier.py
[2026-04-07T03:58:12.770+0000] {processor.py:840} INFO - DAG(s) 'etl_single_dag' retrieved from /opt/airflow/dags/article wrtier.py
[2026-04-07T03:58:12.799+0000] {logging_mixin.py:188} INFO - [2026-04-07T03:58:12.799+0000] {dag.py:3096} INFO - Sync 1 DAGs
[2026-04-07T03:58:12.861+0000] {logging_mixin.py:188} INFO - [2026-04-07T03:58:12.861+0000] {dag.py:3954} INFO - Setting next_dagrun for etl_single_dag to 2026-04-07 00:00:00+00:00, run_after=2026-04-08 00:00:00+00:00
[2026-04-07T03:58:12.867+0000] {processor.py:183} INFO - Processing /opt/airflow/dags/article wrtier.py took 0.249 seconds
[2026-04-07T03:58:42.928+0000] {processor.py:161} INFO - Started process (PID=561) to work on /opt/airflow/dags/article wrtier.py
[2026-04-07T03:58:42.929+0000] {processor.py:830} INFO - Processing file /opt/airflow/dags/article wrtier.py for tasks to queue
[2026-04-07T03:58:42.930+0000] {logging_mixin.py:188} INFO - [2026-04-07T03:58:42.929+0000] {dagbag.py:545} INFO - Filling up the DagBag from /opt/airflow/dags/article wrtier.py
[2026-04-07T03:58:43.073+0000] {processor.py:840} INFO - DAG(s) 'etl_single_dag' retrieved from /opt/airflow/dags/article wrtier.py
[2026-04-07T03:58:43.083+0000] {logging_mixin.py:188} INFO - [2026-04-07T03:58:43.082+0000] {dag.py:3096} INFO - Sync 1 DAGs
[2026-04-07T03:58:43.089+0000] {logging_mixin.py:188} INFO - [2026-04-07T03:58:43.089+0000] {dag.py:3954} INFO - Setting next_dagrun for etl_single_dag to 2026-04-07 00:00:00+00:00, run_after=2026-04-08 00:00:00+00:00
[2026-04-07T03:58:43.093+0000] {processor.py:183} INFO - Processing /opt/airflow/dags/article wrtier.py took 0.171 seconds
[2026-04-07T03:59:13.241+0000] {processor.py:161} INFO - Started process (PID=566) to work on /opt/airflow/dags/article wrtier.py
[2026-04-07T03:59:13.242+0000] {processor.py:830} INFO - Processing file /opt/airflow/dags/article wrtier.py for tasks to queue
[2026-04-07T03:59:13.243+0000] {logging_mixin.py:188} INFO - [2026-04-07T03:59:13.243+0000] {dagbag.py:545} INFO - Filling up the DagBag from /opt/airflow/dags/article wrtier.py
[2026-04-07T03:59:13.388+0000] {processor.py:840} INFO - DAG(s) 'etl_single_dag' retrieved from /opt/airflow/dags/article wrtier.py
[2026-04-07T03:59:13.397+0000] {logging_mixin.py:188} INFO - [2026-04-07T03:59:13.397+0000] {dag.py:3096} INFO - Sync 1 DAGs
[2026-04-07T03:59:13.403+0000] {logging_mixin.py:188} INFO - [2026-04-07T03:59:13.403+0000] {dag.py:3954} INFO - Setting next_dagrun for etl_single_dag to 2026-04-07 00:00:00+00:00, run_after=2026-04-08 00:00:00+00:00
[2026-04-07T03:59:13.408+0000] {processor.py:183} INFO - Processing /opt/airflow/dags/article wrtier.py took 0.173 seconds
[2026-04-07T03:59:43.615+0000] {processor.py:161} INFO - Started process (PID=571) to work on /opt/airflow/dags/article wrtier.py
[2026-04-07T03:59:43.616+0000] {processor.py:830} INFO - Processing file /opt/airflow/dags/article wrtier.py for tasks to queue
[2026-04-07T03:59:43.617+0000] {logging_mixin.py:188} INFO - [2026-04-07T03:59:43.617+0000] {dagbag.py:545} INFO - Filling up the DagBag from /opt/airflow/dags/article wrtier.py
[2026-04-07T03:59:43.756+0000] {processor.py:840} INFO - DAG(s) 'etl_single_dag' retrieved from /opt/airflow/dags/article wrtier.py
[2026-04-07T03:59:43.765+0000] {logging_mixin.py:188} INFO - [2026-04-07T03:59:43.765+0000] {dag.py:3096} INFO - Sync 1 DAGs
[2026-04-07T03:59:43.771+0000] {logging_mixin.py:188} INFO - [2026-04-07T03:59:43.771+0000] {dag.py:3954} INFO - Setting next_dagrun for etl_single_dag to 2026-04-07 00:00:00+00:00, run_after=2026-04-08 00:00:00+00:00
[2026-04-07T03:59:43.776+0000] {processor.py:183} INFO - Processing /opt/airflow/dags/article wrtier.py took 0.164 seconds
[2026-04-07T04:00:13.905+0000] {processor.py:161} INFO - Started process (PID=576) to work on /opt/airflow/dags/article wrtier.py
[2026-04-07T04:00:13.906+0000] {processor.py:830} INFO - Processing file /opt/airflow/dags/article wrtier.py for tasks to queue
[2026-04-07T04:00:13.907+0000] {logging_mixin.py:188} INFO - [2026-04-07T04:00:13.906+0000] {dagbag.py:545} INFO - Filling up the DagBag from /opt/airflow/dags/article wrtier.py
[2026-04-07T04:00:14.047+0000] {processor.py:840} INFO - DAG(s) 'etl_single_dag' retrieved from /opt/airflow/dags/article wrtier.py
[2026-04-07T04:00:14.056+0000] {logging_mixin.py:188} INFO - [2026-04-07T04:00:14.056+0000] {dag.py:3096} INFO - Sync 1 DAGs
[2026-04-07T04:00:14.113+0000] {logging_mixin.py:188} INFO - [2026-04-07T04:00:14.113+0000] {dag.py:3954} INFO - Setting next_dagrun for etl_single_dag to 2026-04-07 00:00:00+00:00, run_after=2026-04-08 00:00:00+00:00
[2026-04-07T04:00:14.118+0000] {processor.py:183} INFO - Processing /opt/airflow/dags/article wrtier.py took 0.217 seconds
[2026-04-07T04:00:44.335+0000] {processor.py:161} INFO - Started process (PID=581) to work on /opt/airflow/dags/article wrtier.py
[2026-04-07T04:00:44.336+0000] {processor.py:830} INFO - Processing file /opt/airflow/dags/article wrtier.py for tasks to queue
[2026-04-07T04:00:44.337+0000] {logging_mixin.py:188} INFO - [2026-04-07T04:00:44.336+0000] {dagbag.py:545} INFO - Filling up the DagBag from /opt/airflow/dags/article wrtier.py
[2026-04-07T04:00:44.480+0000] {processor.py:840} INFO - DAG(s) 'etl_single_dag' retrieved from /opt/airflow/dags/article wrtier.py
[2026-04-07T04:00:44.490+0000] {logging_mixin.py:188} INFO - [2026-04-07T04:00:44.490+0000] {dag.py:3096} INFO - Sync 1 DAGs
[2026-04-07T04:00:44.496+0000] {logging_mixin.py:188} INFO - [2026-04-07T04:00:44.496+0000] {dag.py:3954} INFO - Setting next_dagrun for etl_single_dag to 2026-04-07 00:00:00+00:00, run_after=2026-04-08 00:00:00+00:00
[2026-04-07T04:00:44.500+0000] {processor.py:183} INFO - Processing /opt/airflow/dags/article wrtier.py took 0.171 seconds
[2026-04-07T04:01:14.620+0000] {processor.py:161} INFO - Started process (PID=586) to work on /opt/airflow/dags/article wrtier.py
[2026-04-07T04:01:14.620+0000] {processor.py:830} INFO - Processing file /opt/airflow/dags/article wrtier.py for tasks to queue
[2026-04-07T04:01:14.621+0000] {logging_mixin.py:188} INFO - [2026-04-07T04:01:14.621+0000] {dagbag.py:545} INFO - Filling up the DagBag from /opt/airflow/dags/article wrtier.py
[2026-04-07T04:01:14.768+0000] {processor.py:840} INFO - DAG(s) 'etl_single_dag' retrieved from /opt/airflow/dags/article wrtier.py
[2026-04-07T04:01:14.777+0000] {logging_mixin.py:188} INFO - [2026-04-07T04:01:14.777+0000] {dag.py:3096} INFO - Sync 1 DAGs
[2026-04-07T04:01:14.783+0000] {logging_mixin.py:188} INFO - [2026-04-07T04:01:14.783+0000] {dag.py:3954} INFO - Setting next_dagrun for etl_single_dag to 2026-04-07 00:00:00+00:00, run_after=2026-04-08 00:00:00+00:00
[2026-04-07T04:01:14.788+0000] {processor.py:183} INFO - Processing /opt/airflow/dags/article wrtier.py took 0.174 seconds
[2026-04-07T04:01:44.990+0000] {processor.py:161} INFO - Started process (PID=591) to work on /opt/airflow/dags/article wrtier.py
[2026-04-07T04:01:44.991+0000] {processor.py:830} INFO - Processing file /opt/airflow/dags/article wrtier.py for tasks to queue
[2026-04-07T04:01:44.992+0000] {logging_mixin.py:188} INFO - [2026-04-07T04:01:44.991+0000] {dagbag.py:545} INFO - Filling up the DagBag from /opt/airflow/dags/article wrtier.py
[2026-04-07T04:01:45.132+0000] {processor.py:840} INFO - DAG(s) 'etl_single_dag' retrieved from /opt/airflow/dags/article wrtier.py
[2026-04-07T04:01:45.141+0000] {logging_mixin.py:188} INFO - [2026-04-07T04:01:45.141+0000] {dag.py:3096} INFO - Sync 1 DAGs
[2026-04-07T04:01:45.147+0000] {logging_mixin.py:188} INFO - [2026-04-07T04:01:45.147+0000] {dag.py:3954} INFO - Setting next_dagrun for etl_single_dag to 2026-04-07 00:00:00+00:00, run_after=2026-04-08 00:00:00+00:00
[2026-04-07T04:01:45.152+0000] {processor.py:183} INFO - Processing /opt/airflow/dags/article wrtier.py took 0.167 seconds
[2026-04-07T04:02:15.342+0000] {processor.py:161} INFO - Started process (PID=596) to work on /opt/airflow/dags/article wrtier.py
[2026-04-07T04:02:15.343+0000] {processor.py:830} INFO - Processing file /opt/airflow/dags/article wrtier.py for tasks to queue
[2026-04-07T04:02:15.344+0000] {logging_mixin.py:188} INFO - [2026-04-07T04:02:15.343+0000] {dagbag.py:545} INFO - Filling up the DagBag from /opt/airflow/dags/article wrtier.py
[2026-04-07T04:02:15.489+0000] {processor.py:840} INFO - DAG(s) 'etl_single_dag' retrieved from /opt/airflow/dags/article wrtier.py
[2026-04-07T04:02:15.498+0000] {logging_mixin.py:188} INFO - [2026-04-07T04:02:15.498+0000] {dag.py:3096} INFO - Sync 1 DAGs
[2026-04-07T04:02:15.556+0000] {logging_mixin.py:188} INFO - [2026-04-07T04:02:15.556+0000] {dag.py:3954} INFO - Setting next_dagrun for etl_single_dag to 2026-04-07 00:00:00+00:00, run_after=2026-04-08 00:00:00+00:00
[2026-04-07T04:02:15.561+0000] {processor.py:183} INFO - Processing /opt/airflow/dags/article wrtier.py took 0.225 seconds
