[2026-04-07T03:32:08.941+0000] {processor.py:161} INFO - Started process (PID=168) to work on /opt/airflow/dags/etl.py
[2026-04-07T03:32:08.942+0000] {processor.py:830} INFO - Processing file /opt/airflow/dags/etl.py for tasks to queue
[2026-04-07T03:32:08.944+0000] {logging_mixin.py:188} INFO - [2026-04-07T03:32:08.944+0000] {dagbag.py:545} INFO - Filling up the DagBag from /opt/airflow/dags/etl.py
[2026-04-07T03:32:09.715+0000] {processor.py:840} INFO - DAG(s) 'extraction_writer' retrieved from /opt/airflow/dags/etl.py
[2026-04-07T03:32:09.744+0000] {logging_mixin.py:188} INFO - [2026-04-07T03:32:09.744+0000] {dag.py:3096} INFO - Sync 1 DAGs
[2026-04-07T03:32:09.767+0000] {logging_mixin.py:188} INFO - [2026-04-07T03:32:09.767+0000] {dag.py:3954} INFO - Setting next_dagrun for extraction_writer to 2026-04-05 00:00:00+00:00, run_after=2026-04-12 00:00:00+00:00
[2026-04-07T03:32:09.787+0000] {processor.py:183} INFO - Processing /opt/airflow/dags/etl.py took 0.851 seconds
[2026-04-07T03:32:40.040+0000] {processor.py:161} INFO - Started process (PID=182) to work on /opt/airflow/dags/etl.py
[2026-04-07T03:32:40.040+0000] {processor.py:830} INFO - Processing file /opt/airflow/dags/etl.py for tasks to queue
[2026-04-07T03:32:40.042+0000] {logging_mixin.py:188} INFO - [2026-04-07T03:32:40.042+0000] {dagbag.py:545} INFO - Filling up the DagBag from /opt/airflow/dags/etl.py
[2026-04-07T03:32:40.240+0000] {processor.py:840} INFO - DAG(s) 'extraction_writer' retrieved from /opt/airflow/dags/etl.py
[2026-04-07T03:32:40.249+0000] {logging_mixin.py:188} INFO - [2026-04-07T03:32:40.248+0000] {dag.py:3096} INFO - Sync 1 DAGs
[2026-04-07T03:32:40.255+0000] {logging_mixin.py:188} INFO - [2026-04-07T03:32:40.254+0000] {dag.py:3954} INFO - Setting next_dagrun for extraction_writer to 2026-04-05 00:00:00+00:00, run_after=2026-04-12 00:00:00+00:00
[2026-04-07T03:32:40.259+0000] {processor.py:183} INFO - Processing /opt/airflow/dags/etl.py took 0.223 seconds
[2026-04-07T03:33:10.561+0000] {processor.py:161} INFO - Started process (PID=192) to work on /opt/airflow/dags/etl.py
[2026-04-07T03:33:10.561+0000] {processor.py:830} INFO - Processing file /opt/airflow/dags/etl.py for tasks to queue
[2026-04-07T03:33:10.562+0000] {logging_mixin.py:188} INFO - [2026-04-07T03:33:10.562+0000] {dagbag.py:545} INFO - Filling up the DagBag from /opt/airflow/dags/etl.py
[2026-04-07T03:33:10.771+0000] {processor.py:840} INFO - DAG(s) 'extraction_writer' retrieved from /opt/airflow/dags/etl.py
[2026-04-07T03:33:10.779+0000] {logging_mixin.py:188} INFO - [2026-04-07T03:33:10.779+0000] {dag.py:3096} INFO - Sync 1 DAGs
[2026-04-07T03:33:10.785+0000] {logging_mixin.py:188} INFO - [2026-04-07T03:33:10.785+0000] {dag.py:3954} INFO - Setting next_dagrun for extraction_writer to 2026-04-05 00:00:00+00:00, run_after=2026-04-12 00:00:00+00:00
[2026-04-07T03:33:10.789+0000] {processor.py:183} INFO - Processing /opt/airflow/dags/etl.py took 0.232 seconds
[2026-04-07T03:33:41.098+0000] {processor.py:161} INFO - Started process (PID=202) to work on /opt/airflow/dags/etl.py
[2026-04-07T03:33:41.100+0000] {processor.py:830} INFO - Processing file /opt/airflow/dags/etl.py for tasks to queue
[2026-04-07T03:33:41.101+0000] {logging_mixin.py:188} INFO - [2026-04-07T03:33:41.101+0000] {dagbag.py:545} INFO - Filling up the DagBag from /opt/airflow/dags/etl.py
[2026-04-07T03:33:41.300+0000] {processor.py:840} INFO - DAG(s) 'extraction_writer' retrieved from /opt/airflow/dags/etl.py
[2026-04-07T03:33:41.310+0000] {logging_mixin.py:188} INFO - [2026-04-07T03:33:41.309+0000] {dag.py:3096} INFO - Sync 1 DAGs
[2026-04-07T03:33:41.319+0000] {logging_mixin.py:188} INFO - [2026-04-07T03:33:41.319+0000] {dag.py:3954} INFO - Setting next_dagrun for extraction_writer to 2026-04-05 00:00:00+00:00, run_after=2026-04-12 00:00:00+00:00
[2026-04-07T03:33:41.324+0000] {processor.py:183} INFO - Processing /opt/airflow/dags/etl.py took 0.230 seconds
[2026-04-07T03:34:11.630+0000] {processor.py:161} INFO - Started process (PID=212) to work on /opt/airflow/dags/etl.py
[2026-04-07T03:34:11.631+0000] {processor.py:830} INFO - Processing file /opt/airflow/dags/etl.py for tasks to queue
[2026-04-07T03:34:11.633+0000] {logging_mixin.py:188} INFO - [2026-04-07T03:34:11.633+0000] {dagbag.py:545} INFO - Filling up the DagBag from /opt/airflow/dags/etl.py
[2026-04-07T03:34:11.847+0000] {processor.py:840} INFO - DAG(s) 'extraction_writer' retrieved from /opt/airflow/dags/etl.py
[2026-04-07T03:34:11.857+0000] {logging_mixin.py:188} INFO - [2026-04-07T03:34:11.857+0000] {dag.py:3096} INFO - Sync 1 DAGs
[2026-04-07T03:34:11.865+0000] {logging_mixin.py:188} INFO - [2026-04-07T03:34:11.865+0000] {dag.py:3954} INFO - Setting next_dagrun for extraction_writer to 2026-04-05 00:00:00+00:00, run_after=2026-04-12 00:00:00+00:00
[2026-04-07T03:34:11.869+0000] {processor.py:183} INFO - Processing /opt/airflow/dags/etl.py took 0.244 seconds
[2026-04-07T03:34:42.131+0000] {processor.py:161} INFO - Started process (PID=228) to work on /opt/airflow/dags/etl.py
[2026-04-07T03:34:42.132+0000] {processor.py:830} INFO - Processing file /opt/airflow/dags/etl.py for tasks to queue
[2026-04-07T03:34:42.133+0000] {logging_mixin.py:188} INFO - [2026-04-07T03:34:42.133+0000] {dagbag.py:545} INFO - Filling up the DagBag from /opt/airflow/dags/etl.py
[2026-04-07T03:34:42.318+0000] {processor.py:840} INFO - DAG(s) 'extraction_writer' retrieved from /opt/airflow/dags/etl.py
[2026-04-07T03:34:42.326+0000] {logging_mixin.py:188} INFO - [2026-04-07T03:34:42.326+0000] {dag.py:3096} INFO - Sync 1 DAGs
[2026-04-07T03:34:42.332+0000] {logging_mixin.py:188} INFO - [2026-04-07T03:34:42.331+0000] {dag.py:3954} INFO - Setting next_dagrun for extraction_writer to 2026-04-05 00:00:00+00:00, run_after=2026-04-12 00:00:00+00:00
[2026-04-07T03:34:42.336+0000] {processor.py:183} INFO - Processing /opt/airflow/dags/etl.py took 0.211 seconds
[2026-04-07T03:35:12.647+0000] {processor.py:161} INFO - Started process (PID=238) to work on /opt/airflow/dags/etl.py
[2026-04-07T03:35:12.648+0000] {processor.py:830} INFO - Processing file /opt/airflow/dags/etl.py for tasks to queue
[2026-04-07T03:35:12.649+0000] {logging_mixin.py:188} INFO - [2026-04-07T03:35:12.649+0000] {dagbag.py:545} INFO - Filling up the DagBag from /opt/airflow/dags/etl.py
[2026-04-07T03:35:12.854+0000] {processor.py:840} INFO - DAG(s) 'extraction_writer' retrieved from /opt/airflow/dags/etl.py
[2026-04-07T03:35:12.861+0000] {logging_mixin.py:188} INFO - [2026-04-07T03:35:12.861+0000] {dag.py:3096} INFO - Sync 1 DAGs
[2026-04-07T03:35:12.866+0000] {logging_mixin.py:188} INFO - [2026-04-07T03:35:12.866+0000] {dag.py:3954} INFO - Setting next_dagrun for extraction_writer to 2026-04-05 00:00:00+00:00, run_after=2026-04-12 00:00:00+00:00
[2026-04-07T03:35:12.871+0000] {processor.py:183} INFO - Processing /opt/airflow/dags/etl.py took 0.229 seconds
[2026-04-07T03:35:43.144+0000] {processor.py:161} INFO - Started process (PID=248) to work on /opt/airflow/dags/etl.py
[2026-04-07T03:35:43.144+0000] {processor.py:830} INFO - Processing file /opt/airflow/dags/etl.py for tasks to queue
[2026-04-07T03:35:43.145+0000] {logging_mixin.py:188} INFO - [2026-04-07T03:35:43.145+0000] {dagbag.py:545} INFO - Filling up the DagBag from /opt/airflow/dags/etl.py
[2026-04-07T03:35:43.334+0000] {processor.py:840} INFO - DAG(s) 'extraction_writer' retrieved from /opt/airflow/dags/etl.py
[2026-04-07T03:35:43.341+0000] {logging_mixin.py:188} INFO - [2026-04-07T03:35:43.341+0000] {dag.py:3096} INFO - Sync 1 DAGs
[2026-04-07T03:35:43.347+0000] {logging_mixin.py:188} INFO - [2026-04-07T03:35:43.347+0000] {dag.py:3954} INFO - Setting next_dagrun for extraction_writer to 2026-04-05 00:00:00+00:00, run_after=2026-04-12 00:00:00+00:00
[2026-04-07T03:35:43.352+0000] {processor.py:183} INFO - Processing /opt/airflow/dags/etl.py took 0.211 seconds
[2026-04-07T03:36:13.641+0000] {processor.py:161} INFO - Started process (PID=258) to work on /opt/airflow/dags/etl.py
[2026-04-07T03:36:13.642+0000] {processor.py:830} INFO - Processing file /opt/airflow/dags/etl.py for tasks to queue
[2026-04-07T03:36:13.643+0000] {logging_mixin.py:188} INFO - [2026-04-07T03:36:13.643+0000] {dagbag.py:545} INFO - Filling up the DagBag from /opt/airflow/dags/etl.py
[2026-04-07T03:36:13.787+0000] {processor.py:840} INFO - DAG(s) 'extraction_writer' retrieved from /opt/airflow/dags/etl.py
[2026-04-07T03:36:13.795+0000] {logging_mixin.py:188} INFO - [2026-04-07T03:36:13.795+0000] {dag.py:3096} INFO - Sync 1 DAGs
[2026-04-07T03:36:13.802+0000] {logging_mixin.py:188} INFO - [2026-04-07T03:36:13.802+0000] {dag.py:3954} INFO - Setting next_dagrun for extraction_writer to 2026-04-05 00:00:00+00:00, run_after=2026-04-12 00:00:00+00:00
[2026-04-07T03:36:13.807+0000] {processor.py:183} INFO - Processing /opt/airflow/dags/etl.py took 0.172 seconds
[2026-04-07T03:36:44.044+0000] {processor.py:161} INFO - Started process (PID=268) to work on /opt/airflow/dags/etl.py
[2026-04-07T03:36:44.045+0000] {processor.py:830} INFO - Processing file /opt/airflow/dags/etl.py for tasks to queue
[2026-04-07T03:36:44.046+0000] {logging_mixin.py:188} INFO - [2026-04-07T03:36:44.046+0000] {dagbag.py:545} INFO - Filling up the DagBag from /opt/airflow/dags/etl.py
[2026-04-07T03:36:44.189+0000] {processor.py:840} INFO - DAG(s) 'extraction_writer' retrieved from /opt/airflow/dags/etl.py
[2026-04-07T03:36:44.198+0000] {logging_mixin.py:188} INFO - [2026-04-07T03:36:44.198+0000] {dag.py:3096} INFO - Sync 1 DAGs
[2026-04-07T03:36:44.204+0000] {logging_mixin.py:188} INFO - [2026-04-07T03:36:44.204+0000] {dag.py:3954} INFO - Setting next_dagrun for extraction_writer to 2026-04-05 00:00:00+00:00, run_after=2026-04-12 00:00:00+00:00
[2026-04-07T03:36:44.209+0000] {processor.py:183} INFO - Processing /opt/airflow/dags/etl.py took 0.169 seconds
[2026-04-07T03:37:14.497+0000] {processor.py:161} INFO - Started process (PID=278) to work on /opt/airflow/dags/etl.py
[2026-04-07T03:37:14.498+0000] {processor.py:830} INFO - Processing file /opt/airflow/dags/etl.py for tasks to queue
[2026-04-07T03:37:14.499+0000] {logging_mixin.py:188} INFO - [2026-04-07T03:37:14.499+0000] {dagbag.py:545} INFO - Filling up the DagBag from /opt/airflow/dags/etl.py
[2026-04-07T03:37:14.643+0000] {processor.py:840} INFO - DAG(s) 'extraction_writer' retrieved from /opt/airflow/dags/etl.py
[2026-04-07T03:37:14.652+0000] {logging_mixin.py:188} INFO - [2026-04-07T03:37:14.652+0000] {dag.py:3096} INFO - Sync 1 DAGs
[2026-04-07T03:37:14.658+0000] {logging_mixin.py:188} INFO - [2026-04-07T03:37:14.658+0000] {dag.py:3954} INFO - Setting next_dagrun for extraction_writer to 2026-04-05 00:00:00+00:00, run_after=2026-04-12 00:00:00+00:00
[2026-04-07T03:37:14.663+0000] {processor.py:183} INFO - Processing /opt/airflow/dags/etl.py took 0.172 seconds
[2026-04-07T03:37:44.919+0000] {processor.py:161} INFO - Started process (PID=288) to work on /opt/airflow/dags/etl.py
[2026-04-07T03:37:44.920+0000] {processor.py:830} INFO - Processing file /opt/airflow/dags/etl.py for tasks to queue
[2026-04-07T03:37:44.921+0000] {logging_mixin.py:188} INFO - [2026-04-07T03:37:44.921+0000] {dagbag.py:545} INFO - Filling up the DagBag from /opt/airflow/dags/etl.py
[2026-04-07T03:37:45.067+0000] {processor.py:840} INFO - DAG(s) 'extraction_writer' retrieved from /opt/airflow/dags/etl.py
[2026-04-07T03:37:45.075+0000] {logging_mixin.py:188} INFO - [2026-04-07T03:37:45.075+0000] {dag.py:3096} INFO - Sync 1 DAGs
[2026-04-07T03:37:45.081+0000] {logging_mixin.py:188} INFO - [2026-04-07T03:37:45.081+0000] {dag.py:3954} INFO - Setting next_dagrun for extraction_writer to 2026-04-05 00:00:00+00:00, run_after=2026-04-12 00:00:00+00:00
[2026-04-07T03:37:45.086+0000] {processor.py:183} INFO - Processing /opt/airflow/dags/etl.py took 0.173 seconds
[2026-04-07T03:38:15.326+0000] {processor.py:161} INFO - Started process (PID=298) to work on /opt/airflow/dags/etl.py
[2026-04-07T03:38:15.327+0000] {processor.py:830} INFO - Processing file /opt/airflow/dags/etl.py for tasks to queue
[2026-04-07T03:38:15.328+0000] {logging_mixin.py:188} INFO - [2026-04-07T03:38:15.328+0000] {dagbag.py:545} INFO - Filling up the DagBag from /opt/airflow/dags/etl.py
[2026-04-07T03:38:15.471+0000] {processor.py:840} INFO - DAG(s) 'extraction_writer' retrieved from /opt/airflow/dags/etl.py
[2026-04-07T03:38:15.480+0000] {logging_mixin.py:188} INFO - [2026-04-07T03:38:15.480+0000] {dag.py:3096} INFO - Sync 1 DAGs
[2026-04-07T03:38:15.486+0000] {logging_mixin.py:188} INFO - [2026-04-07T03:38:15.486+0000] {dag.py:3954} INFO - Setting next_dagrun for extraction_writer to 2026-04-05 00:00:00+00:00, run_after=2026-04-12 00:00:00+00:00
[2026-04-07T03:38:15.491+0000] {processor.py:183} INFO - Processing /opt/airflow/dags/etl.py took 0.171 seconds
[2026-04-07T03:38:45.764+0000] {processor.py:161} INFO - Started process (PID=308) to work on /opt/airflow/dags/etl.py
[2026-04-07T03:38:45.765+0000] {processor.py:830} INFO - Processing file /opt/airflow/dags/etl.py for tasks to queue
[2026-04-07T03:38:45.766+0000] {logging_mixin.py:188} INFO - [2026-04-07T03:38:45.766+0000] {dagbag.py:545} INFO - Filling up the DagBag from /opt/airflow/dags/etl.py
[2026-04-07T03:38:45.904+0000] {processor.py:840} INFO - DAG(s) 'extraction_writer' retrieved from /opt/airflow/dags/etl.py
[2026-04-07T03:38:45.913+0000] {logging_mixin.py:188} INFO - [2026-04-07T03:38:45.913+0000] {dag.py:3096} INFO - Sync 1 DAGs
[2026-04-07T03:38:45.919+0000] {logging_mixin.py:188} INFO - [2026-04-07T03:38:45.919+0000] {dag.py:3954} INFO - Setting next_dagrun for extraction_writer to 2026-04-05 00:00:00+00:00, run_after=2026-04-12 00:00:00+00:00
[2026-04-07T03:38:45.924+0000] {processor.py:183} INFO - Processing /opt/airflow/dags/etl.py took 0.163 seconds
[2026-04-07T03:39:16.199+0000] {processor.py:161} INFO - Started process (PID=318) to work on /opt/airflow/dags/etl.py
[2026-04-07T03:39:16.200+0000] {processor.py:830} INFO - Processing file /opt/airflow/dags/etl.py for tasks to queue
[2026-04-07T03:39:16.201+0000] {logging_mixin.py:188} INFO - [2026-04-07T03:39:16.201+0000] {dagbag.py:545} INFO - Filling up the DagBag from /opt/airflow/dags/etl.py
[2026-04-07T03:39:16.345+0000] {processor.py:840} INFO - DAG(s) 'extraction_writer' retrieved from /opt/airflow/dags/etl.py
[2026-04-07T03:39:16.355+0000] {logging_mixin.py:188} INFO - [2026-04-07T03:39:16.355+0000] {dag.py:3096} INFO - Sync 1 DAGs
[2026-04-07T03:39:16.361+0000] {logging_mixin.py:188} INFO - [2026-04-07T03:39:16.361+0000] {dag.py:3954} INFO - Setting next_dagrun for extraction_writer to 2026-04-05 00:00:00+00:00, run_after=2026-04-12 00:00:00+00:00
[2026-04-07T03:39:16.366+0000] {processor.py:183} INFO - Processing /opt/airflow/dags/etl.py took 0.173 seconds
[2026-04-07T03:39:46.450+0000] {processor.py:161} INFO - Started process (PID=328) to work on /opt/airflow/dags/etl.py
[2026-04-07T03:39:46.451+0000] {processor.py:830} INFO - Processing file /opt/airflow/dags/etl.py for tasks to queue
[2026-04-07T03:39:46.452+0000] {logging_mixin.py:188} INFO - [2026-04-07T03:39:46.452+0000] {dagbag.py:545} INFO - Filling up the DagBag from /opt/airflow/dags/etl.py
[2026-04-07T03:39:46.595+0000] {processor.py:840} INFO - DAG(s) 'extraction_writer' retrieved from /opt/airflow/dags/etl.py
[2026-04-07T03:39:46.606+0000] {logging_mixin.py:188} INFO - [2026-04-07T03:39:46.606+0000] {dag.py:3096} INFO - Sync 1 DAGs
[2026-04-07T03:39:46.612+0000] {logging_mixin.py:188} INFO - [2026-04-07T03:39:46.612+0000] {dag.py:3954} INFO - Setting next_dagrun for extraction_writer to 2026-04-05 00:00:00+00:00, run_after=2026-04-12 00:00:00+00:00
[2026-04-07T03:39:46.617+0000] {processor.py:183} INFO - Processing /opt/airflow/dags/etl.py took 0.174 seconds
[2026-04-07T03:40:16.872+0000] {processor.py:161} INFO - Started process (PID=338) to work on /opt/airflow/dags/etl.py
[2026-04-07T03:40:16.873+0000] {processor.py:830} INFO - Processing file /opt/airflow/dags/etl.py for tasks to queue
[2026-04-07T03:40:16.874+0000] {logging_mixin.py:188} INFO - [2026-04-07T03:40:16.874+0000] {dagbag.py:545} INFO - Filling up the DagBag from /opt/airflow/dags/etl.py
[2026-04-07T03:40:17.019+0000] {processor.py:840} INFO - DAG(s) 'extraction_writer' retrieved from /opt/airflow/dags/etl.py
[2026-04-07T03:40:17.028+0000] {logging_mixin.py:188} INFO - [2026-04-07T03:40:17.028+0000] {dag.py:3096} INFO - Sync 1 DAGs
[2026-04-07T03:40:17.035+0000] {logging_mixin.py:188} INFO - [2026-04-07T03:40:17.035+0000] {dag.py:3954} INFO - Setting next_dagrun for extraction_writer to 2026-04-05 00:00:00+00:00, run_after=2026-04-12 00:00:00+00:00
[2026-04-07T03:40:17.040+0000] {processor.py:183} INFO - Processing /opt/airflow/dags/etl.py took 0.174 seconds
[2026-04-07T03:40:47.274+0000] {processor.py:161} INFO - Started process (PID=348) to work on /opt/airflow/dags/etl.py
[2026-04-07T03:40:47.275+0000] {processor.py:830} INFO - Processing file /opt/airflow/dags/etl.py for tasks to queue
[2026-04-07T03:40:47.276+0000] {logging_mixin.py:188} INFO - [2026-04-07T03:40:47.276+0000] {dagbag.py:545} INFO - Filling up the DagBag from /opt/airflow/dags/etl.py
[2026-04-07T03:40:47.423+0000] {processor.py:840} INFO - DAG(s) 'extraction_writer' retrieved from /opt/airflow/dags/etl.py
[2026-04-07T03:40:47.432+0000] {logging_mixin.py:188} INFO - [2026-04-07T03:40:47.432+0000] {dag.py:3096} INFO - Sync 1 DAGs
[2026-04-07T03:40:47.439+0000] {logging_mixin.py:188} INFO - [2026-04-07T03:40:47.439+0000] {dag.py:3954} INFO - Setting next_dagrun for extraction_writer to 2026-04-05 00:00:00+00:00, run_after=2026-04-12 00:00:00+00:00
[2026-04-07T03:40:47.444+0000] {processor.py:183} INFO - Processing /opt/airflow/dags/etl.py took 0.175 seconds
[2026-04-07T03:41:17.703+0000] {processor.py:161} INFO - Started process (PID=358) to work on /opt/airflow/dags/etl.py
[2026-04-07T03:41:17.704+0000] {processor.py:830} INFO - Processing file /opt/airflow/dags/etl.py for tasks to queue
[2026-04-07T03:41:17.706+0000] {logging_mixin.py:188} INFO - [2026-04-07T03:41:17.706+0000] {dagbag.py:545} INFO - Filling up the DagBag from /opt/airflow/dags/etl.py
[2026-04-07T03:41:17.853+0000] {processor.py:840} INFO - DAG(s) 'extraction_writer' retrieved from /opt/airflow/dags/etl.py
[2026-04-07T03:41:17.861+0000] {logging_mixin.py:188} INFO - [2026-04-07T03:41:17.861+0000] {dag.py:3096} INFO - Sync 1 DAGs
[2026-04-07T03:41:17.867+0000] {logging_mixin.py:188} INFO - [2026-04-07T03:41:17.867+0000] {dag.py:3954} INFO - Setting next_dagrun for extraction_writer to 2026-04-05 00:00:00+00:00, run_after=2026-04-12 00:00:00+00:00
[2026-04-07T03:41:17.872+0000] {processor.py:183} INFO - Processing /opt/airflow/dags/etl.py took 0.175 seconds
[2026-04-07T03:41:48.149+0000] {processor.py:161} INFO - Started process (PID=368) to work on /opt/airflow/dags/etl.py
[2026-04-07T03:41:48.150+0000] {processor.py:830} INFO - Processing file /opt/airflow/dags/etl.py for tasks to queue
[2026-04-07T03:41:48.151+0000] {logging_mixin.py:188} INFO - [2026-04-07T03:41:48.151+0000] {dagbag.py:545} INFO - Filling up the DagBag from /opt/airflow/dags/etl.py
[2026-04-07T03:41:48.300+0000] {processor.py:840} INFO - DAG(s) 'extraction_writer' retrieved from /opt/airflow/dags/etl.py
[2026-04-07T03:41:48.309+0000] {logging_mixin.py:188} INFO - [2026-04-07T03:41:48.309+0000] {dag.py:3096} INFO - Sync 1 DAGs
[2026-04-07T03:41:48.315+0000] {logging_mixin.py:188} INFO - [2026-04-07T03:41:48.315+0000] {dag.py:3954} INFO - Setting next_dagrun for extraction_writer to 2026-04-05 00:00:00+00:00, run_after=2026-04-12 00:00:00+00:00
[2026-04-07T03:41:48.321+0000] {processor.py:183} INFO - Processing /opt/airflow/dags/etl.py took 0.178 seconds
[2026-04-07T03:42:18.600+0000] {processor.py:161} INFO - Started process (PID=378) to work on /opt/airflow/dags/etl.py
[2026-04-07T03:42:18.601+0000] {processor.py:830} INFO - Processing file /opt/airflow/dags/etl.py for tasks to queue
[2026-04-07T03:42:18.603+0000] {logging_mixin.py:188} INFO - [2026-04-07T03:42:18.602+0000] {dagbag.py:545} INFO - Filling up the DagBag from /opt/airflow/dags/etl.py
[2026-04-07T03:42:18.748+0000] {processor.py:840} INFO - DAG(s) 'extraction_writer' retrieved from /opt/airflow/dags/etl.py
[2026-04-07T03:42:18.756+0000] {logging_mixin.py:188} INFO - [2026-04-07T03:42:18.756+0000] {dag.py:3096} INFO - Sync 1 DAGs
[2026-04-07T03:42:18.763+0000] {logging_mixin.py:188} INFO - [2026-04-07T03:42:18.763+0000] {dag.py:3954} INFO - Setting next_dagrun for extraction_writer to 2026-04-05 00:00:00+00:00, run_after=2026-04-12 00:00:00+00:00
[2026-04-07T03:42:18.768+0000] {processor.py:183} INFO - Processing /opt/airflow/dags/etl.py took 0.174 seconds
[2026-04-07T03:42:49.053+0000] {processor.py:161} INFO - Started process (PID=388) to work on /opt/airflow/dags/etl.py
[2026-04-07T03:42:49.054+0000] {processor.py:830} INFO - Processing file /opt/airflow/dags/etl.py for tasks to queue
[2026-04-07T03:42:49.056+0000] {logging_mixin.py:188} INFO - [2026-04-07T03:42:49.056+0000] {dagbag.py:545} INFO - Filling up the DagBag from /opt/airflow/dags/etl.py
[2026-04-07T03:42:49.204+0000] {processor.py:840} INFO - DAG(s) 'extraction_writer' retrieved from /opt/airflow/dags/etl.py
[2026-04-07T03:42:49.213+0000] {logging_mixin.py:188} INFO - [2026-04-07T03:42:49.213+0000] {dag.py:3096} INFO - Sync 1 DAGs
[2026-04-07T03:42:49.219+0000] {logging_mixin.py:188} INFO - [2026-04-07T03:42:49.219+0000] {dag.py:3954} INFO - Setting next_dagrun for extraction_writer to 2026-04-05 00:00:00+00:00, run_after=2026-04-12 00:00:00+00:00
[2026-04-07T03:42:49.224+0000] {processor.py:183} INFO - Processing /opt/airflow/dags/etl.py took 0.178 seconds
[2026-04-07T03:43:19.519+0000] {processor.py:161} INFO - Started process (PID=403) to work on /opt/airflow/dags/etl.py
[2026-04-07T03:43:19.520+0000] {processor.py:830} INFO - Processing file /opt/airflow/dags/etl.py for tasks to queue
[2026-04-07T03:43:19.521+0000] {logging_mixin.py:188} INFO - [2026-04-07T03:43:19.521+0000] {dagbag.py:545} INFO - Filling up the DagBag from /opt/airflow/dags/etl.py
[2026-04-07T03:43:19.668+0000] {processor.py:840} INFO - DAG(s) 'extraction_writer' retrieved from /opt/airflow/dags/etl.py
[2026-04-07T03:43:19.676+0000] {logging_mixin.py:188} INFO - [2026-04-07T03:43:19.676+0000] {dag.py:3096} INFO - Sync 1 DAGs
[2026-04-07T03:43:19.683+0000] {logging_mixin.py:188} INFO - [2026-04-07T03:43:19.682+0000] {dag.py:3954} INFO - Setting next_dagrun for extraction_writer to 2026-04-05 00:00:00+00:00, run_after=2026-04-12 00:00:00+00:00
[2026-04-07T03:43:19.687+0000] {processor.py:183} INFO - Processing /opt/airflow/dags/etl.py took 0.176 seconds
[2026-04-07T03:43:49.956+0000] {processor.py:161} INFO - Started process (PID=413) to work on /opt/airflow/dags/etl.py
[2026-04-07T03:43:49.957+0000] {processor.py:830} INFO - Processing file /opt/airflow/dags/etl.py for tasks to queue
[2026-04-07T03:43:49.958+0000] {logging_mixin.py:188} INFO - [2026-04-07T03:43:49.958+0000] {dagbag.py:545} INFO - Filling up the DagBag from /opt/airflow/dags/etl.py
[2026-04-07T03:43:50.101+0000] {processor.py:840} INFO - DAG(s) 'extraction_writer' retrieved from /opt/airflow/dags/etl.py
[2026-04-07T03:43:50.111+0000] {logging_mixin.py:188} INFO - [2026-04-07T03:43:50.110+0000] {dag.py:3096} INFO - Sync 1 DAGs
[2026-04-07T03:43:50.120+0000] {logging_mixin.py:188} INFO - [2026-04-07T03:43:50.120+0000] {dag.py:3954} INFO - Setting next_dagrun for extraction_writer to 2026-04-05 00:00:00+00:00, run_after=2026-04-12 00:00:00+00:00
[2026-04-07T03:43:50.127+0000] {processor.py:183} INFO - Processing /opt/airflow/dags/etl.py took 0.175 seconds
[2026-04-07T03:44:20.426+0000] {processor.py:161} INFO - Started process (PID=423) to work on /opt/airflow/dags/etl.py
[2026-04-07T03:44:20.427+0000] {processor.py:830} INFO - Processing file /opt/airflow/dags/etl.py for tasks to queue
[2026-04-07T03:44:20.428+0000] {logging_mixin.py:188} INFO - [2026-04-07T03:44:20.428+0000] {dagbag.py:545} INFO - Filling up the DagBag from /opt/airflow/dags/etl.py
[2026-04-07T03:44:20.574+0000] {processor.py:840} INFO - DAG(s) 'extraction_writer' retrieved from /opt/airflow/dags/etl.py
[2026-04-07T03:44:20.582+0000] {logging_mixin.py:188} INFO - [2026-04-07T03:44:20.582+0000] {dag.py:3096} INFO - Sync 1 DAGs
[2026-04-07T03:44:20.589+0000] {logging_mixin.py:188} INFO - [2026-04-07T03:44:20.589+0000] {dag.py:3954} INFO - Setting next_dagrun for extraction_writer to 2026-04-05 00:00:00+00:00, run_after=2026-04-12 00:00:00+00:00
[2026-04-07T03:44:20.594+0000] {processor.py:183} INFO - Processing /opt/airflow/dags/etl.py took 0.174 seconds
[2026-04-07T03:44:50.846+0000] {processor.py:161} INFO - Started process (PID=444) to work on /opt/airflow/dags/etl.py
[2026-04-07T03:44:50.847+0000] {processor.py:830} INFO - Processing file /opt/airflow/dags/etl.py for tasks to queue
[2026-04-07T03:44:50.848+0000] {logging_mixin.py:188} INFO - [2026-04-07T03:44:50.848+0000] {dagbag.py:545} INFO - Filling up the DagBag from /opt/airflow/dags/etl.py
[2026-04-07T03:44:50.994+0000] {processor.py:840} INFO - DAG(s) 'extraction_writer' retrieved from /opt/airflow/dags/etl.py
[2026-04-07T03:44:51.003+0000] {logging_mixin.py:188} INFO - [2026-04-07T03:44:51.003+0000] {dag.py:3096} INFO - Sync 1 DAGs
[2026-04-07T03:44:51.009+0000] {logging_mixin.py:188} INFO - [2026-04-07T03:44:51.009+0000] {dag.py:3954} INFO - Setting next_dagrun for extraction_writer to 2026-04-05 00:00:00+00:00, run_after=2026-04-12 00:00:00+00:00
[2026-04-07T03:44:51.014+0000] {processor.py:183} INFO - Processing /opt/airflow/dags/etl.py took 0.174 seconds
[2026-04-07T03:45:21.231+0000] {processor.py:161} INFO - Started process (PID=454) to work on /opt/airflow/dags/etl.py
[2026-04-07T03:45:21.232+0000] {processor.py:830} INFO - Processing file /opt/airflow/dags/etl.py for tasks to queue
[2026-04-07T03:45:21.233+0000] {logging_mixin.py:188} INFO - [2026-04-07T03:45:21.233+0000] {dagbag.py:545} INFO - Filling up the DagBag from /opt/airflow/dags/etl.py
[2026-04-07T03:45:21.374+0000] {processor.py:840} INFO - DAG(s) 'extraction_writer' retrieved from /opt/airflow/dags/etl.py
[2026-04-07T03:45:21.382+0000] {logging_mixin.py:188} INFO - [2026-04-07T03:45:21.382+0000] {dag.py:3096} INFO - Sync 1 DAGs
[2026-04-07T03:45:21.388+0000] {logging_mixin.py:188} INFO - [2026-04-07T03:45:21.388+0000] {dag.py:3954} INFO - Setting next_dagrun for extraction_writer to 2026-04-05 00:00:00+00:00, run_after=2026-04-12 00:00:00+00:00
[2026-04-07T03:45:21.394+0000] {processor.py:183} INFO - Processing /opt/airflow/dags/etl.py took 0.167 seconds
[2026-04-07T03:45:51.683+0000] {processor.py:161} INFO - Started process (PID=466) to work on /opt/airflow/dags/etl.py
[2026-04-07T03:45:51.684+0000] {processor.py:830} INFO - Processing file /opt/airflow/dags/etl.py for tasks to queue
[2026-04-07T03:45:51.686+0000] {logging_mixin.py:188} INFO - [2026-04-07T03:45:51.685+0000] {dagbag.py:545} INFO - Filling up the DagBag from /opt/airflow/dags/etl.py
[2026-04-07T03:45:51.830+0000] {processor.py:840} INFO - DAG(s) 'extraction_writer' retrieved from /opt/airflow/dags/etl.py
[2026-04-07T03:45:51.838+0000] {logging_mixin.py:188} INFO - [2026-04-07T03:45:51.838+0000] {dag.py:3096} INFO - Sync 1 DAGs
[2026-04-07T03:45:51.844+0000] {logging_mixin.py:188} INFO - [2026-04-07T03:45:51.844+0000] {dag.py:3954} INFO - Setting next_dagrun for extraction_writer to 2026-04-05 00:00:00+00:00, run_after=2026-04-12 00:00:00+00:00
[2026-04-07T03:45:51.849+0000] {processor.py:183} INFO - Processing /opt/airflow/dags/etl.py took 0.172 seconds
[2026-04-07T03:46:22.126+0000] {processor.py:161} INFO - Started process (PID=476) to work on /opt/airflow/dags/etl.py
[2026-04-07T03:46:22.127+0000] {processor.py:830} INFO - Processing file /opt/airflow/dags/etl.py for tasks to queue
[2026-04-07T03:46:22.128+0000] {logging_mixin.py:188} INFO - [2026-04-07T03:46:22.128+0000] {dagbag.py:545} INFO - Filling up the DagBag from /opt/airflow/dags/etl.py
[2026-04-07T03:46:22.269+0000] {processor.py:840} INFO - DAG(s) 'extraction_writer' retrieved from /opt/airflow/dags/etl.py
[2026-04-07T03:46:22.278+0000] {logging_mixin.py:188} INFO - [2026-04-07T03:46:22.277+0000] {dag.py:3096} INFO - Sync 1 DAGs
[2026-04-07T03:46:22.285+0000] {logging_mixin.py:188} INFO - [2026-04-07T03:46:22.285+0000] {dag.py:3954} INFO - Setting next_dagrun for extraction_writer to 2026-04-05 00:00:00+00:00, run_after=2026-04-12 00:00:00+00:00
[2026-04-07T03:46:22.289+0000] {processor.py:183} INFO - Processing /opt/airflow/dags/etl.py took 0.169 seconds
[2026-04-07T03:46:52.547+0000] {processor.py:161} INFO - Started process (PID=486) to work on /opt/airflow/dags/etl.py
[2026-04-07T03:46:52.548+0000] {processor.py:830} INFO - Processing file /opt/airflow/dags/etl.py for tasks to queue
[2026-04-07T03:46:52.549+0000] {logging_mixin.py:188} INFO - [2026-04-07T03:46:52.549+0000] {dagbag.py:545} INFO - Filling up the DagBag from /opt/airflow/dags/etl.py
[2026-04-07T03:46:52.694+0000] {processor.py:840} INFO - DAG(s) 'extraction_writer' retrieved from /opt/airflow/dags/etl.py
[2026-04-07T03:46:52.702+0000] {logging_mixin.py:188} INFO - [2026-04-07T03:46:52.702+0000] {dag.py:3096} INFO - Sync 1 DAGs
[2026-04-07T03:46:52.708+0000] {logging_mixin.py:188} INFO - [2026-04-07T03:46:52.708+0000] {dag.py:3954} INFO - Setting next_dagrun for extraction_writer to 2026-04-05 00:00:00+00:00, run_after=2026-04-12 00:00:00+00:00
[2026-04-07T03:46:52.713+0000] {processor.py:183} INFO - Processing /opt/airflow/dags/etl.py took 0.173 seconds
