[2026-03-26T20:14:49.782+0000] {processor.py:161} INFO - Started process (PID=165) to work on /opt/airflow/dags/etl.py
[2026-03-26T20:14:49.785+0000] {processor.py:830} INFO - Processing file /opt/airflow/dags/etl.py for tasks to queue
[2026-03-26T20:14:49.788+0000] {logging_mixin.py:188} INFO - [2026-03-26T20:14:49.788+0000] {dagbag.py:545} INFO - Filling up the DagBag from /opt/airflow/dags/etl.py
[2026-03-26T20:14:50.578+0000] {processor.py:840} INFO - DAG(s) 'extraction_writer' retrieved from /opt/airflow/dags/etl.py
[2026-03-26T20:14:50.611+0000] {logging_mixin.py:188} INFO - [2026-03-26T20:14:50.611+0000] {dag.py:3096} INFO - Sync 1 DAGs
[2026-03-26T20:14:50.631+0000] {logging_mixin.py:188} INFO - [2026-03-26T20:14:50.630+0000] {dag.py:3954} INFO - Setting next_dagrun for extraction_writer to 2026-03-22 00:00:00+00:00, run_after=2026-03-29 00:00:00+00:00
[2026-03-26T20:14:50.652+0000] {processor.py:183} INFO - Processing /opt/airflow/dags/etl.py took 0.876 seconds
[2026-03-26T20:15:20.910+0000] {processor.py:161} INFO - Started process (PID=174) to work on /opt/airflow/dags/etl.py
[2026-03-26T20:15:20.911+0000] {processor.py:830} INFO - Processing file /opt/airflow/dags/etl.py for tasks to queue
[2026-03-26T20:15:20.912+0000] {logging_mixin.py:188} INFO - [2026-03-26T20:15:20.912+0000] {dagbag.py:545} INFO - Filling up the DagBag from /opt/airflow/dags/etl.py
[2026-03-26T20:15:21.137+0000] {processor.py:840} INFO - DAG(s) 'extraction_writer' retrieved from /opt/airflow/dags/etl.py
[2026-03-26T20:15:21.146+0000] {logging_mixin.py:188} INFO - [2026-03-26T20:15:21.146+0000] {dag.py:3096} INFO - Sync 1 DAGs
[2026-03-26T20:15:21.152+0000] {logging_mixin.py:188} INFO - [2026-03-26T20:15:21.152+0000] {dag.py:3954} INFO - Setting next_dagrun for extraction_writer to 2026-03-22 00:00:00+00:00, run_after=2026-03-29 00:00:00+00:00
[2026-03-26T20:15:21.157+0000] {processor.py:183} INFO - Processing /opt/airflow/dags/etl.py took 0.252 seconds
[2026-03-26T20:15:51.278+0000] {processor.py:161} INFO - Started process (PID=179) to work on /opt/airflow/dags/etl.py
[2026-03-26T20:15:51.279+0000] {processor.py:830} INFO - Processing file /opt/airflow/dags/etl.py for tasks to queue
[2026-03-26T20:15:51.280+0000] {logging_mixin.py:188} INFO - [2026-03-26T20:15:51.280+0000] {dagbag.py:545} INFO - Filling up the DagBag from /opt/airflow/dags/etl.py
[2026-03-26T20:15:51.509+0000] {processor.py:840} INFO - DAG(s) 'extraction_writer' retrieved from /opt/airflow/dags/etl.py
[2026-03-26T20:15:51.518+0000] {logging_mixin.py:188} INFO - [2026-03-26T20:15:51.518+0000] {dag.py:3096} INFO - Sync 1 DAGs
[2026-03-26T20:15:51.524+0000] {logging_mixin.py:188} INFO - [2026-03-26T20:15:51.524+0000] {dag.py:3954} INFO - Setting next_dagrun for extraction_writer to 2026-03-22 00:00:00+00:00, run_after=2026-03-29 00:00:00+00:00
[2026-03-26T20:15:51.528+0000] {processor.py:183} INFO - Processing /opt/airflow/dags/etl.py took 0.257 seconds
[2026-03-26T20:16:21.703+0000] {processor.py:161} INFO - Started process (PID=184) to work on /opt/airflow/dags/etl.py
[2026-03-26T20:16:21.703+0000] {processor.py:830} INFO - Processing file /opt/airflow/dags/etl.py for tasks to queue
[2026-03-26T20:16:21.705+0000] {logging_mixin.py:188} INFO - [2026-03-26T20:16:21.704+0000] {dagbag.py:545} INFO - Filling up the DagBag from /opt/airflow/dags/etl.py
[2026-03-26T20:16:21.913+0000] {processor.py:840} INFO - DAG(s) 'extraction_writer' retrieved from /opt/airflow/dags/etl.py
[2026-03-26T20:16:21.920+0000] {logging_mixin.py:188} INFO - [2026-03-26T20:16:21.920+0000] {dag.py:3096} INFO - Sync 1 DAGs
[2026-03-26T20:16:21.926+0000] {logging_mixin.py:188} INFO - [2026-03-26T20:16:21.926+0000] {dag.py:3954} INFO - Setting next_dagrun for extraction_writer to 2026-03-22 00:00:00+00:00, run_after=2026-03-29 00:00:00+00:00
[2026-03-26T20:16:21.930+0000] {processor.py:183} INFO - Processing /opt/airflow/dags/etl.py took 0.233 seconds
[2026-03-26T20:16:52.039+0000] {processor.py:161} INFO - Started process (PID=189) to work on /opt/airflow/dags/etl.py
[2026-03-26T20:16:52.040+0000] {processor.py:830} INFO - Processing file /opt/airflow/dags/etl.py for tasks to queue
[2026-03-26T20:16:52.041+0000] {logging_mixin.py:188} INFO - [2026-03-26T20:16:52.041+0000] {dagbag.py:545} INFO - Filling up the DagBag from /opt/airflow/dags/etl.py
[2026-03-26T20:16:52.233+0000] {processor.py:840} INFO - DAG(s) 'extraction_writer' retrieved from /opt/airflow/dags/etl.py
[2026-03-26T20:16:52.240+0000] {logging_mixin.py:188} INFO - [2026-03-26T20:16:52.240+0000] {dag.py:3096} INFO - Sync 1 DAGs
[2026-03-26T20:16:52.246+0000] {logging_mixin.py:188} INFO - [2026-03-26T20:16:52.246+0000] {dag.py:3954} INFO - Setting next_dagrun for extraction_writer to 2026-03-22 00:00:00+00:00, run_after=2026-03-29 00:00:00+00:00
[2026-03-26T20:16:52.250+0000] {processor.py:183} INFO - Processing /opt/airflow/dags/etl.py took 0.218 seconds
[2026-03-26T20:17:22.437+0000] {processor.py:161} INFO - Started process (PID=194) to work on /opt/airflow/dags/etl.py
[2026-03-26T20:17:22.438+0000] {processor.py:830} INFO - Processing file /opt/airflow/dags/etl.py for tasks to queue
[2026-03-26T20:17:22.441+0000] {logging_mixin.py:188} INFO - [2026-03-26T20:17:22.440+0000] {dagbag.py:545} INFO - Filling up the DagBag from /opt/airflow/dags/etl.py
[2026-03-26T20:17:22.667+0000] {processor.py:840} INFO - DAG(s) 'extraction_writer' retrieved from /opt/airflow/dags/etl.py
[2026-03-26T20:17:22.676+0000] {logging_mixin.py:188} INFO - [2026-03-26T20:17:22.676+0000] {dag.py:3096} INFO - Sync 1 DAGs
[2026-03-26T20:17:22.682+0000] {logging_mixin.py:188} INFO - [2026-03-26T20:17:22.682+0000] {dag.py:3954} INFO - Setting next_dagrun for extraction_writer to 2026-03-22 00:00:00+00:00, run_after=2026-03-29 00:00:00+00:00
[2026-03-26T20:17:22.687+0000] {processor.py:183} INFO - Processing /opt/airflow/dags/etl.py took 0.259 seconds
[2026-03-26T20:17:52.766+0000] {processor.py:161} INFO - Started process (PID=199) to work on /opt/airflow/dags/etl.py
[2026-03-26T20:17:52.767+0000] {processor.py:830} INFO - Processing file /opt/airflow/dags/etl.py for tasks to queue
[2026-03-26T20:17:52.768+0000] {logging_mixin.py:188} INFO - [2026-03-26T20:17:52.768+0000] {dagbag.py:545} INFO - Filling up the DagBag from /opt/airflow/dags/etl.py
[2026-03-26T20:17:52.959+0000] {processor.py:840} INFO - DAG(s) 'extraction_writer' retrieved from /opt/airflow/dags/etl.py
[2026-03-26T20:17:52.966+0000] {logging_mixin.py:188} INFO - [2026-03-26T20:17:52.966+0000] {dag.py:3096} INFO - Sync 1 DAGs
[2026-03-26T20:17:52.972+0000] {logging_mixin.py:188} INFO - [2026-03-26T20:17:52.972+0000] {dag.py:3954} INFO - Setting next_dagrun for extraction_writer to 2026-03-22 00:00:00+00:00, run_after=2026-03-29 00:00:00+00:00
[2026-03-26T20:17:52.977+0000] {processor.py:183} INFO - Processing /opt/airflow/dags/etl.py took 0.215 seconds
[2026-03-26T20:18:23.202+0000] {processor.py:161} INFO - Started process (PID=204) to work on /opt/airflow/dags/etl.py
[2026-03-26T20:18:23.203+0000] {processor.py:830} INFO - Processing file /opt/airflow/dags/etl.py for tasks to queue
[2026-03-26T20:18:23.205+0000] {logging_mixin.py:188} INFO - [2026-03-26T20:18:23.205+0000] {dagbag.py:545} INFO - Filling up the DagBag from /opt/airflow/dags/etl.py
[2026-03-26T20:18:23.396+0000] {processor.py:840} INFO - DAG(s) 'extraction_writer' retrieved from /opt/airflow/dags/etl.py
[2026-03-26T20:18:23.403+0000] {logging_mixin.py:188} INFO - [2026-03-26T20:18:23.403+0000] {dag.py:3096} INFO - Sync 1 DAGs
[2026-03-26T20:18:23.409+0000] {logging_mixin.py:188} INFO - [2026-03-26T20:18:23.409+0000] {dag.py:3954} INFO - Setting next_dagrun for extraction_writer to 2026-03-22 00:00:00+00:00, run_after=2026-03-29 00:00:00+00:00
[2026-03-26T20:18:23.413+0000] {processor.py:183} INFO - Processing /opt/airflow/dags/etl.py took 0.217 seconds
[2026-03-26T20:18:53.466+0000] {processor.py:161} INFO - Started process (PID=209) to work on /opt/airflow/dags/etl.py
[2026-03-26T20:18:53.468+0000] {processor.py:830} INFO - Processing file /opt/airflow/dags/etl.py for tasks to queue
[2026-03-26T20:18:53.469+0000] {logging_mixin.py:188} INFO - [2026-03-26T20:18:53.469+0000] {dagbag.py:545} INFO - Filling up the DagBag from /opt/airflow/dags/etl.py
[2026-03-26T20:18:53.665+0000] {processor.py:840} INFO - DAG(s) 'extraction_writer' retrieved from /opt/airflow/dags/etl.py
[2026-03-26T20:18:53.673+0000] {logging_mixin.py:188} INFO - [2026-03-26T20:18:53.673+0000] {dag.py:3096} INFO - Sync 1 DAGs
[2026-03-26T20:18:53.680+0000] {logging_mixin.py:188} INFO - [2026-03-26T20:18:53.680+0000] {dag.py:3954} INFO - Setting next_dagrun for extraction_writer to 2026-03-22 00:00:00+00:00, run_after=2026-03-29 00:00:00+00:00
[2026-03-26T20:18:53.685+0000] {processor.py:183} INFO - Processing /opt/airflow/dags/etl.py took 0.226 seconds
[2026-03-26T20:19:23.840+0000] {processor.py:161} INFO - Started process (PID=214) to work on /opt/airflow/dags/etl.py
[2026-03-26T20:19:23.842+0000] {processor.py:830} INFO - Processing file /opt/airflow/dags/etl.py for tasks to queue
[2026-03-26T20:19:23.843+0000] {logging_mixin.py:188} INFO - [2026-03-26T20:19:23.843+0000] {dagbag.py:545} INFO - Filling up the DagBag from /opt/airflow/dags/etl.py
[2026-03-26T20:19:24.054+0000] {processor.py:840} INFO - DAG(s) 'extraction_writer' retrieved from /opt/airflow/dags/etl.py
[2026-03-26T20:19:24.064+0000] {logging_mixin.py:188} INFO - [2026-03-26T20:19:24.064+0000] {dag.py:3096} INFO - Sync 1 DAGs
[2026-03-26T20:19:24.073+0000] {logging_mixin.py:188} INFO - [2026-03-26T20:19:24.073+0000] {dag.py:3954} INFO - Setting next_dagrun for extraction_writer to 2026-03-22 00:00:00+00:00, run_after=2026-03-29 00:00:00+00:00
[2026-03-26T20:19:24.079+0000] {processor.py:183} INFO - Processing /opt/airflow/dags/etl.py took 0.246 seconds
[2026-03-26T20:19:54.117+0000] {processor.py:161} INFO - Started process (PID=219) to work on /opt/airflow/dags/etl.py
[2026-03-26T20:19:54.118+0000] {processor.py:830} INFO - Processing file /opt/airflow/dags/etl.py for tasks to queue
[2026-03-26T20:19:54.120+0000] {logging_mixin.py:188} INFO - [2026-03-26T20:19:54.119+0000] {dagbag.py:545} INFO - Filling up the DagBag from /opt/airflow/dags/etl.py
[2026-03-26T20:19:54.302+0000] {processor.py:840} INFO - DAG(s) 'extraction_writer' retrieved from /opt/airflow/dags/etl.py
[2026-03-26T20:19:54.310+0000] {logging_mixin.py:188} INFO - [2026-03-26T20:19:54.310+0000] {dag.py:3096} INFO - Sync 1 DAGs
[2026-03-26T20:19:54.316+0000] {logging_mixin.py:188} INFO - [2026-03-26T20:19:54.316+0000] {dag.py:3954} INFO - Setting next_dagrun for extraction_writer to 2026-03-22 00:00:00+00:00, run_after=2026-03-29 00:00:00+00:00
[2026-03-26T20:19:54.322+0000] {processor.py:183} INFO - Processing /opt/airflow/dags/etl.py took 0.207 seconds
[2026-03-26T20:20:24.680+0000] {processor.py:161} INFO - Started process (PID=224) to work on /opt/airflow/dags/etl.py
[2026-03-26T20:20:24.680+0000] {processor.py:830} INFO - Processing file /opt/airflow/dags/etl.py for tasks to queue
[2026-03-26T20:20:24.681+0000] {logging_mixin.py:188} INFO - [2026-03-26T20:20:24.681+0000] {dagbag.py:545} INFO - Filling up the DagBag from /opt/airflow/dags/etl.py
[2026-03-26T20:20:24.805+0000] {processor.py:840} INFO - DAG(s) 'extraction_writer' retrieved from /opt/airflow/dags/etl.py
[2026-03-26T20:20:24.814+0000] {logging_mixin.py:188} INFO - [2026-03-26T20:20:24.814+0000] {dag.py:3096} INFO - Sync 1 DAGs
[2026-03-26T20:20:24.821+0000] {logging_mixin.py:188} INFO - [2026-03-26T20:20:24.821+0000] {dag.py:3954} INFO - Setting next_dagrun for extraction_writer to 2026-03-22 00:00:00+00:00, run_after=2026-03-29 00:00:00+00:00
[2026-03-26T20:20:24.827+0000] {processor.py:183} INFO - Processing /opt/airflow/dags/etl.py took 0.148 seconds
[2026-03-26T20:20:54.971+0000] {processor.py:161} INFO - Started process (PID=229) to work on /opt/airflow/dags/etl.py
[2026-03-26T20:20:54.972+0000] {processor.py:830} INFO - Processing file /opt/airflow/dags/etl.py for tasks to queue
[2026-03-26T20:20:54.973+0000] {logging_mixin.py:188} INFO - [2026-03-26T20:20:54.973+0000] {dagbag.py:545} INFO - Filling up the DagBag from /opt/airflow/dags/etl.py
[2026-03-26T20:20:55.117+0000] {processor.py:840} INFO - DAG(s) 'extraction_writer' retrieved from /opt/airflow/dags/etl.py
[2026-03-26T20:20:55.126+0000] {logging_mixin.py:188} INFO - [2026-03-26T20:20:55.126+0000] {dag.py:3096} INFO - Sync 1 DAGs
[2026-03-26T20:20:55.132+0000] {logging_mixin.py:188} INFO - [2026-03-26T20:20:55.132+0000] {dag.py:3954} INFO - Setting next_dagrun for extraction_writer to 2026-03-22 00:00:00+00:00, run_after=2026-03-29 00:00:00+00:00
[2026-03-26T20:20:55.137+0000] {processor.py:183} INFO - Processing /opt/airflow/dags/etl.py took 0.172 seconds
[2026-03-26T20:21:25.275+0000] {processor.py:161} INFO - Started process (PID=234) to work on /opt/airflow/dags/etl.py
[2026-03-26T20:21:25.276+0000] {processor.py:830} INFO - Processing file /opt/airflow/dags/etl.py for tasks to queue
[2026-03-26T20:21:25.277+0000] {logging_mixin.py:188} INFO - [2026-03-26T20:21:25.277+0000] {dagbag.py:545} INFO - Filling up the DagBag from /opt/airflow/dags/etl.py
[2026-03-26T20:21:25.426+0000] {processor.py:840} INFO - DAG(s) 'extraction_writer' retrieved from /opt/airflow/dags/etl.py
[2026-03-26T20:21:25.435+0000] {logging_mixin.py:188} INFO - [2026-03-26T20:21:25.435+0000] {dag.py:3096} INFO - Sync 1 DAGs
[2026-03-26T20:21:25.442+0000] {logging_mixin.py:188} INFO - [2026-03-26T20:21:25.442+0000] {dag.py:3954} INFO - Setting next_dagrun for extraction_writer to 2026-03-22 00:00:00+00:00, run_after=2026-03-29 00:00:00+00:00
[2026-03-26T20:21:25.447+0000] {processor.py:183} INFO - Processing /opt/airflow/dags/etl.py took 0.179 seconds
[2026-03-26T20:21:55.689+0000] {processor.py:161} INFO - Started process (PID=239) to work on /opt/airflow/dags/etl.py
[2026-03-26T20:21:55.690+0000] {processor.py:830} INFO - Processing file /opt/airflow/dags/etl.py for tasks to queue
[2026-03-26T20:21:55.692+0000] {logging_mixin.py:188} INFO - [2026-03-26T20:21:55.692+0000] {dagbag.py:545} INFO - Filling up the DagBag from /opt/airflow/dags/etl.py
[2026-03-26T20:21:55.854+0000] {processor.py:840} INFO - DAG(s) 'extraction_writer' retrieved from /opt/airflow/dags/etl.py
[2026-03-26T20:21:55.866+0000] {logging_mixin.py:188} INFO - [2026-03-26T20:21:55.865+0000] {dag.py:3096} INFO - Sync 1 DAGs
[2026-03-26T20:21:55.873+0000] {logging_mixin.py:188} INFO - [2026-03-26T20:21:55.873+0000] {dag.py:3954} INFO - Setting next_dagrun for extraction_writer to 2026-03-22 00:00:00+00:00, run_after=2026-03-29 00:00:00+00:00
[2026-03-26T20:21:55.879+0000] {processor.py:183} INFO - Processing /opt/airflow/dags/etl.py took 0.197 seconds
[2026-03-26T20:22:25.967+0000] {processor.py:161} INFO - Started process (PID=244) to work on /opt/airflow/dags/etl.py
[2026-03-26T20:22:25.969+0000] {processor.py:830} INFO - Processing file /opt/airflow/dags/etl.py for tasks to queue
[2026-03-26T20:22:25.971+0000] {logging_mixin.py:188} INFO - [2026-03-26T20:22:25.971+0000] {dagbag.py:545} INFO - Filling up the DagBag from /opt/airflow/dags/etl.py
[2026-03-26T20:22:26.137+0000] {processor.py:840} INFO - DAG(s) 'extraction_writer' retrieved from /opt/airflow/dags/etl.py
[2026-03-26T20:22:26.148+0000] {logging_mixin.py:188} INFO - [2026-03-26T20:22:26.148+0000] {dag.py:3096} INFO - Sync 1 DAGs
[2026-03-26T20:22:26.156+0000] {logging_mixin.py:188} INFO - [2026-03-26T20:22:26.156+0000] {dag.py:3954} INFO - Setting next_dagrun for extraction_writer to 2026-03-22 00:00:00+00:00, run_after=2026-03-29 00:00:00+00:00
[2026-03-26T20:22:26.163+0000] {processor.py:183} INFO - Processing /opt/airflow/dags/etl.py took 0.203 seconds
[2026-03-26T20:22:56.408+0000] {processor.py:161} INFO - Started process (PID=249) to work on /opt/airflow/dags/etl.py
[2026-03-26T20:22:56.409+0000] {processor.py:830} INFO - Processing file /opt/airflow/dags/etl.py for tasks to queue
[2026-03-26T20:22:56.411+0000] {logging_mixin.py:188} INFO - [2026-03-26T20:22:56.411+0000] {dagbag.py:545} INFO - Filling up the DagBag from /opt/airflow/dags/etl.py
[2026-03-26T20:22:56.560+0000] {processor.py:840} INFO - DAG(s) 'extraction_writer' retrieved from /opt/airflow/dags/etl.py
[2026-03-26T20:22:56.571+0000] {logging_mixin.py:188} INFO - [2026-03-26T20:22:56.571+0000] {dag.py:3096} INFO - Sync 1 DAGs
[2026-03-26T20:22:56.578+0000] {logging_mixin.py:188} INFO - [2026-03-26T20:22:56.578+0000] {dag.py:3954} INFO - Setting next_dagrun for extraction_writer to 2026-03-22 00:00:00+00:00, run_after=2026-03-29 00:00:00+00:00
[2026-03-26T20:22:56.584+0000] {processor.py:183} INFO - Processing /opt/airflow/dags/etl.py took 0.182 seconds
[2026-03-26T20:23:26.692+0000] {processor.py:161} INFO - Started process (PID=254) to work on /opt/airflow/dags/etl.py
[2026-03-26T20:23:26.693+0000] {processor.py:830} INFO - Processing file /opt/airflow/dags/etl.py for tasks to queue
[2026-03-26T20:23:26.695+0000] {logging_mixin.py:188} INFO - [2026-03-26T20:23:26.695+0000] {dagbag.py:545} INFO - Filling up the DagBag from /opt/airflow/dags/etl.py
[2026-03-26T20:23:26.873+0000] {processor.py:840} INFO - DAG(s) 'extraction_writer' retrieved from /opt/airflow/dags/etl.py
[2026-03-26T20:23:26.883+0000] {logging_mixin.py:188} INFO - [2026-03-26T20:23:26.883+0000] {dag.py:3096} INFO - Sync 1 DAGs
[2026-03-26T20:23:26.891+0000] {logging_mixin.py:188} INFO - [2026-03-26T20:23:26.891+0000] {dag.py:3954} INFO - Setting next_dagrun for extraction_writer to 2026-03-22 00:00:00+00:00, run_after=2026-03-29 00:00:00+00:00
[2026-03-26T20:23:26.897+0000] {processor.py:183} INFO - Processing /opt/airflow/dags/etl.py took 0.212 seconds
[2026-03-26T20:23:57.044+0000] {processor.py:161} INFO - Started process (PID=259) to work on /opt/airflow/dags/etl.py
[2026-03-26T20:23:57.046+0000] {processor.py:830} INFO - Processing file /opt/airflow/dags/etl.py for tasks to queue
[2026-03-26T20:23:57.048+0000] {logging_mixin.py:188} INFO - [2026-03-26T20:23:57.047+0000] {dagbag.py:545} INFO - Filling up the DagBag from /opt/airflow/dags/etl.py
[2026-03-26T20:23:57.207+0000] {processor.py:840} INFO - DAG(s) 'extraction_writer' retrieved from /opt/airflow/dags/etl.py
[2026-03-26T20:23:57.216+0000] {logging_mixin.py:188} INFO - [2026-03-26T20:23:57.216+0000] {dag.py:3096} INFO - Sync 1 DAGs
[2026-03-26T20:23:57.223+0000] {logging_mixin.py:188} INFO - [2026-03-26T20:23:57.223+0000] {dag.py:3954} INFO - Setting next_dagrun for extraction_writer to 2026-03-22 00:00:00+00:00, run_after=2026-03-29 00:00:00+00:00
[2026-03-26T20:23:57.228+0000] {processor.py:183} INFO - Processing /opt/airflow/dags/etl.py took 0.191 seconds
[2026-03-26T20:24:27.354+0000] {processor.py:161} INFO - Started process (PID=264) to work on /opt/airflow/dags/etl.py
[2026-03-26T20:24:27.355+0000] {processor.py:830} INFO - Processing file /opt/airflow/dags/etl.py for tasks to queue
[2026-03-26T20:24:27.356+0000] {logging_mixin.py:188} INFO - [2026-03-26T20:24:27.356+0000] {dagbag.py:545} INFO - Filling up the DagBag from /opt/airflow/dags/etl.py
[2026-03-26T20:24:27.506+0000] {processor.py:840} INFO - DAG(s) 'extraction_writer' retrieved from /opt/airflow/dags/etl.py
[2026-03-26T20:24:27.516+0000] {logging_mixin.py:188} INFO - [2026-03-26T20:24:27.516+0000] {dag.py:3096} INFO - Sync 1 DAGs
[2026-03-26T20:24:27.523+0000] {logging_mixin.py:188} INFO - [2026-03-26T20:24:27.523+0000] {dag.py:3954} INFO - Setting next_dagrun for extraction_writer to 2026-03-22 00:00:00+00:00, run_after=2026-03-29 00:00:00+00:00
[2026-03-26T20:24:27.528+0000] {processor.py:183} INFO - Processing /opt/airflow/dags/etl.py took 0.179 seconds
[2026-03-26T20:24:57.717+0000] {processor.py:161} INFO - Started process (PID=269) to work on /opt/airflow/dags/etl.py
[2026-03-26T20:24:57.718+0000] {processor.py:830} INFO - Processing file /opt/airflow/dags/etl.py for tasks to queue
[2026-03-26T20:24:57.719+0000] {logging_mixin.py:188} INFO - [2026-03-26T20:24:57.719+0000] {dagbag.py:545} INFO - Filling up the DagBag from /opt/airflow/dags/etl.py
[2026-03-26T20:24:57.870+0000] {processor.py:840} INFO - DAG(s) 'extraction_writer' retrieved from /opt/airflow/dags/etl.py
[2026-03-26T20:24:57.881+0000] {logging_mixin.py:188} INFO - [2026-03-26T20:24:57.881+0000] {dag.py:3096} INFO - Sync 1 DAGs
[2026-03-26T20:24:57.888+0000] {logging_mixin.py:188} INFO - [2026-03-26T20:24:57.888+0000] {dag.py:3954} INFO - Setting next_dagrun for extraction_writer to 2026-03-22 00:00:00+00:00, run_after=2026-03-29 00:00:00+00:00
[2026-03-26T20:24:57.893+0000] {processor.py:183} INFO - Processing /opt/airflow/dags/etl.py took 0.182 seconds
[2026-03-26T20:25:28.026+0000] {processor.py:161} INFO - Started process (PID=274) to work on /opt/airflow/dags/etl.py
[2026-03-26T20:25:28.027+0000] {processor.py:830} INFO - Processing file /opt/airflow/dags/etl.py for tasks to queue
[2026-03-26T20:25:28.028+0000] {logging_mixin.py:188} INFO - [2026-03-26T20:25:28.028+0000] {dagbag.py:545} INFO - Filling up the DagBag from /opt/airflow/dags/etl.py
[2026-03-26T20:25:28.181+0000] {processor.py:840} INFO - DAG(s) 'extraction_writer' retrieved from /opt/airflow/dags/etl.py
[2026-03-26T20:25:28.191+0000] {logging_mixin.py:188} INFO - [2026-03-26T20:25:28.191+0000] {dag.py:3096} INFO - Sync 1 DAGs
[2026-03-26T20:25:28.198+0000] {logging_mixin.py:188} INFO - [2026-03-26T20:25:28.198+0000] {dag.py:3954} INFO - Setting next_dagrun for extraction_writer to 2026-03-22 00:00:00+00:00, run_after=2026-03-29 00:00:00+00:00
[2026-03-26T20:25:28.204+0000] {processor.py:183} INFO - Processing /opt/airflow/dags/etl.py took 0.185 seconds
[2026-03-26T20:25:58.401+0000] {processor.py:161} INFO - Started process (PID=279) to work on /opt/airflow/dags/etl.py
[2026-03-26T20:25:58.402+0000] {processor.py:830} INFO - Processing file /opt/airflow/dags/etl.py for tasks to queue
[2026-03-26T20:25:58.403+0000] {logging_mixin.py:188} INFO - [2026-03-26T20:25:58.402+0000] {dagbag.py:545} INFO - Filling up the DagBag from /opt/airflow/dags/etl.py
[2026-03-26T20:25:58.557+0000] {processor.py:840} INFO - DAG(s) 'extraction_writer' retrieved from /opt/airflow/dags/etl.py
[2026-03-26T20:25:58.567+0000] {logging_mixin.py:188} INFO - [2026-03-26T20:25:58.566+0000] {dag.py:3096} INFO - Sync 1 DAGs
[2026-03-26T20:25:58.574+0000] {logging_mixin.py:188} INFO - [2026-03-26T20:25:58.574+0000] {dag.py:3954} INFO - Setting next_dagrun for extraction_writer to 2026-03-22 00:00:00+00:00, run_after=2026-03-29 00:00:00+00:00
[2026-03-26T20:25:58.580+0000] {processor.py:183} INFO - Processing /opt/airflow/dags/etl.py took 0.182 seconds
[2026-03-26T20:26:28.717+0000] {processor.py:161} INFO - Started process (PID=284) to work on /opt/airflow/dags/etl.py
[2026-03-26T20:26:28.718+0000] {processor.py:830} INFO - Processing file /opt/airflow/dags/etl.py for tasks to queue
[2026-03-26T20:26:28.720+0000] {logging_mixin.py:188} INFO - [2026-03-26T20:26:28.720+0000] {dagbag.py:545} INFO - Filling up the DagBag from /opt/airflow/dags/etl.py
[2026-03-26T20:26:28.881+0000] {processor.py:840} INFO - DAG(s) 'extraction_writer' retrieved from /opt/airflow/dags/etl.py
[2026-03-26T20:26:28.892+0000] {logging_mixin.py:188} INFO - [2026-03-26T20:26:28.892+0000] {dag.py:3096} INFO - Sync 1 DAGs
[2026-03-26T20:26:28.900+0000] {logging_mixin.py:188} INFO - [2026-03-26T20:26:28.900+0000] {dag.py:3954} INFO - Setting next_dagrun for extraction_writer to 2026-03-22 00:00:00+00:00, run_after=2026-03-29 00:00:00+00:00
[2026-03-26T20:26:28.905+0000] {processor.py:183} INFO - Processing /opt/airflow/dags/etl.py took 0.195 seconds
[2026-03-26T20:26:59.113+0000] {processor.py:161} INFO - Started process (PID=289) to work on /opt/airflow/dags/etl.py
[2026-03-26T20:26:59.114+0000] {processor.py:830} INFO - Processing file /opt/airflow/dags/etl.py for tasks to queue
[2026-03-26T20:26:59.115+0000] {logging_mixin.py:188} INFO - [2026-03-26T20:26:59.115+0000] {dagbag.py:545} INFO - Filling up the DagBag from /opt/airflow/dags/etl.py
[2026-03-26T20:26:59.268+0000] {processor.py:840} INFO - DAG(s) 'extraction_writer' retrieved from /opt/airflow/dags/etl.py
[2026-03-26T20:26:59.279+0000] {logging_mixin.py:188} INFO - [2026-03-26T20:26:59.279+0000] {dag.py:3096} INFO - Sync 1 DAGs
[2026-03-26T20:26:59.287+0000] {logging_mixin.py:188} INFO - [2026-03-26T20:26:59.287+0000] {dag.py:3954} INFO - Setting next_dagrun for extraction_writer to 2026-03-22 00:00:00+00:00, run_after=2026-03-29 00:00:00+00:00
[2026-03-26T20:26:59.293+0000] {processor.py:183} INFO - Processing /opt/airflow/dags/etl.py took 0.185 seconds
[2026-03-26T20:27:29.397+0000] {processor.py:161} INFO - Started process (PID=294) to work on /opt/airflow/dags/etl.py
[2026-03-26T20:27:29.398+0000] {processor.py:830} INFO - Processing file /opt/airflow/dags/etl.py for tasks to queue
[2026-03-26T20:27:29.399+0000] {logging_mixin.py:188} INFO - [2026-03-26T20:27:29.399+0000] {dagbag.py:545} INFO - Filling up the DagBag from /opt/airflow/dags/etl.py
[2026-03-26T20:27:29.575+0000] {processor.py:840} INFO - DAG(s) 'extraction_writer' retrieved from /opt/airflow/dags/etl.py
[2026-03-26T20:27:29.587+0000] {logging_mixin.py:188} INFO - [2026-03-26T20:27:29.587+0000] {dag.py:3096} INFO - Sync 1 DAGs
[2026-03-26T20:27:29.597+0000] {logging_mixin.py:188} INFO - [2026-03-26T20:27:29.597+0000] {dag.py:3954} INFO - Setting next_dagrun for extraction_writer to 2026-03-22 00:00:00+00:00, run_after=2026-03-29 00:00:00+00:00
[2026-03-26T20:27:29.604+0000] {processor.py:183} INFO - Processing /opt/airflow/dags/etl.py took 0.212 seconds
[2026-03-26T20:27:59.813+0000] {processor.py:161} INFO - Started process (PID=299) to work on /opt/airflow/dags/etl.py
[2026-03-26T20:27:59.813+0000] {processor.py:830} INFO - Processing file /opt/airflow/dags/etl.py for tasks to queue
[2026-03-26T20:27:59.815+0000] {logging_mixin.py:188} INFO - [2026-03-26T20:27:59.814+0000] {dagbag.py:545} INFO - Filling up the DagBag from /opt/airflow/dags/etl.py
[2026-03-26T20:27:59.999+0000] {processor.py:840} INFO - DAG(s) 'extraction_writer' retrieved from /opt/airflow/dags/etl.py
[2026-03-26T20:28:00.012+0000] {logging_mixin.py:188} INFO - [2026-03-26T20:28:00.012+0000] {dag.py:3096} INFO - Sync 1 DAGs
[2026-03-26T20:28:00.021+0000] {logging_mixin.py:188} INFO - [2026-03-26T20:28:00.021+0000] {dag.py:3954} INFO - Setting next_dagrun for extraction_writer to 2026-03-22 00:00:00+00:00, run_after=2026-03-29 00:00:00+00:00
[2026-03-26T20:28:00.027+0000] {processor.py:183} INFO - Processing /opt/airflow/dags/etl.py took 0.218 seconds
[2026-03-26T20:28:30.069+0000] {processor.py:161} INFO - Started process (PID=304) to work on /opt/airflow/dags/etl.py
[2026-03-26T20:28:30.069+0000] {processor.py:830} INFO - Processing file /opt/airflow/dags/etl.py for tasks to queue
[2026-03-26T20:28:30.070+0000] {logging_mixin.py:188} INFO - [2026-03-26T20:28:30.070+0000] {dagbag.py:545} INFO - Filling up the DagBag from /opt/airflow/dags/etl.py
[2026-03-26T20:28:30.222+0000] {processor.py:840} INFO - DAG(s) 'extraction_writer' retrieved from /opt/airflow/dags/etl.py
[2026-03-26T20:28:30.233+0000] {logging_mixin.py:188} INFO - [2026-03-26T20:28:30.232+0000] {dag.py:3096} INFO - Sync 1 DAGs
[2026-03-26T20:28:30.240+0000] {logging_mixin.py:188} INFO - [2026-03-26T20:28:30.240+0000] {dag.py:3954} INFO - Setting next_dagrun for extraction_writer to 2026-03-22 00:00:00+00:00, run_after=2026-03-29 00:00:00+00:00
[2026-03-26T20:28:30.246+0000] {processor.py:183} INFO - Processing /opt/airflow/dags/etl.py took 0.182 seconds
[2026-03-26T20:29:00.334+0000] {processor.py:161} INFO - Started process (PID=309) to work on /opt/airflow/dags/etl.py
[2026-03-26T20:29:00.335+0000] {processor.py:830} INFO - Processing file /opt/airflow/dags/etl.py for tasks to queue
[2026-03-26T20:29:00.336+0000] {logging_mixin.py:188} INFO - [2026-03-26T20:29:00.336+0000] {dagbag.py:545} INFO - Filling up the DagBag from /opt/airflow/dags/etl.py
[2026-03-26T20:29:00.510+0000] {processor.py:840} INFO - DAG(s) 'extraction_writer' retrieved from /opt/airflow/dags/etl.py
[2026-03-26T20:29:00.521+0000] {logging_mixin.py:188} INFO - [2026-03-26T20:29:00.521+0000] {dag.py:3096} INFO - Sync 1 DAGs
[2026-03-26T20:29:00.528+0000] {logging_mixin.py:188} INFO - [2026-03-26T20:29:00.528+0000] {dag.py:3954} INFO - Setting next_dagrun for extraction_writer to 2026-03-22 00:00:00+00:00, run_after=2026-03-29 00:00:00+00:00
[2026-03-26T20:29:00.534+0000] {processor.py:183} INFO - Processing /opt/airflow/dags/etl.py took 0.206 seconds
[2026-03-26T20:29:30.773+0000] {processor.py:161} INFO - Started process (PID=314) to work on /opt/airflow/dags/etl.py
[2026-03-26T20:29:30.774+0000] {processor.py:830} INFO - Processing file /opt/airflow/dags/etl.py for tasks to queue
[2026-03-26T20:29:30.776+0000] {logging_mixin.py:188} INFO - [2026-03-26T20:29:30.775+0000] {dagbag.py:545} INFO - Filling up the DagBag from /opt/airflow/dags/etl.py
[2026-03-26T20:29:30.964+0000] {processor.py:840} INFO - DAG(s) 'extraction_writer' retrieved from /opt/airflow/dags/etl.py
[2026-03-26T20:29:30.975+0000] {logging_mixin.py:188} INFO - [2026-03-26T20:29:30.975+0000] {dag.py:3096} INFO - Sync 1 DAGs
[2026-03-26T20:29:30.983+0000] {logging_mixin.py:188} INFO - [2026-03-26T20:29:30.983+0000] {dag.py:3954} INFO - Setting next_dagrun for extraction_writer to 2026-03-22 00:00:00+00:00, run_after=2026-03-29 00:00:00+00:00
[2026-03-26T20:29:30.989+0000] {processor.py:183} INFO - Processing /opt/airflow/dags/etl.py took 0.221 seconds
[2026-03-26T20:30:01.060+0000] {processor.py:161} INFO - Started process (PID=319) to work on /opt/airflow/dags/etl.py
[2026-03-26T20:30:01.061+0000] {processor.py:830} INFO - Processing file /opt/airflow/dags/etl.py for tasks to queue
[2026-03-26T20:30:01.063+0000] {logging_mixin.py:188} INFO - [2026-03-26T20:30:01.063+0000] {dagbag.py:545} INFO - Filling up the DagBag from /opt/airflow/dags/etl.py
[2026-03-26T20:30:01.224+0000] {processor.py:840} INFO - DAG(s) 'extraction_writer' retrieved from /opt/airflow/dags/etl.py
[2026-03-26T20:30:01.235+0000] {logging_mixin.py:188} INFO - [2026-03-26T20:30:01.234+0000] {dag.py:3096} INFO - Sync 1 DAGs
[2026-03-26T20:30:01.243+0000] {logging_mixin.py:188} INFO - [2026-03-26T20:30:01.243+0000] {dag.py:3954} INFO - Setting next_dagrun for extraction_writer to 2026-03-22 00:00:00+00:00, run_after=2026-03-29 00:00:00+00:00
[2026-03-26T20:30:01.248+0000] {processor.py:183} INFO - Processing /opt/airflow/dags/etl.py took 0.196 seconds
[2026-03-26T20:30:31.496+0000] {processor.py:161} INFO - Started process (PID=324) to work on /opt/airflow/dags/etl.py
[2026-03-26T20:30:31.497+0000] {processor.py:830} INFO - Processing file /opt/airflow/dags/etl.py for tasks to queue
[2026-03-26T20:30:31.498+0000] {logging_mixin.py:188} INFO - [2026-03-26T20:30:31.498+0000] {dagbag.py:545} INFO - Filling up the DagBag from /opt/airflow/dags/etl.py
[2026-03-26T20:30:31.645+0000] {processor.py:840} INFO - DAG(s) 'extraction_writer' retrieved from /opt/airflow/dags/etl.py
[2026-03-26T20:30:31.654+0000] {logging_mixin.py:188} INFO - [2026-03-26T20:30:31.654+0000] {dag.py:3096} INFO - Sync 1 DAGs
[2026-03-26T20:30:31.662+0000] {logging_mixin.py:188} INFO - [2026-03-26T20:30:31.662+0000] {dag.py:3954} INFO - Setting next_dagrun for extraction_writer to 2026-03-22 00:00:00+00:00, run_after=2026-03-29 00:00:00+00:00
[2026-03-26T20:30:31.668+0000] {processor.py:183} INFO - Processing /opt/airflow/dags/etl.py took 0.178 seconds
[2026-03-26T20:31:01.750+0000] {processor.py:161} INFO - Started process (PID=329) to work on /opt/airflow/dags/etl.py
[2026-03-26T20:31:01.751+0000] {processor.py:830} INFO - Processing file /opt/airflow/dags/etl.py for tasks to queue
[2026-03-26T20:31:01.752+0000] {logging_mixin.py:188} INFO - [2026-03-26T20:31:01.752+0000] {dagbag.py:545} INFO - Filling up the DagBag from /opt/airflow/dags/etl.py
[2026-03-26T20:31:01.901+0000] {processor.py:840} INFO - DAG(s) 'extraction_writer' retrieved from /opt/airflow/dags/etl.py
[2026-03-26T20:31:01.910+0000] {logging_mixin.py:188} INFO - [2026-03-26T20:31:01.910+0000] {dag.py:3096} INFO - Sync 1 DAGs
[2026-03-26T20:31:01.917+0000] {logging_mixin.py:188} INFO - [2026-03-26T20:31:01.917+0000] {dag.py:3954} INFO - Setting next_dagrun for extraction_writer to 2026-03-22 00:00:00+00:00, run_after=2026-03-29 00:00:00+00:00
[2026-03-26T20:31:01.922+0000] {processor.py:183} INFO - Processing /opt/airflow/dags/etl.py took 0.177 seconds
[2026-03-26T20:31:32.210+0000] {processor.py:161} INFO - Started process (PID=334) to work on /opt/airflow/dags/etl.py
[2026-03-26T20:31:32.211+0000] {processor.py:830} INFO - Processing file /opt/airflow/dags/etl.py for tasks to queue
[2026-03-26T20:31:32.213+0000] {logging_mixin.py:188} INFO - [2026-03-26T20:31:32.213+0000] {dagbag.py:545} INFO - Filling up the DagBag from /opt/airflow/dags/etl.py
[2026-03-26T20:31:32.391+0000] {processor.py:840} INFO - DAG(s) 'extraction_writer' retrieved from /opt/airflow/dags/etl.py
[2026-03-26T20:31:32.404+0000] {logging_mixin.py:188} INFO - [2026-03-26T20:31:32.404+0000] {dag.py:3096} INFO - Sync 1 DAGs
[2026-03-26T20:31:32.413+0000] {logging_mixin.py:188} INFO - [2026-03-26T20:31:32.413+0000] {dag.py:3954} INFO - Setting next_dagrun for extraction_writer to 2026-03-22 00:00:00+00:00, run_after=2026-03-29 00:00:00+00:00
[2026-03-26T20:31:32.419+0000] {processor.py:183} INFO - Processing /opt/airflow/dags/etl.py took 0.214 seconds
[2026-03-26T20:32:02.481+0000] {processor.py:161} INFO - Started process (PID=339) to work on /opt/airflow/dags/etl.py
[2026-03-26T20:32:02.482+0000] {processor.py:830} INFO - Processing file /opt/airflow/dags/etl.py for tasks to queue
[2026-03-26T20:32:02.484+0000] {logging_mixin.py:188} INFO - [2026-03-26T20:32:02.483+0000] {dagbag.py:545} INFO - Filling up the DagBag from /opt/airflow/dags/etl.py
[2026-03-26T20:32:02.638+0000] {processor.py:840} INFO - DAG(s) 'extraction_writer' retrieved from /opt/airflow/dags/etl.py
[2026-03-26T20:32:02.648+0000] {logging_mixin.py:188} INFO - [2026-03-26T20:32:02.648+0000] {dag.py:3096} INFO - Sync 1 DAGs
[2026-03-26T20:32:02.655+0000] {logging_mixin.py:188} INFO - [2026-03-26T20:32:02.655+0000] {dag.py:3954} INFO - Setting next_dagrun for extraction_writer to 2026-03-22 00:00:00+00:00, run_after=2026-03-29 00:00:00+00:00
[2026-03-26T20:32:02.661+0000] {processor.py:183} INFO - Processing /opt/airflow/dags/etl.py took 0.185 seconds
[2026-03-26T20:32:32.942+0000] {processor.py:161} INFO - Started process (PID=344) to work on /opt/airflow/dags/etl.py
[2026-03-26T20:32:32.943+0000] {processor.py:830} INFO - Processing file /opt/airflow/dags/etl.py for tasks to queue
[2026-03-26T20:32:32.945+0000] {logging_mixin.py:188} INFO - [2026-03-26T20:32:32.944+0000] {dagbag.py:545} INFO - Filling up the DagBag from /opt/airflow/dags/etl.py
[2026-03-26T20:32:33.121+0000] {processor.py:840} INFO - DAG(s) 'extraction_writer' retrieved from /opt/airflow/dags/etl.py
[2026-03-26T20:32:33.132+0000] {logging_mixin.py:188} INFO - [2026-03-26T20:32:33.132+0000] {dag.py:3096} INFO - Sync 1 DAGs
[2026-03-26T20:32:33.143+0000] {logging_mixin.py:188} INFO - [2026-03-26T20:32:33.143+0000] {dag.py:3954} INFO - Setting next_dagrun for extraction_writer to 2026-03-22 00:00:00+00:00, run_after=2026-03-29 00:00:00+00:00
[2026-03-26T20:32:33.148+0000] {processor.py:183} INFO - Processing /opt/airflow/dags/etl.py took 0.213 seconds
[2026-03-26T20:33:03.212+0000] {processor.py:161} INFO - Started process (PID=349) to work on /opt/airflow/dags/etl.py
[2026-03-26T20:33:03.213+0000] {processor.py:830} INFO - Processing file /opt/airflow/dags/etl.py for tasks to queue
[2026-03-26T20:33:03.215+0000] {logging_mixin.py:188} INFO - [2026-03-26T20:33:03.215+0000] {dagbag.py:545} INFO - Filling up the DagBag from /opt/airflow/dags/etl.py
[2026-03-26T20:33:03.378+0000] {processor.py:840} INFO - DAG(s) 'extraction_writer' retrieved from /opt/airflow/dags/etl.py
[2026-03-26T20:33:03.389+0000] {logging_mixin.py:188} INFO - [2026-03-26T20:33:03.389+0000] {dag.py:3096} INFO - Sync 1 DAGs
[2026-03-26T20:33:03.397+0000] {logging_mixin.py:188} INFO - [2026-03-26T20:33:03.396+0000] {dag.py:3954} INFO - Setting next_dagrun for extraction_writer to 2026-03-22 00:00:00+00:00, run_after=2026-03-29 00:00:00+00:00
[2026-03-26T20:33:03.402+0000] {processor.py:183} INFO - Processing /opt/airflow/dags/etl.py took 0.196 seconds
[2026-03-26T20:33:33.641+0000] {processor.py:161} INFO - Started process (PID=354) to work on /opt/airflow/dags/etl.py
[2026-03-26T20:33:33.642+0000] {processor.py:830} INFO - Processing file /opt/airflow/dags/etl.py for tasks to queue
[2026-03-26T20:33:33.643+0000] {logging_mixin.py:188} INFO - [2026-03-26T20:33:33.643+0000] {dagbag.py:545} INFO - Filling up the DagBag from /opt/airflow/dags/etl.py
[2026-03-26T20:33:33.795+0000] {processor.py:840} INFO - DAG(s) 'extraction_writer' retrieved from /opt/airflow/dags/etl.py
[2026-03-26T20:33:33.805+0000] {logging_mixin.py:188} INFO - [2026-03-26T20:33:33.805+0000] {dag.py:3096} INFO - Sync 1 DAGs
[2026-03-26T20:33:33.813+0000] {logging_mixin.py:188} INFO - [2026-03-26T20:33:33.813+0000] {dag.py:3954} INFO - Setting next_dagrun for extraction_writer to 2026-03-22 00:00:00+00:00, run_after=2026-03-29 00:00:00+00:00
[2026-03-26T20:33:33.818+0000] {processor.py:183} INFO - Processing /opt/airflow/dags/etl.py took 0.183 seconds
[2026-03-26T20:34:03.937+0000] {processor.py:161} INFO - Started process (PID=359) to work on /opt/airflow/dags/etl.py
[2026-03-26T20:34:03.938+0000] {processor.py:830} INFO - Processing file /opt/airflow/dags/etl.py for tasks to queue
[2026-03-26T20:34:03.939+0000] {logging_mixin.py:188} INFO - [2026-03-26T20:34:03.939+0000] {dagbag.py:545} INFO - Filling up the DagBag from /opt/airflow/dags/etl.py
[2026-03-26T20:34:04.097+0000] {processor.py:840} INFO - DAG(s) 'extraction_writer' retrieved from /opt/airflow/dags/etl.py
[2026-03-26T20:34:04.106+0000] {logging_mixin.py:188} INFO - [2026-03-26T20:34:04.106+0000] {dag.py:3096} INFO - Sync 1 DAGs
[2026-03-26T20:34:04.113+0000] {logging_mixin.py:188} INFO - [2026-03-26T20:34:04.113+0000] {dag.py:3954} INFO - Setting next_dagrun for extraction_writer to 2026-03-22 00:00:00+00:00, run_after=2026-03-29 00:00:00+00:00
[2026-03-26T20:34:04.119+0000] {processor.py:183} INFO - Processing /opt/airflow/dags/etl.py took 0.188 seconds
[2026-03-26T20:34:34.325+0000] {processor.py:161} INFO - Started process (PID=364) to work on /opt/airflow/dags/etl.py
[2026-03-26T20:34:34.326+0000] {processor.py:830} INFO - Processing file /opt/airflow/dags/etl.py for tasks to queue
[2026-03-26T20:34:34.328+0000] {logging_mixin.py:188} INFO - [2026-03-26T20:34:34.327+0000] {dagbag.py:545} INFO - Filling up the DagBag from /opt/airflow/dags/etl.py
[2026-03-26T20:34:34.491+0000] {processor.py:840} INFO - DAG(s) 'extraction_writer' retrieved from /opt/airflow/dags/etl.py
[2026-03-26T20:34:34.501+0000] {logging_mixin.py:188} INFO - [2026-03-26T20:34:34.501+0000] {dag.py:3096} INFO - Sync 1 DAGs
[2026-03-26T20:34:34.509+0000] {logging_mixin.py:188} INFO - [2026-03-26T20:34:34.508+0000] {dag.py:3954} INFO - Setting next_dagrun for extraction_writer to 2026-03-22 00:00:00+00:00, run_after=2026-03-29 00:00:00+00:00
[2026-03-26T20:34:34.514+0000] {processor.py:183} INFO - Processing /opt/airflow/dags/etl.py took 0.195 seconds
[2026-03-26T20:35:04.584+0000] {processor.py:161} INFO - Started process (PID=369) to work on /opt/airflow/dags/etl.py
[2026-03-26T20:35:04.585+0000] {processor.py:830} INFO - Processing file /opt/airflow/dags/etl.py for tasks to queue
[2026-03-26T20:35:04.586+0000] {logging_mixin.py:188} INFO - [2026-03-26T20:35:04.586+0000] {dagbag.py:545} INFO - Filling up the DagBag from /opt/airflow/dags/etl.py
[2026-03-26T20:35:04.729+0000] {processor.py:840} INFO - DAG(s) 'extraction_writer' retrieved from /opt/airflow/dags/etl.py
[2026-03-26T20:35:04.742+0000] {logging_mixin.py:188} INFO - [2026-03-26T20:35:04.741+0000] {dag.py:3096} INFO - Sync 1 DAGs
[2026-03-26T20:35:04.750+0000] {logging_mixin.py:188} INFO - [2026-03-26T20:35:04.749+0000] {dag.py:3954} INFO - Setting next_dagrun for extraction_writer to 2026-03-22 00:00:00+00:00, run_after=2026-03-29 00:00:00+00:00
[2026-03-26T20:35:04.755+0000] {processor.py:183} INFO - Processing /opt/airflow/dags/etl.py took 0.175 seconds
[2026-03-26T20:35:35.051+0000] {processor.py:161} INFO - Started process (PID=374) to work on /opt/airflow/dags/etl.py
[2026-03-26T20:35:35.053+0000] {processor.py:830} INFO - Processing file /opt/airflow/dags/etl.py for tasks to queue
[2026-03-26T20:35:35.054+0000] {logging_mixin.py:188} INFO - [2026-03-26T20:35:35.054+0000] {dagbag.py:545} INFO - Filling up the DagBag from /opt/airflow/dags/etl.py
[2026-03-26T20:35:35.254+0000] {processor.py:840} INFO - DAG(s) 'extraction_writer' retrieved from /opt/airflow/dags/etl.py
[2026-03-26T20:35:35.268+0000] {logging_mixin.py:188} INFO - [2026-03-26T20:35:35.267+0000] {dag.py:3096} INFO - Sync 1 DAGs
[2026-03-26T20:35:35.279+0000] {logging_mixin.py:188} INFO - [2026-03-26T20:35:35.279+0000] {dag.py:3954} INFO - Setting next_dagrun for extraction_writer to 2026-03-22 00:00:00+00:00, run_after=2026-03-29 00:00:00+00:00
[2026-03-26T20:35:35.284+0000] {processor.py:183} INFO - Processing /opt/airflow/dags/etl.py took 0.238 seconds
[2026-03-26T20:36:05.545+0000] {processor.py:161} INFO - Started process (PID=379) to work on /opt/airflow/dags/etl.py
[2026-03-26T20:36:05.546+0000] {processor.py:830} INFO - Processing file /opt/airflow/dags/etl.py for tasks to queue
[2026-03-26T20:36:05.548+0000] {logging_mixin.py:188} INFO - [2026-03-26T20:36:05.547+0000] {dagbag.py:545} INFO - Filling up the DagBag from /opt/airflow/dags/etl.py
[2026-03-26T20:36:05.710+0000] {processor.py:840} INFO - DAG(s) 'extraction_writer' retrieved from /opt/airflow/dags/etl.py
[2026-03-26T20:36:05.724+0000] {logging_mixin.py:188} INFO - [2026-03-26T20:36:05.724+0000] {dag.py:3096} INFO - Sync 1 DAGs
[2026-03-26T20:36:05.733+0000] {logging_mixin.py:188} INFO - [2026-03-26T20:36:05.733+0000] {dag.py:3954} INFO - Setting next_dagrun for extraction_writer to 2026-03-22 00:00:00+00:00, run_after=2026-03-29 00:00:00+00:00
[2026-03-26T20:36:05.739+0000] {processor.py:183} INFO - Processing /opt/airflow/dags/etl.py took 0.200 seconds
[2026-03-26T20:36:35.805+0000] {processor.py:161} INFO - Started process (PID=384) to work on /opt/airflow/dags/etl.py
[2026-03-26T20:36:35.806+0000] {processor.py:830} INFO - Processing file /opt/airflow/dags/etl.py for tasks to queue
[2026-03-26T20:36:35.807+0000] {logging_mixin.py:188} INFO - [2026-03-26T20:36:35.807+0000] {dagbag.py:545} INFO - Filling up the DagBag from /opt/airflow/dags/etl.py
[2026-03-26T20:36:35.955+0000] {processor.py:840} INFO - DAG(s) 'extraction_writer' retrieved from /opt/airflow/dags/etl.py
[2026-03-26T20:36:35.969+0000] {logging_mixin.py:188} INFO - [2026-03-26T20:36:35.969+0000] {dag.py:3096} INFO - Sync 1 DAGs
[2026-03-26T20:36:35.975+0000] {logging_mixin.py:188} INFO - [2026-03-26T20:36:35.975+0000] {dag.py:3954} INFO - Setting next_dagrun for extraction_writer to 2026-03-22 00:00:00+00:00, run_after=2026-03-29 00:00:00+00:00
[2026-03-26T20:36:35.980+0000] {processor.py:183} INFO - Processing /opt/airflow/dags/etl.py took 0.182 seconds
[2026-03-26T20:37:06.269+0000] {processor.py:161} INFO - Started process (PID=389) to work on /opt/airflow/dags/etl.py
[2026-03-26T20:37:06.270+0000] {processor.py:830} INFO - Processing file /opt/airflow/dags/etl.py for tasks to queue
[2026-03-26T20:37:06.272+0000] {logging_mixin.py:188} INFO - [2026-03-26T20:37:06.271+0000] {dagbag.py:545} INFO - Filling up the DagBag from /opt/airflow/dags/etl.py
[2026-03-26T20:37:06.423+0000] {processor.py:840} INFO - DAG(s) 'extraction_writer' retrieved from /opt/airflow/dags/etl.py
[2026-03-26T20:37:06.436+0000] {logging_mixin.py:188} INFO - [2026-03-26T20:37:06.435+0000] {dag.py:3096} INFO - Sync 1 DAGs
[2026-03-26T20:37:06.443+0000] {logging_mixin.py:188} INFO - [2026-03-26T20:37:06.443+0000] {dag.py:3954} INFO - Setting next_dagrun for extraction_writer to 2026-03-22 00:00:00+00:00, run_after=2026-03-29 00:00:00+00:00
[2026-03-26T20:37:06.449+0000] {processor.py:183} INFO - Processing /opt/airflow/dags/etl.py took 0.186 seconds
[2026-03-26T20:37:36.561+0000] {processor.py:161} INFO - Started process (PID=394) to work on /opt/airflow/dags/etl.py
[2026-03-26T20:37:36.562+0000] {processor.py:830} INFO - Processing file /opt/airflow/dags/etl.py for tasks to queue
[2026-03-26T20:37:36.563+0000] {logging_mixin.py:188} INFO - [2026-03-26T20:37:36.563+0000] {dagbag.py:545} INFO - Filling up the DagBag from /opt/airflow/dags/etl.py
[2026-03-26T20:37:36.741+0000] {processor.py:840} INFO - DAG(s) 'extraction_writer' retrieved from /opt/airflow/dags/etl.py
[2026-03-26T20:37:36.753+0000] {logging_mixin.py:188} INFO - [2026-03-26T20:37:36.753+0000] {dag.py:3096} INFO - Sync 1 DAGs
[2026-03-26T20:37:36.761+0000] {logging_mixin.py:188} INFO - [2026-03-26T20:37:36.761+0000] {dag.py:3954} INFO - Setting next_dagrun for extraction_writer to 2026-03-22 00:00:00+00:00, run_after=2026-03-29 00:00:00+00:00
[2026-03-26T20:37:36.767+0000] {processor.py:183} INFO - Processing /opt/airflow/dags/etl.py took 0.213 seconds
[2026-03-26T20:38:06.916+0000] {processor.py:161} INFO - Started process (PID=399) to work on /opt/airflow/dags/etl.py
[2026-03-26T20:38:06.917+0000] {processor.py:830} INFO - Processing file /opt/airflow/dags/etl.py for tasks to queue
[2026-03-26T20:38:06.919+0000] {logging_mixin.py:188} INFO - [2026-03-26T20:38:06.919+0000] {dagbag.py:545} INFO - Filling up the DagBag from /opt/airflow/dags/etl.py
[2026-03-26T20:38:07.075+0000] {processor.py:840} INFO - DAG(s) 'extraction_writer' retrieved from /opt/airflow/dags/etl.py
[2026-03-26T20:38:07.085+0000] {logging_mixin.py:188} INFO - [2026-03-26T20:38:07.085+0000] {dag.py:3096} INFO - Sync 1 DAGs
[2026-03-26T20:38:07.093+0000] {logging_mixin.py:188} INFO - [2026-03-26T20:38:07.093+0000] {dag.py:3954} INFO - Setting next_dagrun for extraction_writer to 2026-03-22 00:00:00+00:00, run_after=2026-03-29 00:00:00+00:00
[2026-03-26T20:38:07.098+0000] {processor.py:183} INFO - Processing /opt/airflow/dags/etl.py took 0.189 seconds
[2026-03-26T20:38:37.265+0000] {processor.py:161} INFO - Started process (PID=404) to work on /opt/airflow/dags/etl.py
[2026-03-26T20:38:37.266+0000] {processor.py:830} INFO - Processing file /opt/airflow/dags/etl.py for tasks to queue
[2026-03-26T20:38:37.267+0000] {logging_mixin.py:188} INFO - [2026-03-26T20:38:37.267+0000] {dagbag.py:545} INFO - Filling up the DagBag from /opt/airflow/dags/etl.py
[2026-03-26T20:38:37.407+0000] {processor.py:840} INFO - DAG(s) 'extraction_writer' retrieved from /opt/airflow/dags/etl.py
[2026-03-26T20:38:37.417+0000] {logging_mixin.py:188} INFO - [2026-03-26T20:38:37.417+0000] {dag.py:3096} INFO - Sync 1 DAGs
[2026-03-26T20:38:37.424+0000] {logging_mixin.py:188} INFO - [2026-03-26T20:38:37.424+0000] {dag.py:3954} INFO - Setting next_dagrun for extraction_writer to 2026-03-22 00:00:00+00:00, run_after=2026-03-29 00:00:00+00:00
[2026-03-26T20:38:37.429+0000] {processor.py:183} INFO - Processing /opt/airflow/dags/etl.py took 0.167 seconds
[2026-03-26T20:39:07.617+0000] {processor.py:161} INFO - Started process (PID=409) to work on /opt/airflow/dags/etl.py
[2026-03-26T20:39:07.618+0000] {processor.py:830} INFO - Processing file /opt/airflow/dags/etl.py for tasks to queue
[2026-03-26T20:39:07.620+0000] {logging_mixin.py:188} INFO - [2026-03-26T20:39:07.620+0000] {dagbag.py:545} INFO - Filling up the DagBag from /opt/airflow/dags/etl.py
[2026-03-26T20:39:07.778+0000] {processor.py:840} INFO - DAG(s) 'extraction_writer' retrieved from /opt/airflow/dags/etl.py
[2026-03-26T20:39:07.789+0000] {logging_mixin.py:188} INFO - [2026-03-26T20:39:07.789+0000] {dag.py:3096} INFO - Sync 1 DAGs
[2026-03-26T20:39:07.796+0000] {logging_mixin.py:188} INFO - [2026-03-26T20:39:07.795+0000] {dag.py:3954} INFO - Setting next_dagrun for extraction_writer to 2026-03-22 00:00:00+00:00, run_after=2026-03-29 00:00:00+00:00
[2026-03-26T20:39:07.801+0000] {processor.py:183} INFO - Processing /opt/airflow/dags/etl.py took 0.192 seconds
[2026-03-26T20:39:37.916+0000] {processor.py:161} INFO - Started process (PID=414) to work on /opt/airflow/dags/etl.py
[2026-03-26T20:39:37.917+0000] {processor.py:830} INFO - Processing file /opt/airflow/dags/etl.py for tasks to queue
[2026-03-26T20:39:37.919+0000] {logging_mixin.py:188} INFO - [2026-03-26T20:39:37.918+0000] {dagbag.py:545} INFO - Filling up the DagBag from /opt/airflow/dags/etl.py
[2026-03-26T20:39:38.080+0000] {processor.py:840} INFO - DAG(s) 'extraction_writer' retrieved from /opt/airflow/dags/etl.py
[2026-03-26T20:39:38.091+0000] {logging_mixin.py:188} INFO - [2026-03-26T20:39:38.091+0000] {dag.py:3096} INFO - Sync 1 DAGs
[2026-03-26T20:39:38.097+0000] {logging_mixin.py:188} INFO - [2026-03-26T20:39:38.097+0000] {dag.py:3954} INFO - Setting next_dagrun for extraction_writer to 2026-03-22 00:00:00+00:00, run_after=2026-03-29 00:00:00+00:00
[2026-03-26T20:39:38.102+0000] {processor.py:183} INFO - Processing /opt/airflow/dags/etl.py took 0.193 seconds
[2026-03-26T20:40:08.370+0000] {processor.py:161} INFO - Started process (PID=419) to work on /opt/airflow/dags/etl.py
[2026-03-26T20:40:08.371+0000] {processor.py:830} INFO - Processing file /opt/airflow/dags/etl.py for tasks to queue
[2026-03-26T20:40:08.372+0000] {logging_mixin.py:188} INFO - [2026-03-26T20:40:08.372+0000] {dagbag.py:545} INFO - Filling up the DagBag from /opt/airflow/dags/etl.py
[2026-03-26T20:40:08.533+0000] {processor.py:840} INFO - DAG(s) 'extraction_writer' retrieved from /opt/airflow/dags/etl.py
[2026-03-26T20:40:08.542+0000] {logging_mixin.py:188} INFO - [2026-03-26T20:40:08.542+0000] {dag.py:3096} INFO - Sync 1 DAGs
[2026-03-26T20:40:08.549+0000] {logging_mixin.py:188} INFO - [2026-03-26T20:40:08.549+0000] {dag.py:3954} INFO - Setting next_dagrun for extraction_writer to 2026-03-22 00:00:00+00:00, run_after=2026-03-29 00:00:00+00:00
[2026-03-26T20:40:08.553+0000] {processor.py:183} INFO - Processing /opt/airflow/dags/etl.py took 0.190 seconds
[2026-03-26T20:40:38.642+0000] {processor.py:161} INFO - Started process (PID=424) to work on /opt/airflow/dags/etl.py
[2026-03-26T20:40:38.643+0000] {processor.py:830} INFO - Processing file /opt/airflow/dags/etl.py for tasks to queue
[2026-03-26T20:40:38.645+0000] {logging_mixin.py:188} INFO - [2026-03-26T20:40:38.645+0000] {dagbag.py:545} INFO - Filling up the DagBag from /opt/airflow/dags/etl.py
[2026-03-26T20:40:38.831+0000] {processor.py:840} INFO - DAG(s) 'extraction_writer' retrieved from /opt/airflow/dags/etl.py
[2026-03-26T20:40:38.843+0000] {logging_mixin.py:188} INFO - [2026-03-26T20:40:38.843+0000] {dag.py:3096} INFO - Sync 1 DAGs
[2026-03-26T20:40:38.850+0000] {logging_mixin.py:188} INFO - [2026-03-26T20:40:38.850+0000] {dag.py:3954} INFO - Setting next_dagrun for extraction_writer to 2026-03-22 00:00:00+00:00, run_after=2026-03-29 00:00:00+00:00
[2026-03-26T20:40:38.856+0000] {processor.py:183} INFO - Processing /opt/airflow/dags/etl.py took 0.221 seconds
[2026-03-26T20:41:08.969+0000] {processor.py:161} INFO - Started process (PID=429) to work on /opt/airflow/dags/etl.py
[2026-03-26T20:41:08.970+0000] {processor.py:830} INFO - Processing file /opt/airflow/dags/etl.py for tasks to queue
[2026-03-26T20:41:08.972+0000] {logging_mixin.py:188} INFO - [2026-03-26T20:41:08.972+0000] {dagbag.py:545} INFO - Filling up the DagBag from /opt/airflow/dags/etl.py
[2026-03-26T20:41:09.124+0000] {processor.py:840} INFO - DAG(s) 'extraction_writer' retrieved from /opt/airflow/dags/etl.py
[2026-03-26T20:41:09.134+0000] {logging_mixin.py:188} INFO - [2026-03-26T20:41:09.133+0000] {dag.py:3096} INFO - Sync 1 DAGs
[2026-03-26T20:41:09.141+0000] {logging_mixin.py:188} INFO - [2026-03-26T20:41:09.141+0000] {dag.py:3954} INFO - Setting next_dagrun for extraction_writer to 2026-03-22 00:00:00+00:00, run_after=2026-03-29 00:00:00+00:00
[2026-03-26T20:41:09.146+0000] {processor.py:183} INFO - Processing /opt/airflow/dags/etl.py took 0.183 seconds
[2026-03-26T20:41:39.389+0000] {processor.py:161} INFO - Started process (PID=434) to work on /opt/airflow/dags/etl.py
[2026-03-26T20:41:39.390+0000] {processor.py:830} INFO - Processing file /opt/airflow/dags/etl.py for tasks to queue
[2026-03-26T20:41:39.391+0000] {logging_mixin.py:188} INFO - [2026-03-26T20:41:39.391+0000] {dagbag.py:545} INFO - Filling up the DagBag from /opt/airflow/dags/etl.py
[2026-03-26T20:41:39.546+0000] {processor.py:840} INFO - DAG(s) 'extraction_writer' retrieved from /opt/airflow/dags/etl.py
[2026-03-26T20:41:39.556+0000] {logging_mixin.py:188} INFO - [2026-03-26T20:41:39.556+0000] {dag.py:3096} INFO - Sync 1 DAGs
[2026-03-26T20:41:39.564+0000] {logging_mixin.py:188} INFO - [2026-03-26T20:41:39.564+0000] {dag.py:3954} INFO - Setting next_dagrun for extraction_writer to 2026-03-22 00:00:00+00:00, run_after=2026-03-29 00:00:00+00:00
[2026-03-26T20:41:39.570+0000] {processor.py:183} INFO - Processing /opt/airflow/dags/etl.py took 0.186 seconds
[2026-03-26T20:42:09.656+0000] {processor.py:161} INFO - Started process (PID=439) to work on /opt/airflow/dags/etl.py
[2026-03-26T20:42:09.657+0000] {processor.py:830} INFO - Processing file /opt/airflow/dags/etl.py for tasks to queue
[2026-03-26T20:42:09.659+0000] {logging_mixin.py:188} INFO - [2026-03-26T20:42:09.658+0000] {dagbag.py:545} INFO - Filling up the DagBag from /opt/airflow/dags/etl.py
[2026-03-26T20:42:09.836+0000] {processor.py:840} INFO - DAG(s) 'extraction_writer' retrieved from /opt/airflow/dags/etl.py
[2026-03-26T20:42:09.848+0000] {logging_mixin.py:188} INFO - [2026-03-26T20:42:09.848+0000] {dag.py:3096} INFO - Sync 1 DAGs
[2026-03-26T20:42:09.856+0000] {logging_mixin.py:188} INFO - [2026-03-26T20:42:09.856+0000] {dag.py:3954} INFO - Setting next_dagrun for extraction_writer to 2026-03-22 00:00:00+00:00, run_after=2026-03-29 00:00:00+00:00
[2026-03-26T20:42:09.862+0000] {processor.py:183} INFO - Processing /opt/airflow/dags/etl.py took 0.213 seconds
[2026-03-26T20:42:40.057+0000] {processor.py:161} INFO - Started process (PID=444) to work on /opt/airflow/dags/etl.py
[2026-03-26T20:42:40.058+0000] {processor.py:830} INFO - Processing file /opt/airflow/dags/etl.py for tasks to queue
[2026-03-26T20:42:40.060+0000] {logging_mixin.py:188} INFO - [2026-03-26T20:42:40.059+0000] {dagbag.py:545} INFO - Filling up the DagBag from /opt/airflow/dags/etl.py
[2026-03-26T20:42:40.218+0000] {processor.py:840} INFO - DAG(s) 'extraction_writer' retrieved from /opt/airflow/dags/etl.py
[2026-03-26T20:42:40.227+0000] {logging_mixin.py:188} INFO - [2026-03-26T20:42:40.227+0000] {dag.py:3096} INFO - Sync 1 DAGs
[2026-03-26T20:42:40.234+0000] {logging_mixin.py:188} INFO - [2026-03-26T20:42:40.234+0000] {dag.py:3954} INFO - Setting next_dagrun for extraction_writer to 2026-03-22 00:00:00+00:00, run_after=2026-03-29 00:00:00+00:00
[2026-03-26T20:42:40.240+0000] {processor.py:183} INFO - Processing /opt/airflow/dags/etl.py took 0.188 seconds
[2026-03-26T20:43:10.334+0000] {processor.py:161} INFO - Started process (PID=449) to work on /opt/airflow/dags/etl.py
[2026-03-26T20:43:10.335+0000] {processor.py:830} INFO - Processing file /opt/airflow/dags/etl.py for tasks to queue
[2026-03-26T20:43:10.337+0000] {logging_mixin.py:188} INFO - [2026-03-26T20:43:10.337+0000] {dagbag.py:545} INFO - Filling up the DagBag from /opt/airflow/dags/etl.py
[2026-03-26T20:43:10.500+0000] {processor.py:840} INFO - DAG(s) 'extraction_writer' retrieved from /opt/airflow/dags/etl.py
[2026-03-26T20:43:10.510+0000] {logging_mixin.py:188} INFO - [2026-03-26T20:43:10.510+0000] {dag.py:3096} INFO - Sync 1 DAGs
[2026-03-26T20:43:10.518+0000] {logging_mixin.py:188} INFO - [2026-03-26T20:43:10.518+0000] {dag.py:3954} INFO - Setting next_dagrun for extraction_writer to 2026-03-22 00:00:00+00:00, run_after=2026-03-29 00:00:00+00:00
[2026-03-26T20:43:10.524+0000] {processor.py:183} INFO - Processing /opt/airflow/dags/etl.py took 0.196 seconds
[2026-03-26T20:43:40.726+0000] {processor.py:161} INFO - Started process (PID=454) to work on /opt/airflow/dags/etl.py
[2026-03-26T20:43:40.727+0000] {processor.py:830} INFO - Processing file /opt/airflow/dags/etl.py for tasks to queue
[2026-03-26T20:43:40.728+0000] {logging_mixin.py:188} INFO - [2026-03-26T20:43:40.728+0000] {dagbag.py:545} INFO - Filling up the DagBag from /opt/airflow/dags/etl.py
[2026-03-26T20:43:40.886+0000] {processor.py:840} INFO - DAG(s) 'extraction_writer' retrieved from /opt/airflow/dags/etl.py
[2026-03-26T20:43:40.895+0000] {logging_mixin.py:188} INFO - [2026-03-26T20:43:40.895+0000] {dag.py:3096} INFO - Sync 1 DAGs
[2026-03-26T20:43:40.902+0000] {logging_mixin.py:188} INFO - [2026-03-26T20:43:40.902+0000] {dag.py:3954} INFO - Setting next_dagrun for extraction_writer to 2026-03-22 00:00:00+00:00, run_after=2026-03-29 00:00:00+00:00
[2026-03-26T20:43:40.908+0000] {processor.py:183} INFO - Processing /opt/airflow/dags/etl.py took 0.188 seconds
[2026-03-26T20:44:11.031+0000] {processor.py:161} INFO - Started process (PID=459) to work on /opt/airflow/dags/etl.py
[2026-03-26T20:44:11.033+0000] {processor.py:830} INFO - Processing file /opt/airflow/dags/etl.py for tasks to queue
[2026-03-26T20:44:11.035+0000] {logging_mixin.py:188} INFO - [2026-03-26T20:44:11.035+0000] {dagbag.py:545} INFO - Filling up the DagBag from /opt/airflow/dags/etl.py
[2026-03-26T20:44:11.200+0000] {processor.py:840} INFO - DAG(s) 'extraction_writer' retrieved from /opt/airflow/dags/etl.py
[2026-03-26T20:44:11.209+0000] {logging_mixin.py:188} INFO - [2026-03-26T20:44:11.209+0000] {dag.py:3096} INFO - Sync 1 DAGs
[2026-03-26T20:44:11.217+0000] {logging_mixin.py:188} INFO - [2026-03-26T20:44:11.217+0000] {dag.py:3954} INFO - Setting next_dagrun for extraction_writer to 2026-03-22 00:00:00+00:00, run_after=2026-03-29 00:00:00+00:00
[2026-03-26T20:44:11.223+0000] {processor.py:183} INFO - Processing /opt/airflow/dags/etl.py took 0.197 seconds
[2026-03-26T20:44:41.444+0000] {processor.py:161} INFO - Started process (PID=464) to work on /opt/airflow/dags/etl.py
[2026-03-26T20:44:41.446+0000] {processor.py:830} INFO - Processing file /opt/airflow/dags/etl.py for tasks to queue
[2026-03-26T20:44:41.449+0000] {logging_mixin.py:188} INFO - [2026-03-26T20:44:41.447+0000] {dagbag.py:545} INFO - Filling up the DagBag from /opt/airflow/dags/etl.py
[2026-03-26T20:44:41.608+0000] {processor.py:840} INFO - DAG(s) 'extraction_writer' retrieved from /opt/airflow/dags/etl.py
[2026-03-26T20:44:41.617+0000] {logging_mixin.py:188} INFO - [2026-03-26T20:44:41.617+0000] {dag.py:3096} INFO - Sync 1 DAGs
[2026-03-26T20:44:41.626+0000] {logging_mixin.py:188} INFO - [2026-03-26T20:44:41.625+0000] {dag.py:3954} INFO - Setting next_dagrun for extraction_writer to 2026-03-22 00:00:00+00:00, run_after=2026-03-29 00:00:00+00:00
[2026-03-26T20:44:41.631+0000] {processor.py:183} INFO - Processing /opt/airflow/dags/etl.py took 0.193 seconds
[2026-03-26T20:45:11.752+0000] {processor.py:161} INFO - Started process (PID=469) to work on /opt/airflow/dags/etl.py
[2026-03-26T20:45:11.752+0000] {processor.py:830} INFO - Processing file /opt/airflow/dags/etl.py for tasks to queue
[2026-03-26T20:45:11.754+0000] {logging_mixin.py:188} INFO - [2026-03-26T20:45:11.754+0000] {dagbag.py:545} INFO - Filling up the DagBag from /opt/airflow/dags/etl.py
[2026-03-26T20:45:11.913+0000] {processor.py:840} INFO - DAG(s) 'extraction_writer' retrieved from /opt/airflow/dags/etl.py
[2026-03-26T20:45:11.924+0000] {logging_mixin.py:188} INFO - [2026-03-26T20:45:11.924+0000] {dag.py:3096} INFO - Sync 1 DAGs
[2026-03-26T20:45:11.931+0000] {logging_mixin.py:188} INFO - [2026-03-26T20:45:11.931+0000] {dag.py:3954} INFO - Setting next_dagrun for extraction_writer to 2026-03-22 00:00:00+00:00, run_after=2026-03-29 00:00:00+00:00
[2026-03-26T20:45:11.936+0000] {processor.py:183} INFO - Processing /opt/airflow/dags/etl.py took 0.191 seconds
[2026-03-26T20:45:42.145+0000] {processor.py:161} INFO - Started process (PID=474) to work on /opt/airflow/dags/etl.py
[2026-03-26T20:45:42.146+0000] {processor.py:830} INFO - Processing file /opt/airflow/dags/etl.py for tasks to queue
[2026-03-26T20:45:42.147+0000] {logging_mixin.py:188} INFO - [2026-03-26T20:45:42.147+0000] {dagbag.py:545} INFO - Filling up the DagBag from /opt/airflow/dags/etl.py
[2026-03-26T20:45:42.310+0000] {processor.py:840} INFO - DAG(s) 'extraction_writer' retrieved from /opt/airflow/dags/etl.py
[2026-03-26T20:45:42.320+0000] {logging_mixin.py:188} INFO - [2026-03-26T20:45:42.320+0000] {dag.py:3096} INFO - Sync 1 DAGs
[2026-03-26T20:45:42.328+0000] {logging_mixin.py:188} INFO - [2026-03-26T20:45:42.328+0000] {dag.py:3954} INFO - Setting next_dagrun for extraction_writer to 2026-03-22 00:00:00+00:00, run_after=2026-03-29 00:00:00+00:00
[2026-03-26T20:45:42.333+0000] {processor.py:183} INFO - Processing /opt/airflow/dags/etl.py took 0.196 seconds
[2026-03-26T20:46:12.477+0000] {processor.py:161} INFO - Started process (PID=479) to work on /opt/airflow/dags/etl.py
[2026-03-26T20:46:12.478+0000] {processor.py:830} INFO - Processing file /opt/airflow/dags/etl.py for tasks to queue
[2026-03-26T20:46:12.480+0000] {logging_mixin.py:188} INFO - [2026-03-26T20:46:12.479+0000] {dagbag.py:545} INFO - Filling up the DagBag from /opt/airflow/dags/etl.py
[2026-03-26T20:46:12.644+0000] {processor.py:840} INFO - DAG(s) 'extraction_writer' retrieved from /opt/airflow/dags/etl.py
[2026-03-26T20:46:12.653+0000] {logging_mixin.py:188} INFO - [2026-03-26T20:46:12.652+0000] {dag.py:3096} INFO - Sync 1 DAGs
[2026-03-26T20:46:12.659+0000] {logging_mixin.py:188} INFO - [2026-03-26T20:46:12.659+0000] {dag.py:3954} INFO - Setting next_dagrun for extraction_writer to 2026-03-22 00:00:00+00:00, run_after=2026-03-29 00:00:00+00:00
[2026-03-26T20:46:12.666+0000] {processor.py:183} INFO - Processing /opt/airflow/dags/etl.py took 0.196 seconds
[2026-03-26T20:46:42.775+0000] {processor.py:161} INFO - Started process (PID=484) to work on /opt/airflow/dags/etl.py
[2026-03-26T20:46:42.776+0000] {processor.py:830} INFO - Processing file /opt/airflow/dags/etl.py for tasks to queue
[2026-03-26T20:46:42.777+0000] {logging_mixin.py:188} INFO - [2026-03-26T20:46:42.777+0000] {dagbag.py:545} INFO - Filling up the DagBag from /opt/airflow/dags/etl.py
[2026-03-26T20:46:42.935+0000] {processor.py:840} INFO - DAG(s) 'extraction_writer' retrieved from /opt/airflow/dags/etl.py
[2026-03-26T20:46:42.945+0000] {logging_mixin.py:188} INFO - [2026-03-26T20:46:42.945+0000] {dag.py:3096} INFO - Sync 1 DAGs
[2026-03-26T20:46:42.953+0000] {logging_mixin.py:188} INFO - [2026-03-26T20:46:42.952+0000] {dag.py:3954} INFO - Setting next_dagrun for extraction_writer to 2026-03-22 00:00:00+00:00, run_after=2026-03-29 00:00:00+00:00
[2026-03-26T20:46:42.958+0000] {processor.py:183} INFO - Processing /opt/airflow/dags/etl.py took 0.191 seconds
[2026-03-26T20:47:13.127+0000] {processor.py:161} INFO - Started process (PID=489) to work on /opt/airflow/dags/etl.py
[2026-03-26T20:47:13.128+0000] {processor.py:830} INFO - Processing file /opt/airflow/dags/etl.py for tasks to queue
[2026-03-26T20:47:13.129+0000] {logging_mixin.py:188} INFO - [2026-03-26T20:47:13.129+0000] {dagbag.py:545} INFO - Filling up the DagBag from /opt/airflow/dags/etl.py
[2026-03-26T20:47:13.290+0000] {processor.py:840} INFO - DAG(s) 'extraction_writer' retrieved from /opt/airflow/dags/etl.py
[2026-03-26T20:47:13.299+0000] {logging_mixin.py:188} INFO - [2026-03-26T20:47:13.299+0000] {dag.py:3096} INFO - Sync 1 DAGs
[2026-03-26T20:47:13.307+0000] {logging_mixin.py:188} INFO - [2026-03-26T20:47:13.307+0000] {dag.py:3954} INFO - Setting next_dagrun for extraction_writer to 2026-03-22 00:00:00+00:00, run_after=2026-03-29 00:00:00+00:00
[2026-03-26T20:47:13.313+0000] {processor.py:183} INFO - Processing /opt/airflow/dags/etl.py took 0.192 seconds
[2026-03-26T20:47:43.507+0000] {processor.py:161} INFO - Started process (PID=494) to work on /opt/airflow/dags/etl.py
[2026-03-26T20:47:43.508+0000] {processor.py:830} INFO - Processing file /opt/airflow/dags/etl.py for tasks to queue
[2026-03-26T20:47:43.511+0000] {logging_mixin.py:188} INFO - [2026-03-26T20:47:43.511+0000] {dagbag.py:545} INFO - Filling up the DagBag from /opt/airflow/dags/etl.py
[2026-03-26T20:47:43.710+0000] {processor.py:840} INFO - DAG(s) 'extraction_writer' retrieved from /opt/airflow/dags/etl.py
[2026-03-26T20:47:43.720+0000] {logging_mixin.py:188} INFO - [2026-03-26T20:47:43.720+0000] {dag.py:3096} INFO - Sync 1 DAGs
[2026-03-26T20:47:43.727+0000] {logging_mixin.py:188} INFO - [2026-03-26T20:47:43.727+0000] {dag.py:3954} INFO - Setting next_dagrun for extraction_writer to 2026-03-22 00:00:00+00:00, run_after=2026-03-29 00:00:00+00:00
[2026-03-26T20:47:43.732+0000] {processor.py:183} INFO - Processing /opt/airflow/dags/etl.py took 0.232 seconds
[2026-03-26T20:48:13.901+0000] {processor.py:161} INFO - Started process (PID=499) to work on /opt/airflow/dags/etl.py
[2026-03-26T20:48:13.902+0000] {processor.py:830} INFO - Processing file /opt/airflow/dags/etl.py for tasks to queue
[2026-03-26T20:48:13.903+0000] {logging_mixin.py:188} INFO - [2026-03-26T20:48:13.903+0000] {dagbag.py:545} INFO - Filling up the DagBag from /opt/airflow/dags/etl.py
[2026-03-26T20:48:14.062+0000] {processor.py:840} INFO - DAG(s) 'extraction_writer' retrieved from /opt/airflow/dags/etl.py
[2026-03-26T20:48:14.074+0000] {logging_mixin.py:188} INFO - [2026-03-26T20:48:14.074+0000] {dag.py:3096} INFO - Sync 1 DAGs
[2026-03-26T20:48:14.081+0000] {logging_mixin.py:188} INFO - [2026-03-26T20:48:14.081+0000] {dag.py:3954} INFO - Setting next_dagrun for extraction_writer to 2026-03-22 00:00:00+00:00, run_after=2026-03-29 00:00:00+00:00
[2026-03-26T20:48:14.086+0000] {processor.py:183} INFO - Processing /opt/airflow/dags/etl.py took 0.193 seconds
[2026-03-26T20:48:44.370+0000] {processor.py:161} INFO - Started process (PID=504) to work on /opt/airflow/dags/etl.py
[2026-03-26T20:48:44.371+0000] {processor.py:830} INFO - Processing file /opt/airflow/dags/etl.py for tasks to queue
[2026-03-26T20:48:44.372+0000] {logging_mixin.py:188} INFO - [2026-03-26T20:48:44.372+0000] {dagbag.py:545} INFO - Filling up the DagBag from /opt/airflow/dags/etl.py
[2026-03-26T20:48:44.562+0000] {processor.py:840} INFO - DAG(s) 'extraction_writer' retrieved from /opt/airflow/dags/etl.py
[2026-03-26T20:48:44.574+0000] {logging_mixin.py:188} INFO - [2026-03-26T20:48:44.574+0000] {dag.py:3096} INFO - Sync 1 DAGs
[2026-03-26T20:48:44.584+0000] {logging_mixin.py:188} INFO - [2026-03-26T20:48:44.584+0000] {dag.py:3954} INFO - Setting next_dagrun for extraction_writer to 2026-03-22 00:00:00+00:00, run_after=2026-03-29 00:00:00+00:00
[2026-03-26T20:48:44.590+0000] {processor.py:183} INFO - Processing /opt/airflow/dags/etl.py took 0.226 seconds
[2026-03-26T20:49:14.624+0000] {processor.py:161} INFO - Started process (PID=509) to work on /opt/airflow/dags/etl.py
[2026-03-26T20:49:14.625+0000] {processor.py:830} INFO - Processing file /opt/airflow/dags/etl.py for tasks to queue
[2026-03-26T20:49:14.626+0000] {logging_mixin.py:188} INFO - [2026-03-26T20:49:14.626+0000] {dagbag.py:545} INFO - Filling up the DagBag from /opt/airflow/dags/etl.py
[2026-03-26T20:49:14.799+0000] {processor.py:840} INFO - DAG(s) 'extraction_writer' retrieved from /opt/airflow/dags/etl.py
[2026-03-26T20:49:14.809+0000] {logging_mixin.py:188} INFO - [2026-03-26T20:49:14.808+0000] {dag.py:3096} INFO - Sync 1 DAGs
[2026-03-26T20:49:14.817+0000] {logging_mixin.py:188} INFO - [2026-03-26T20:49:14.817+0000] {dag.py:3954} INFO - Setting next_dagrun for extraction_writer to 2026-03-22 00:00:00+00:00, run_after=2026-03-29 00:00:00+00:00
[2026-03-26T20:49:14.823+0000] {processor.py:183} INFO - Processing /opt/airflow/dags/etl.py took 0.207 seconds
[2026-03-26T20:49:44.867+0000] {processor.py:161} INFO - Started process (PID=514) to work on /opt/airflow/dags/etl.py
[2026-03-26T20:49:44.867+0000] {processor.py:830} INFO - Processing file /opt/airflow/dags/etl.py for tasks to queue
[2026-03-26T20:49:44.868+0000] {logging_mixin.py:188} INFO - [2026-03-26T20:49:44.868+0000] {dagbag.py:545} INFO - Filling up the DagBag from /opt/airflow/dags/etl.py
[2026-03-26T20:49:45.012+0000] {processor.py:840} INFO - DAG(s) 'extraction_writer' retrieved from /opt/airflow/dags/etl.py
[2026-03-26T20:49:45.023+0000] {logging_mixin.py:188} INFO - [2026-03-26T20:49:45.023+0000] {dag.py:3096} INFO - Sync 1 DAGs
[2026-03-26T20:49:45.031+0000] {logging_mixin.py:188} INFO - [2026-03-26T20:49:45.030+0000] {dag.py:3954} INFO - Setting next_dagrun for extraction_writer to 2026-03-22 00:00:00+00:00, run_after=2026-03-29 00:00:00+00:00
[2026-03-26T20:49:45.036+0000] {processor.py:183} INFO - Processing /opt/airflow/dags/etl.py took 0.173 seconds
[2026-03-26T20:50:15.150+0000] {processor.py:161} INFO - Started process (PID=519) to work on /opt/airflow/dags/etl.py
[2026-03-26T20:50:15.152+0000] {processor.py:830} INFO - Processing file /opt/airflow/dags/etl.py for tasks to queue
[2026-03-26T20:50:15.153+0000] {logging_mixin.py:188} INFO - [2026-03-26T20:50:15.153+0000] {dagbag.py:545} INFO - Filling up the DagBag from /opt/airflow/dags/etl.py
[2026-03-26T20:50:15.307+0000] {processor.py:840} INFO - DAG(s) 'extraction_writer' retrieved from /opt/airflow/dags/etl.py
[2026-03-26T20:50:15.317+0000] {logging_mixin.py:188} INFO - [2026-03-26T20:50:15.317+0000] {dag.py:3096} INFO - Sync 1 DAGs
[2026-03-26T20:50:15.325+0000] {logging_mixin.py:188} INFO - [2026-03-26T20:50:15.325+0000] {dag.py:3954} INFO - Setting next_dagrun for extraction_writer to 2026-03-22 00:00:00+00:00, run_after=2026-03-29 00:00:00+00:00
[2026-03-26T20:50:15.330+0000] {processor.py:183} INFO - Processing /opt/airflow/dags/etl.py took 0.186 seconds
[2026-03-26T20:50:45.592+0000] {processor.py:161} INFO - Started process (PID=524) to work on /opt/airflow/dags/etl.py
[2026-03-26T20:50:45.593+0000] {processor.py:830} INFO - Processing file /opt/airflow/dags/etl.py for tasks to queue
[2026-03-26T20:50:45.595+0000] {logging_mixin.py:188} INFO - [2026-03-26T20:50:45.594+0000] {dagbag.py:545} INFO - Filling up the DagBag from /opt/airflow/dags/etl.py
[2026-03-26T20:50:45.753+0000] {processor.py:840} INFO - DAG(s) 'extraction_writer' retrieved from /opt/airflow/dags/etl.py
[2026-03-26T20:50:45.763+0000] {logging_mixin.py:188} INFO - [2026-03-26T20:50:45.763+0000] {dag.py:3096} INFO - Sync 1 DAGs
[2026-03-26T20:50:45.771+0000] {logging_mixin.py:188} INFO - [2026-03-26T20:50:45.770+0000] {dag.py:3954} INFO - Setting next_dagrun for extraction_writer to 2026-03-22 00:00:00+00:00, run_after=2026-03-29 00:00:00+00:00
[2026-03-26T20:50:45.776+0000] {processor.py:183} INFO - Processing /opt/airflow/dags/etl.py took 0.191 seconds
[2026-03-26T20:51:15.865+0000] {processor.py:161} INFO - Started process (PID=529) to work on /opt/airflow/dags/etl.py
[2026-03-26T20:51:15.866+0000] {processor.py:830} INFO - Processing file /opt/airflow/dags/etl.py for tasks to queue
[2026-03-26T20:51:15.867+0000] {logging_mixin.py:188} INFO - [2026-03-26T20:51:15.867+0000] {dagbag.py:545} INFO - Filling up the DagBag from /opt/airflow/dags/etl.py
[2026-03-26T20:51:16.046+0000] {processor.py:840} INFO - DAG(s) 'extraction_writer' retrieved from /opt/airflow/dags/etl.py
[2026-03-26T20:51:16.057+0000] {logging_mixin.py:188} INFO - [2026-03-26T20:51:16.056+0000] {dag.py:3096} INFO - Sync 1 DAGs
[2026-03-26T20:51:16.064+0000] {logging_mixin.py:188} INFO - [2026-03-26T20:51:16.064+0000] {dag.py:3954} INFO - Setting next_dagrun for extraction_writer to 2026-03-22 00:00:00+00:00, run_after=2026-03-29 00:00:00+00:00
[2026-03-26T20:51:16.069+0000] {processor.py:183} INFO - Processing /opt/airflow/dags/etl.py took 0.211 seconds
[2026-03-26T20:51:46.288+0000] {processor.py:161} INFO - Started process (PID=534) to work on /opt/airflow/dags/etl.py
[2026-03-26T20:51:46.289+0000] {processor.py:830} INFO - Processing file /opt/airflow/dags/etl.py for tasks to queue
[2026-03-26T20:51:46.291+0000] {logging_mixin.py:188} INFO - [2026-03-26T20:51:46.290+0000] {dagbag.py:545} INFO - Filling up the DagBag from /opt/airflow/dags/etl.py
[2026-03-26T20:51:46.446+0000] {processor.py:840} INFO - DAG(s) 'extraction_writer' retrieved from /opt/airflow/dags/etl.py
[2026-03-26T20:51:46.456+0000] {logging_mixin.py:188} INFO - [2026-03-26T20:51:46.456+0000] {dag.py:3096} INFO - Sync 1 DAGs
[2026-03-26T20:51:46.464+0000] {logging_mixin.py:188} INFO - [2026-03-26T20:51:46.464+0000] {dag.py:3954} INFO - Setting next_dagrun for extraction_writer to 2026-03-22 00:00:00+00:00, run_after=2026-03-29 00:00:00+00:00
[2026-03-26T20:51:46.469+0000] {processor.py:183} INFO - Processing /opt/airflow/dags/etl.py took 0.187 seconds
[2026-03-26T20:52:16.576+0000] {processor.py:161} INFO - Started process (PID=539) to work on /opt/airflow/dags/etl.py
[2026-03-26T20:52:16.576+0000] {processor.py:830} INFO - Processing file /opt/airflow/dags/etl.py for tasks to queue
[2026-03-26T20:52:16.577+0000] {logging_mixin.py:188} INFO - [2026-03-26T20:52:16.577+0000] {dagbag.py:545} INFO - Filling up the DagBag from /opt/airflow/dags/etl.py
[2026-03-26T20:52:16.741+0000] {processor.py:840} INFO - DAG(s) 'extraction_writer' retrieved from /opt/airflow/dags/etl.py
[2026-03-26T20:52:16.750+0000] {logging_mixin.py:188} INFO - [2026-03-26T20:52:16.750+0000] {dag.py:3096} INFO - Sync 1 DAGs
[2026-03-26T20:52:16.757+0000] {logging_mixin.py:188} INFO - [2026-03-26T20:52:16.757+0000] {dag.py:3954} INFO - Setting next_dagrun for extraction_writer to 2026-03-22 00:00:00+00:00, run_after=2026-03-29 00:00:00+00:00
[2026-03-26T20:52:16.763+0000] {processor.py:183} INFO - Processing /opt/airflow/dags/etl.py took 0.192 seconds
[2026-03-26T20:52:46.949+0000] {processor.py:161} INFO - Started process (PID=544) to work on /opt/airflow/dags/etl.py
[2026-03-26T20:52:46.950+0000] {processor.py:830} INFO - Processing file /opt/airflow/dags/etl.py for tasks to queue
[2026-03-26T20:52:46.951+0000] {logging_mixin.py:188} INFO - [2026-03-26T20:52:46.951+0000] {dagbag.py:545} INFO - Filling up the DagBag from /opt/airflow/dags/etl.py
[2026-03-26T20:52:47.105+0000] {processor.py:840} INFO - DAG(s) 'extraction_writer' retrieved from /opt/airflow/dags/etl.py
[2026-03-26T20:52:47.115+0000] {logging_mixin.py:188} INFO - [2026-03-26T20:52:47.115+0000] {dag.py:3096} INFO - Sync 1 DAGs
[2026-03-26T20:52:47.122+0000] {logging_mixin.py:188} INFO - [2026-03-26T20:52:47.122+0000] {dag.py:3954} INFO - Setting next_dagrun for extraction_writer to 2026-03-22 00:00:00+00:00, run_after=2026-03-29 00:00:00+00:00
[2026-03-26T20:52:47.127+0000] {processor.py:183} INFO - Processing /opt/airflow/dags/etl.py took 0.182 seconds
[2026-03-26T20:53:17.229+0000] {processor.py:161} INFO - Started process (PID=549) to work on /opt/airflow/dags/etl.py
[2026-03-26T20:53:17.230+0000] {processor.py:830} INFO - Processing file /opt/airflow/dags/etl.py for tasks to queue
[2026-03-26T20:53:17.232+0000] {logging_mixin.py:188} INFO - [2026-03-26T20:53:17.232+0000] {dagbag.py:545} INFO - Filling up the DagBag from /opt/airflow/dags/etl.py
[2026-03-26T20:53:17.388+0000] {processor.py:840} INFO - DAG(s) 'extraction_writer' retrieved from /opt/airflow/dags/etl.py
[2026-03-26T20:53:17.397+0000] {logging_mixin.py:188} INFO - [2026-03-26T20:53:17.397+0000] {dag.py:3096} INFO - Sync 1 DAGs
[2026-03-26T20:53:17.405+0000] {logging_mixin.py:188} INFO - [2026-03-26T20:53:17.405+0000] {dag.py:3954} INFO - Setting next_dagrun for extraction_writer to 2026-03-22 00:00:00+00:00, run_after=2026-03-29 00:00:00+00:00
[2026-03-26T20:53:17.413+0000] {processor.py:183} INFO - Processing /opt/airflow/dags/etl.py took 0.190 seconds
[2026-03-26T20:53:47.597+0000] {processor.py:161} INFO - Started process (PID=554) to work on /opt/airflow/dags/etl.py
[2026-03-26T20:53:47.598+0000] {processor.py:830} INFO - Processing file /opt/airflow/dags/etl.py for tasks to queue
[2026-03-26T20:53:47.598+0000] {logging_mixin.py:188} INFO - [2026-03-26T20:53:47.598+0000] {dagbag.py:545} INFO - Filling up the DagBag from /opt/airflow/dags/etl.py
[2026-03-26T20:53:47.740+0000] {processor.py:840} INFO - DAG(s) 'extraction_writer' retrieved from /opt/airflow/dags/etl.py
[2026-03-26T20:53:47.749+0000] {logging_mixin.py:188} INFO - [2026-03-26T20:53:47.749+0000] {dag.py:3096} INFO - Sync 1 DAGs
[2026-03-26T20:53:47.756+0000] {logging_mixin.py:188} INFO - [2026-03-26T20:53:47.756+0000] {dag.py:3954} INFO - Setting next_dagrun for extraction_writer to 2026-03-22 00:00:00+00:00, run_after=2026-03-29 00:00:00+00:00
[2026-03-26T20:53:47.761+0000] {processor.py:183} INFO - Processing /opt/airflow/dags/etl.py took 0.166 seconds
[2026-03-26T20:54:17.935+0000] {processor.py:161} INFO - Started process (PID=559) to work on /opt/airflow/dags/etl.py
[2026-03-26T20:54:17.936+0000] {processor.py:830} INFO - Processing file /opt/airflow/dags/etl.py for tasks to queue
[2026-03-26T20:54:17.938+0000] {logging_mixin.py:188} INFO - [2026-03-26T20:54:17.938+0000] {dagbag.py:545} INFO - Filling up the DagBag from /opt/airflow/dags/etl.py
[2026-03-26T20:54:18.097+0000] {processor.py:840} INFO - DAG(s) 'extraction_writer' retrieved from /opt/airflow/dags/etl.py
[2026-03-26T20:54:18.108+0000] {logging_mixin.py:188} INFO - [2026-03-26T20:54:18.108+0000] {dag.py:3096} INFO - Sync 1 DAGs
[2026-03-26T20:54:18.116+0000] {logging_mixin.py:188} INFO - [2026-03-26T20:54:18.116+0000] {dag.py:3954} INFO - Setting next_dagrun for extraction_writer to 2026-03-22 00:00:00+00:00, run_after=2026-03-29 00:00:00+00:00
[2026-03-26T20:54:18.121+0000] {processor.py:183} INFO - Processing /opt/airflow/dags/etl.py took 0.193 seconds
[2026-03-26T20:54:48.288+0000] {processor.py:161} INFO - Started process (PID=564) to work on /opt/airflow/dags/etl.py
[2026-03-26T20:54:48.289+0000] {processor.py:830} INFO - Processing file /opt/airflow/dags/etl.py for tasks to queue
[2026-03-26T20:54:48.290+0000] {logging_mixin.py:188} INFO - [2026-03-26T20:54:48.290+0000] {dagbag.py:545} INFO - Filling up the DagBag from /opt/airflow/dags/etl.py
[2026-03-26T20:54:48.446+0000] {processor.py:840} INFO - DAG(s) 'extraction_writer' retrieved from /opt/airflow/dags/etl.py
[2026-03-26T20:54:48.457+0000] {logging_mixin.py:188} INFO - [2026-03-26T20:54:48.457+0000] {dag.py:3096} INFO - Sync 1 DAGs
[2026-03-26T20:54:48.464+0000] {logging_mixin.py:188} INFO - [2026-03-26T20:54:48.464+0000] {dag.py:3954} INFO - Setting next_dagrun for extraction_writer to 2026-03-22 00:00:00+00:00, run_after=2026-03-29 00:00:00+00:00
[2026-03-26T20:54:48.470+0000] {processor.py:183} INFO - Processing /opt/airflow/dags/etl.py took 0.186 seconds
[2026-03-26T20:55:18.840+0000] {processor.py:161} INFO - Started process (PID=569) to work on /opt/airflow/dags/etl.py
[2026-03-26T20:55:18.841+0000] {processor.py:830} INFO - Processing file /opt/airflow/dags/etl.py for tasks to queue
[2026-03-26T20:55:18.842+0000] {logging_mixin.py:188} INFO - [2026-03-26T20:55:18.842+0000] {dagbag.py:545} INFO - Filling up the DagBag from /opt/airflow/dags/etl.py
[2026-03-26T20:55:19.006+0000] {processor.py:840} INFO - DAG(s) 'extraction_writer' retrieved from /opt/airflow/dags/etl.py
[2026-03-26T20:55:19.017+0000] {logging_mixin.py:188} INFO - [2026-03-26T20:55:19.017+0000] {dag.py:3096} INFO - Sync 1 DAGs
[2026-03-26T20:55:19.024+0000] {logging_mixin.py:188} INFO - [2026-03-26T20:55:19.024+0000] {dag.py:3954} INFO - Setting next_dagrun for extraction_writer to 2026-03-22 00:00:00+00:00, run_after=2026-03-29 00:00:00+00:00
[2026-03-26T20:55:19.029+0000] {processor.py:183} INFO - Processing /opt/airflow/dags/etl.py took 0.196 seconds
[2026-03-26T20:55:49.107+0000] {processor.py:161} INFO - Started process (PID=574) to work on /opt/airflow/dags/etl.py
[2026-03-26T20:55:49.108+0000] {processor.py:830} INFO - Processing file /opt/airflow/dags/etl.py for tasks to queue
[2026-03-26T20:55:49.109+0000] {logging_mixin.py:188} INFO - [2026-03-26T20:55:49.109+0000] {dagbag.py:545} INFO - Filling up the DagBag from /opt/airflow/dags/etl.py
[2026-03-26T20:55:49.261+0000] {processor.py:840} INFO - DAG(s) 'extraction_writer' retrieved from /opt/airflow/dags/etl.py
[2026-03-26T20:55:49.271+0000] {logging_mixin.py:188} INFO - [2026-03-26T20:55:49.271+0000] {dag.py:3096} INFO - Sync 1 DAGs
[2026-03-26T20:55:49.280+0000] {logging_mixin.py:188} INFO - [2026-03-26T20:55:49.280+0000] {dag.py:3954} INFO - Setting next_dagrun for extraction_writer to 2026-03-22 00:00:00+00:00, run_after=2026-03-29 00:00:00+00:00
[2026-03-26T20:55:49.287+0000] {processor.py:183} INFO - Processing /opt/airflow/dags/etl.py took 0.184 seconds
[2026-03-26T20:56:19.371+0000] {processor.py:161} INFO - Started process (PID=579) to work on /opt/airflow/dags/etl.py
[2026-03-26T20:56:19.371+0000] {processor.py:830} INFO - Processing file /opt/airflow/dags/etl.py for tasks to queue
[2026-03-26T20:56:19.372+0000] {logging_mixin.py:188} INFO - [2026-03-26T20:56:19.372+0000] {dagbag.py:545} INFO - Filling up the DagBag from /opt/airflow/dags/etl.py
[2026-03-26T20:56:19.526+0000] {processor.py:840} INFO - DAG(s) 'extraction_writer' retrieved from /opt/airflow/dags/etl.py
[2026-03-26T20:56:19.538+0000] {logging_mixin.py:188} INFO - [2026-03-26T20:56:19.538+0000] {dag.py:3096} INFO - Sync 1 DAGs
[2026-03-26T20:56:19.545+0000] {logging_mixin.py:188} INFO - [2026-03-26T20:56:19.545+0000] {dag.py:3954} INFO - Setting next_dagrun for extraction_writer to 2026-03-22 00:00:00+00:00, run_after=2026-03-29 00:00:00+00:00
[2026-03-26T20:56:19.551+0000] {processor.py:183} INFO - Processing /opt/airflow/dags/etl.py took 0.183 seconds
