[2026-04-07T03:34:21.136+0000] {local_task_job_runner.py:120} INFO - ::group::Pre task execution logs
[2026-04-07T03:34:21.145+0000] {taskinstance.py:2076} INFO - Dependencies all met for dep_context=non-requeueable deps ti=<TaskInstance: etl_single_dag.body_TOP_10.body_task_TOP_10 scheduled__2026-04-06T00:00:00+00:00 [queued]>
[2026-04-07T03:34:21.147+0000] {taskinstance.py:2076} INFO - Dependencies all met for dep_context=requeueable deps ti=<TaskInstance: etl_single_dag.body_TOP_10.body_task_TOP_10 scheduled__2026-04-06T00:00:00+00:00 [queued]>
[2026-04-07T03:34:21.148+0000] {taskinstance.py:2306} INFO - Starting attempt 1 of 1
[2026-04-07T03:34:21.151+0000] {taskinstance.py:2330} INFO - Executing <Task(PythonOperator): body_TOP_10.body_task_TOP_10> on 2026-04-06 00:00:00+00:00
[2026-04-07T03:34:21.152+0000] {standard_task_runner.py:63} INFO - Started process 227 to run task
[2026-04-07T03:34:21.154+0000] {standard_task_runner.py:90} INFO - Running: ['***', 'tasks', 'run', 'etl_single_dag', 'body_TOP_10.body_task_TOP_10', 'scheduled__2026-04-06T00:00:00+00:00', '--job-id', '18', '--raw', '--subdir', 'DAGS_FOLDER/etl copy.py', '--cfg-path', '/tmp/tmpfw6iqzn4']
[2026-04-07T03:34:21.155+0000] {standard_task_runner.py:91} INFO - Job 18: Subtask body_TOP_10.body_task_TOP_10
[2026-04-07T03:34:21.171+0000] {task_command.py:426} INFO - Running <TaskInstance: etl_single_dag.body_TOP_10.body_task_TOP_10 scheduled__2026-04-06T00:00:00+00:00 [running]> on host c94487c71b04
[2026-04-07T03:34:21.196+0000] {taskinstance.py:2648} INFO - Exporting env vars: AIRFLOW_CTX_DAG_OWNER='***' AIRFLOW_CTX_DAG_ID='etl_single_dag' AIRFLOW_CTX_TASK_ID='body_TOP_10.body_task_TOP_10' AIRFLOW_CTX_EXECUTION_DATE='2026-04-06T00:00:00+00:00' AIRFLOW_CTX_TRY_NUMBER='1' AIRFLOW_CTX_DAG_RUN_ID='scheduled__2026-04-06T00:00:00+00:00'
[2026-04-07T03:34:21.196+0000] {taskinstance.py:430} INFO - ::endgroup::
[2026-04-07T03:34:21.203+0000] {taskinstance.py:441} INFO - ::group::Post task execution logs
[2026-04-07T03:34:21.203+0000] {taskinstance.py:2905} ERROR - Task failed with exception
Traceback (most recent call last):
  File "/home/airflow/.local/lib/python3.11/site-packages/airflow/models/taskinstance.py", line 465, in _execute_task
    result = _execute_callable(context=context, **execute_callable_kwargs)
             ^^^^^^^^^^^^^^^^^^^^^^^^^^^^^^^^^^^^^^^^^^^^^^^^^^^^^^^^^^^^^
  File "/home/airflow/.local/lib/python3.11/site-packages/airflow/models/taskinstance.py", line 432, in _execute_callable
    return execute_callable(context=context, **execute_callable_kwargs)
           ^^^^^^^^^^^^^^^^^^^^^^^^^^^^^^^^^^^^^^^^^^^^^^^^^^^^^^^^^^^^
  File "/home/airflow/.local/lib/python3.11/site-packages/airflow/models/baseoperator.py", line 401, in wrapper
    return func(self, *args, **kwargs)
           ^^^^^^^^^^^^^^^^^^^^^^^^^^^
  File "/home/airflow/.local/lib/python3.11/site-packages/airflow/operators/python.py", line 235, in execute
    return_value = self.execute_callable()
                   ^^^^^^^^^^^^^^^^^^^^^^^
  File "/home/airflow/.local/lib/python3.11/site-packages/airflow/operators/python.py", line 252, in execute_callable
    return self.python_callable(*self.op_args, **self.op_kwargs)
           ^^^^^^^^^^^^^^^^^^^^^^^^^^^^^^^^^^^^^^^^^^^^^^^^^^^^^
  File "/opt/airflow/dags/etl copy.py", line 41, in get_article_text_top
    for article in articles:
TypeError: 'NoneType' object is not iterable
[2026-04-07T03:34:21.208+0000] {taskinstance.py:1206} INFO - Marking task as FAILED. dag_id=etl_single_dag, task_id=body_TOP_10.body_task_TOP_10, run_id=scheduled__2026-04-06T00:00:00+00:00, execution_date=20260406T000000, start_date=20260407T033421, end_date=20260407T033421
[2026-04-07T03:34:21.212+0000] {standard_task_runner.py:110} ERROR - Failed to execute job 18 for task body_TOP_10.body_task_TOP_10 ('NoneType' object is not iterable; 227)
[2026-04-07T03:34:21.250+0000] {local_task_job_runner.py:240} INFO - Task exited with return code 1
[2026-04-07T03:34:21.259+0000] {taskinstance.py:3503} INFO - 0 downstream tasks scheduled from follow-on schedule check
[2026-04-07T03:34:21.260+0000] {local_task_job_runner.py:222} INFO - ::endgroup::
