[2026-03-31T03:35:37.068+0000] {processor.py:161} INFO - Started process (PID=165) to work on /opt/airflow/dags/etl.py
[2026-03-31T03:35:37.069+0000] {processor.py:830} INFO - Processing file /opt/airflow/dags/etl.py for tasks to queue
[2026-03-31T03:35:37.071+0000] {logging_mixin.py:188} INFO - [2026-03-31T03:35:37.071+0000] {dagbag.py:545} INFO - Filling up the DagBag from /opt/airflow/dags/etl.py
[2026-03-31T03:35:38.058+0000] {processor.py:840} INFO - DAG(s) 'extraction_writer' retrieved from /opt/airflow/dags/etl.py
[2026-03-31T03:35:38.100+0000] {logging_mixin.py:188} INFO - [2026-03-31T03:35:38.100+0000] {dag.py:3096} INFO - Sync 1 DAGs
[2026-03-31T03:35:38.134+0000] {logging_mixin.py:188} INFO - [2026-03-31T03:35:38.133+0000] {dag.py:3954} INFO - Setting next_dagrun for extraction_writer to 2026-03-29 00:00:00+00:00, run_after=2026-04-05 00:00:00+00:00
[2026-03-31T03:35:38.202+0000] {processor.py:183} INFO - Processing /opt/airflow/dags/etl.py took 1.138 seconds
[2026-03-31T03:36:08.335+0000] {processor.py:161} INFO - Started process (PID=173) to work on /opt/airflow/dags/etl.py
[2026-03-31T03:36:08.336+0000] {processor.py:830} INFO - Processing file /opt/airflow/dags/etl.py for tasks to queue
[2026-03-31T03:36:08.337+0000] {logging_mixin.py:188} INFO - [2026-03-31T03:36:08.337+0000] {dagbag.py:545} INFO - Filling up the DagBag from /opt/airflow/dags/etl.py
[2026-03-31T03:36:08.538+0000] {processor.py:840} INFO - DAG(s) 'extraction_writer' retrieved from /opt/airflow/dags/etl.py
[2026-03-31T03:36:08.546+0000] {logging_mixin.py:188} INFO - [2026-03-31T03:36:08.546+0000] {dag.py:3096} INFO - Sync 1 DAGs
[2026-03-31T03:36:08.553+0000] {logging_mixin.py:188} INFO - [2026-03-31T03:36:08.552+0000] {dag.py:3954} INFO - Setting next_dagrun for extraction_writer to 2026-03-29 00:00:00+00:00, run_after=2026-04-05 00:00:00+00:00
[2026-03-31T03:36:08.557+0000] {processor.py:183} INFO - Processing /opt/airflow/dags/etl.py took 0.228 seconds
[2026-03-31T03:36:38.742+0000] {processor.py:161} INFO - Started process (PID=180) to work on /opt/airflow/dags/etl.py
[2026-03-31T03:36:38.742+0000] {processor.py:830} INFO - Processing file /opt/airflow/dags/etl.py for tasks to queue
[2026-03-31T03:36:38.744+0000] {logging_mixin.py:188} INFO - [2026-03-31T03:36:38.744+0000] {dagbag.py:545} INFO - Filling up the DagBag from /opt/airflow/dags/etl.py
[2026-03-31T03:36:38.936+0000] {processor.py:840} INFO - DAG(s) 'extraction_writer' retrieved from /opt/airflow/dags/etl.py
[2026-03-31T03:36:38.944+0000] {logging_mixin.py:188} INFO - [2026-03-31T03:36:38.944+0000] {dag.py:3096} INFO - Sync 1 DAGs
[2026-03-31T03:36:38.949+0000] {logging_mixin.py:188} INFO - [2026-03-31T03:36:38.949+0000] {dag.py:3954} INFO - Setting next_dagrun for extraction_writer to 2026-03-29 00:00:00+00:00, run_after=2026-04-05 00:00:00+00:00
[2026-03-31T03:36:38.954+0000] {processor.py:183} INFO - Processing /opt/airflow/dags/etl.py took 0.218 seconds
[2026-03-31T03:37:09.052+0000] {processor.py:161} INFO - Started process (PID=185) to work on /opt/airflow/dags/etl.py
[2026-03-31T03:37:09.053+0000] {processor.py:830} INFO - Processing file /opt/airflow/dags/etl.py for tasks to queue
[2026-03-31T03:37:09.054+0000] {logging_mixin.py:188} INFO - [2026-03-31T03:37:09.054+0000] {dagbag.py:545} INFO - Filling up the DagBag from /opt/airflow/dags/etl.py
[2026-03-31T03:37:09.251+0000] {processor.py:840} INFO - DAG(s) 'extraction_writer' retrieved from /opt/airflow/dags/etl.py
[2026-03-31T03:37:09.259+0000] {logging_mixin.py:188} INFO - [2026-03-31T03:37:09.258+0000] {dag.py:3096} INFO - Sync 1 DAGs
[2026-03-31T03:37:09.264+0000] {logging_mixin.py:188} INFO - [2026-03-31T03:37:09.264+0000] {dag.py:3954} INFO - Setting next_dagrun for extraction_writer to 2026-03-29 00:00:00+00:00, run_after=2026-04-05 00:00:00+00:00
[2026-03-31T03:37:09.268+0000] {processor.py:183} INFO - Processing /opt/airflow/dags/etl.py took 0.223 seconds
[2026-03-31T03:37:39.454+0000] {processor.py:161} INFO - Started process (PID=190) to work on /opt/airflow/dags/etl.py
[2026-03-31T03:37:39.454+0000] {processor.py:830} INFO - Processing file /opt/airflow/dags/etl.py for tasks to queue
[2026-03-31T03:37:39.456+0000] {logging_mixin.py:188} INFO - [2026-03-31T03:37:39.456+0000] {dagbag.py:545} INFO - Filling up the DagBag from /opt/airflow/dags/etl.py
[2026-03-31T03:37:39.639+0000] {processor.py:840} INFO - DAG(s) 'extraction_writer' retrieved from /opt/airflow/dags/etl.py
[2026-03-31T03:37:39.646+0000] {logging_mixin.py:188} INFO - [2026-03-31T03:37:39.646+0000] {dag.py:3096} INFO - Sync 1 DAGs
[2026-03-31T03:37:39.652+0000] {logging_mixin.py:188} INFO - [2026-03-31T03:37:39.651+0000] {dag.py:3954} INFO - Setting next_dagrun for extraction_writer to 2026-03-29 00:00:00+00:00, run_after=2026-04-05 00:00:00+00:00
[2026-03-31T03:37:39.656+0000] {processor.py:183} INFO - Processing /opt/airflow/dags/etl.py took 0.207 seconds
[2026-03-31T03:38:09.776+0000] {processor.py:161} INFO - Started process (PID=195) to work on /opt/airflow/dags/etl.py
[2026-03-31T03:38:09.777+0000] {processor.py:830} INFO - Processing file /opt/airflow/dags/etl.py for tasks to queue
[2026-03-31T03:38:09.779+0000] {logging_mixin.py:188} INFO - [2026-03-31T03:38:09.778+0000] {dagbag.py:545} INFO - Filling up the DagBag from /opt/airflow/dags/etl.py
[2026-03-31T03:38:09.969+0000] {processor.py:840} INFO - DAG(s) 'extraction_writer' retrieved from /opt/airflow/dags/etl.py
[2026-03-31T03:38:09.976+0000] {logging_mixin.py:188} INFO - [2026-03-31T03:38:09.976+0000] {dag.py:3096} INFO - Sync 1 DAGs
[2026-03-31T03:38:09.982+0000] {logging_mixin.py:188} INFO - [2026-03-31T03:38:09.982+0000] {dag.py:3954} INFO - Setting next_dagrun for extraction_writer to 2026-03-29 00:00:00+00:00, run_after=2026-04-05 00:00:00+00:00
[2026-03-31T03:38:09.987+0000] {processor.py:183} INFO - Processing /opt/airflow/dags/etl.py took 0.216 seconds
[2026-03-31T03:38:40.180+0000] {processor.py:161} INFO - Started process (PID=200) to work on /opt/airflow/dags/etl.py
[2026-03-31T03:38:40.181+0000] {processor.py:830} INFO - Processing file /opt/airflow/dags/etl.py for tasks to queue
[2026-03-31T03:38:40.182+0000] {logging_mixin.py:188} INFO - [2026-03-31T03:38:40.182+0000] {dagbag.py:545} INFO - Filling up the DagBag from /opt/airflow/dags/etl.py
[2026-03-31T03:38:40.370+0000] {processor.py:840} INFO - DAG(s) 'extraction_writer' retrieved from /opt/airflow/dags/etl.py
[2026-03-31T03:38:40.377+0000] {logging_mixin.py:188} INFO - [2026-03-31T03:38:40.377+0000] {dag.py:3096} INFO - Sync 1 DAGs
[2026-03-31T03:38:40.383+0000] {logging_mixin.py:188} INFO - [2026-03-31T03:38:40.383+0000] {dag.py:3954} INFO - Setting next_dagrun for extraction_writer to 2026-03-29 00:00:00+00:00, run_after=2026-04-05 00:00:00+00:00
[2026-03-31T03:38:40.387+0000] {processor.py:183} INFO - Processing /opt/airflow/dags/etl.py took 0.213 seconds
[2026-03-31T03:39:10.505+0000] {processor.py:161} INFO - Started process (PID=205) to work on /opt/airflow/dags/etl.py
[2026-03-31T03:39:10.505+0000] {processor.py:830} INFO - Processing file /opt/airflow/dags/etl.py for tasks to queue
[2026-03-31T03:39:10.506+0000] {logging_mixin.py:188} INFO - [2026-03-31T03:39:10.506+0000] {dagbag.py:545} INFO - Filling up the DagBag from /opt/airflow/dags/etl.py
[2026-03-31T03:39:10.694+0000] {processor.py:840} INFO - DAG(s) 'extraction_writer' retrieved from /opt/airflow/dags/etl.py
[2026-03-31T03:39:10.701+0000] {logging_mixin.py:188} INFO - [2026-03-31T03:39:10.701+0000] {dag.py:3096} INFO - Sync 1 DAGs
[2026-03-31T03:39:10.707+0000] {logging_mixin.py:188} INFO - [2026-03-31T03:39:10.707+0000] {dag.py:3954} INFO - Setting next_dagrun for extraction_writer to 2026-03-29 00:00:00+00:00, run_after=2026-04-05 00:00:00+00:00
[2026-03-31T03:39:10.711+0000] {processor.py:183} INFO - Processing /opt/airflow/dags/etl.py took 0.212 seconds
[2026-03-31T03:39:40.882+0000] {processor.py:161} INFO - Started process (PID=210) to work on /opt/airflow/dags/etl.py
[2026-03-31T03:39:40.883+0000] {processor.py:830} INFO - Processing file /opt/airflow/dags/etl.py for tasks to queue
[2026-03-31T03:39:40.884+0000] {logging_mixin.py:188} INFO - [2026-03-31T03:39:40.884+0000] {dagbag.py:545} INFO - Filling up the DagBag from /opt/airflow/dags/etl.py
[2026-03-31T03:39:41.077+0000] {processor.py:840} INFO - DAG(s) 'extraction_writer' retrieved from /opt/airflow/dags/etl.py
[2026-03-31T03:39:41.085+0000] {logging_mixin.py:188} INFO - [2026-03-31T03:39:41.084+0000] {dag.py:3096} INFO - Sync 1 DAGs
[2026-03-31T03:39:41.090+0000] {logging_mixin.py:188} INFO - [2026-03-31T03:39:41.090+0000] {dag.py:3954} INFO - Setting next_dagrun for extraction_writer to 2026-03-29 00:00:00+00:00, run_after=2026-04-05 00:00:00+00:00
[2026-03-31T03:39:41.095+0000] {processor.py:183} INFO - Processing /opt/airflow/dags/etl.py took 0.219 seconds
[2026-03-31T03:40:11.122+0000] {processor.py:161} INFO - Started process (PID=215) to work on /opt/airflow/dags/etl.py
[2026-03-31T03:40:11.123+0000] {processor.py:830} INFO - Processing file /opt/airflow/dags/etl.py for tasks to queue
[2026-03-31T03:40:11.124+0000] {logging_mixin.py:188} INFO - [2026-03-31T03:40:11.124+0000] {dagbag.py:545} INFO - Filling up the DagBag from /opt/airflow/dags/etl.py
[2026-03-31T03:40:11.326+0000] {processor.py:840} INFO - DAG(s) 'extraction_writer' retrieved from /opt/airflow/dags/etl.py
[2026-03-31T03:40:11.334+0000] {logging_mixin.py:188} INFO - [2026-03-31T03:40:11.334+0000] {dag.py:3096} INFO - Sync 1 DAGs
[2026-03-31T03:40:11.339+0000] {logging_mixin.py:188} INFO - [2026-03-31T03:40:11.339+0000] {dag.py:3954} INFO - Setting next_dagrun for extraction_writer to 2026-03-29 00:00:00+00:00, run_after=2026-04-05 00:00:00+00:00
[2026-03-31T03:40:11.344+0000] {processor.py:183} INFO - Processing /opt/airflow/dags/etl.py took 0.229 seconds
[2026-03-31T03:40:41.656+0000] {processor.py:161} INFO - Started process (PID=220) to work on /opt/airflow/dags/etl.py
[2026-03-31T03:40:41.657+0000] {processor.py:830} INFO - Processing file /opt/airflow/dags/etl.py for tasks to queue
[2026-03-31T03:40:41.659+0000] {logging_mixin.py:188} INFO - [2026-03-31T03:40:41.658+0000] {dagbag.py:545} INFO - Filling up the DagBag from /opt/airflow/dags/etl.py
[2026-03-31T03:40:41.876+0000] {processor.py:840} INFO - DAG(s) 'extraction_writer' retrieved from /opt/airflow/dags/etl.py
[2026-03-31T03:40:41.884+0000] {logging_mixin.py:188} INFO - [2026-03-31T03:40:41.884+0000] {dag.py:3096} INFO - Sync 1 DAGs
[2026-03-31T03:40:41.890+0000] {logging_mixin.py:188} INFO - [2026-03-31T03:40:41.890+0000] {dag.py:3954} INFO - Setting next_dagrun for extraction_writer to 2026-03-29 00:00:00+00:00, run_after=2026-04-05 00:00:00+00:00
[2026-03-31T03:40:41.895+0000] {processor.py:183} INFO - Processing /opt/airflow/dags/etl.py took 0.245 seconds
[2026-03-31T03:41:11.995+0000] {processor.py:161} INFO - Started process (PID=225) to work on /opt/airflow/dags/etl.py
[2026-03-31T03:41:11.996+0000] {processor.py:830} INFO - Processing file /opt/airflow/dags/etl.py for tasks to queue
[2026-03-31T03:41:11.996+0000] {logging_mixin.py:188} INFO - [2026-03-31T03:41:11.996+0000] {dagbag.py:545} INFO - Filling up the DagBag from /opt/airflow/dags/etl.py
[2026-03-31T03:41:12.138+0000] {processor.py:840} INFO - DAG(s) 'extraction_writer' retrieved from /opt/airflow/dags/etl.py
[2026-03-31T03:41:12.146+0000] {logging_mixin.py:188} INFO - [2026-03-31T03:41:12.146+0000] {dag.py:3096} INFO - Sync 1 DAGs
[2026-03-31T03:41:12.154+0000] {logging_mixin.py:188} INFO - [2026-03-31T03:41:12.153+0000] {dag.py:3954} INFO - Setting next_dagrun for extraction_writer to 2026-03-29 00:00:00+00:00, run_after=2026-04-05 00:00:00+00:00
[2026-03-31T03:41:12.159+0000] {processor.py:183} INFO - Processing /opt/airflow/dags/etl.py took 0.167 seconds
[2026-03-31T03:41:42.440+0000] {processor.py:161} INFO - Started process (PID=230) to work on /opt/airflow/dags/etl.py
[2026-03-31T03:41:42.440+0000] {processor.py:830} INFO - Processing file /opt/airflow/dags/etl.py for tasks to queue
[2026-03-31T03:41:42.442+0000] {logging_mixin.py:188} INFO - [2026-03-31T03:41:42.441+0000] {dagbag.py:545} INFO - Filling up the DagBag from /opt/airflow/dags/etl.py
[2026-03-31T03:41:42.585+0000] {processor.py:840} INFO - DAG(s) 'extraction_writer' retrieved from /opt/airflow/dags/etl.py
[2026-03-31T03:41:42.594+0000] {logging_mixin.py:188} INFO - [2026-03-31T03:41:42.594+0000] {dag.py:3096} INFO - Sync 1 DAGs
[2026-03-31T03:41:42.600+0000] {logging_mixin.py:188} INFO - [2026-03-31T03:41:42.600+0000] {dag.py:3954} INFO - Setting next_dagrun for extraction_writer to 2026-03-29 00:00:00+00:00, run_after=2026-04-05 00:00:00+00:00
[2026-03-31T03:41:42.605+0000] {processor.py:183} INFO - Processing /opt/airflow/dags/etl.py took 0.171 seconds
[2026-03-31T03:42:12.732+0000] {processor.py:161} INFO - Started process (PID=235) to work on /opt/airflow/dags/etl.py
[2026-03-31T03:42:12.733+0000] {processor.py:830} INFO - Processing file /opt/airflow/dags/etl.py for tasks to queue
[2026-03-31T03:42:12.735+0000] {logging_mixin.py:188} INFO - [2026-03-31T03:42:12.734+0000] {dagbag.py:545} INFO - Filling up the DagBag from /opt/airflow/dags/etl.py
[2026-03-31T03:42:12.899+0000] {processor.py:840} INFO - DAG(s) 'extraction_writer' retrieved from /opt/airflow/dags/etl.py
[2026-03-31T03:42:12.908+0000] {logging_mixin.py:188} INFO - [2026-03-31T03:42:12.908+0000] {dag.py:3096} INFO - Sync 1 DAGs
[2026-03-31T03:42:12.915+0000] {logging_mixin.py:188} INFO - [2026-03-31T03:42:12.914+0000] {dag.py:3954} INFO - Setting next_dagrun for extraction_writer to 2026-03-29 00:00:00+00:00, run_after=2026-04-05 00:00:00+00:00
[2026-03-31T03:42:12.920+0000] {processor.py:183} INFO - Processing /opt/airflow/dags/etl.py took 0.194 seconds
[2026-03-31T03:42:43.158+0000] {processor.py:161} INFO - Started process (PID=242) to work on /opt/airflow/dags/etl.py
[2026-03-31T03:42:43.159+0000] {processor.py:830} INFO - Processing file /opt/airflow/dags/etl.py for tasks to queue
[2026-03-31T03:42:43.160+0000] {logging_mixin.py:188} INFO - [2026-03-31T03:42:43.160+0000] {dagbag.py:545} INFO - Filling up the DagBag from /opt/airflow/dags/etl.py
[2026-03-31T03:42:43.303+0000] {processor.py:840} INFO - DAG(s) 'extraction_writer' retrieved from /opt/airflow/dags/etl.py
[2026-03-31T03:42:43.311+0000] {logging_mixin.py:188} INFO - [2026-03-31T03:42:43.311+0000] {dag.py:3096} INFO - Sync 1 DAGs
[2026-03-31T03:42:43.317+0000] {logging_mixin.py:188} INFO - [2026-03-31T03:42:43.317+0000] {dag.py:3954} INFO - Setting next_dagrun for extraction_writer to 2026-03-29 00:00:00+00:00, run_after=2026-04-05 00:00:00+00:00
[2026-03-31T03:42:43.322+0000] {processor.py:183} INFO - Processing /opt/airflow/dags/etl.py took 0.170 seconds
[2026-03-31T03:43:13.396+0000] {processor.py:161} INFO - Started process (PID=247) to work on /opt/airflow/dags/etl.py
[2026-03-31T03:43:13.396+0000] {processor.py:830} INFO - Processing file /opt/airflow/dags/etl.py for tasks to queue
[2026-03-31T03:43:13.398+0000] {logging_mixin.py:188} INFO - [2026-03-31T03:43:13.398+0000] {dagbag.py:545} INFO - Filling up the DagBag from /opt/airflow/dags/etl.py
[2026-03-31T03:43:13.542+0000] {processor.py:840} INFO - DAG(s) 'extraction_writer' retrieved from /opt/airflow/dags/etl.py
[2026-03-31T03:43:13.550+0000] {logging_mixin.py:188} INFO - [2026-03-31T03:43:13.550+0000] {dag.py:3096} INFO - Sync 1 DAGs
[2026-03-31T03:43:13.556+0000] {logging_mixin.py:188} INFO - [2026-03-31T03:43:13.556+0000] {dag.py:3954} INFO - Setting next_dagrun for extraction_writer to 2026-03-29 00:00:00+00:00, run_after=2026-04-05 00:00:00+00:00
[2026-03-31T03:43:13.561+0000] {processor.py:183} INFO - Processing /opt/airflow/dags/etl.py took 0.171 seconds
[2026-03-31T03:43:43.809+0000] {processor.py:161} INFO - Started process (PID=252) to work on /opt/airflow/dags/etl.py
[2026-03-31T03:43:43.810+0000] {processor.py:830} INFO - Processing file /opt/airflow/dags/etl.py for tasks to queue
[2026-03-31T03:43:43.811+0000] {logging_mixin.py:188} INFO - [2026-03-31T03:43:43.811+0000] {dagbag.py:545} INFO - Filling up the DagBag from /opt/airflow/dags/etl.py
[2026-03-31T03:43:43.956+0000] {processor.py:840} INFO - DAG(s) 'extraction_writer' retrieved from /opt/airflow/dags/etl.py
[2026-03-31T03:43:43.964+0000] {logging_mixin.py:188} INFO - [2026-03-31T03:43:43.964+0000] {dag.py:3096} INFO - Sync 1 DAGs
[2026-03-31T03:43:43.971+0000] {logging_mixin.py:188} INFO - [2026-03-31T03:43:43.971+0000] {dag.py:3954} INFO - Setting next_dagrun for extraction_writer to 2026-03-29 00:00:00+00:00, run_after=2026-04-05 00:00:00+00:00
[2026-03-31T03:43:43.976+0000] {processor.py:183} INFO - Processing /opt/airflow/dags/etl.py took 0.173 seconds
[2026-03-31T03:44:14.086+0000] {processor.py:161} INFO - Started process (PID=257) to work on /opt/airflow/dags/etl.py
[2026-03-31T03:44:14.086+0000] {processor.py:830} INFO - Processing file /opt/airflow/dags/etl.py for tasks to queue
[2026-03-31T03:44:14.088+0000] {logging_mixin.py:188} INFO - [2026-03-31T03:44:14.087+0000] {dagbag.py:545} INFO - Filling up the DagBag from /opt/airflow/dags/etl.py
[2026-03-31T03:44:14.237+0000] {processor.py:840} INFO - DAG(s) 'extraction_writer' retrieved from /opt/airflow/dags/etl.py
[2026-03-31T03:44:14.245+0000] {logging_mixin.py:188} INFO - [2026-03-31T03:44:14.245+0000] {dag.py:3096} INFO - Sync 1 DAGs
[2026-03-31T03:44:14.252+0000] {logging_mixin.py:188} INFO - [2026-03-31T03:44:14.252+0000] {dag.py:3954} INFO - Setting next_dagrun for extraction_writer to 2026-03-29 00:00:00+00:00, run_after=2026-04-05 00:00:00+00:00
[2026-03-31T03:44:14.257+0000] {processor.py:183} INFO - Processing /opt/airflow/dags/etl.py took 0.176 seconds
[2026-03-31T03:44:44.502+0000] {processor.py:161} INFO - Started process (PID=262) to work on /opt/airflow/dags/etl.py
[2026-03-31T03:44:44.503+0000] {processor.py:830} INFO - Processing file /opt/airflow/dags/etl.py for tasks to queue
[2026-03-31T03:44:44.504+0000] {logging_mixin.py:188} INFO - [2026-03-31T03:44:44.504+0000] {dagbag.py:545} INFO - Filling up the DagBag from /opt/airflow/dags/etl.py
[2026-03-31T03:44:44.645+0000] {processor.py:840} INFO - DAG(s) 'extraction_writer' retrieved from /opt/airflow/dags/etl.py
[2026-03-31T03:44:44.654+0000] {logging_mixin.py:188} INFO - [2026-03-31T03:44:44.654+0000] {dag.py:3096} INFO - Sync 1 DAGs
[2026-03-31T03:44:44.660+0000] {logging_mixin.py:188} INFO - [2026-03-31T03:44:44.660+0000] {dag.py:3954} INFO - Setting next_dagrun for extraction_writer to 2026-03-29 00:00:00+00:00, run_after=2026-04-05 00:00:00+00:00
[2026-03-31T03:44:44.665+0000] {processor.py:183} INFO - Processing /opt/airflow/dags/etl.py took 0.169 seconds
[2026-03-31T03:45:14.792+0000] {processor.py:161} INFO - Started process (PID=267) to work on /opt/airflow/dags/etl.py
[2026-03-31T03:45:14.793+0000] {processor.py:830} INFO - Processing file /opt/airflow/dags/etl.py for tasks to queue
[2026-03-31T03:45:14.794+0000] {logging_mixin.py:188} INFO - [2026-03-31T03:45:14.794+0000] {dagbag.py:545} INFO - Filling up the DagBag from /opt/airflow/dags/etl.py
[2026-03-31T03:45:14.945+0000] {processor.py:840} INFO - DAG(s) 'extraction_writer' retrieved from /opt/airflow/dags/etl.py
[2026-03-31T03:45:14.954+0000] {logging_mixin.py:188} INFO - [2026-03-31T03:45:14.954+0000] {dag.py:3096} INFO - Sync 1 DAGs
[2026-03-31T03:45:14.960+0000] {logging_mixin.py:188} INFO - [2026-03-31T03:45:14.960+0000] {dag.py:3954} INFO - Setting next_dagrun for extraction_writer to 2026-03-29 00:00:00+00:00, run_after=2026-04-05 00:00:00+00:00
[2026-03-31T03:45:14.965+0000] {processor.py:183} INFO - Processing /opt/airflow/dags/etl.py took 0.181 seconds
[2026-03-31T03:45:45.188+0000] {processor.py:161} INFO - Started process (PID=272) to work on /opt/airflow/dags/etl.py
[2026-03-31T03:45:45.189+0000] {processor.py:830} INFO - Processing file /opt/airflow/dags/etl.py for tasks to queue
[2026-03-31T03:45:45.190+0000] {logging_mixin.py:188} INFO - [2026-03-31T03:45:45.190+0000] {dagbag.py:545} INFO - Filling up the DagBag from /opt/airflow/dags/etl.py
[2026-03-31T03:45:45.316+0000] {processor.py:840} INFO - DAG(s) 'extraction_writer' retrieved from /opt/airflow/dags/etl.py
[2026-03-31T03:45:45.324+0000] {logging_mixin.py:188} INFO - [2026-03-31T03:45:45.324+0000] {dag.py:3096} INFO - Sync 1 DAGs
[2026-03-31T03:45:45.330+0000] {logging_mixin.py:188} INFO - [2026-03-31T03:45:45.330+0000] {dag.py:3954} INFO - Setting next_dagrun for extraction_writer to 2026-03-29 00:00:00+00:00, run_after=2026-04-05 00:00:00+00:00
[2026-03-31T03:45:45.336+0000] {processor.py:183} INFO - Processing /opt/airflow/dags/etl.py took 0.152 seconds
[2026-03-31T03:46:15.459+0000] {processor.py:161} INFO - Started process (PID=277) to work on /opt/airflow/dags/etl.py
[2026-03-31T03:46:15.460+0000] {processor.py:830} INFO - Processing file /opt/airflow/dags/etl.py for tasks to queue
[2026-03-31T03:46:15.461+0000] {logging_mixin.py:188} INFO - [2026-03-31T03:46:15.461+0000] {dagbag.py:545} INFO - Filling up the DagBag from /opt/airflow/dags/etl.py
[2026-03-31T03:46:15.604+0000] {processor.py:840} INFO - DAG(s) 'extraction_writer' retrieved from /opt/airflow/dags/etl.py
[2026-03-31T03:46:15.614+0000] {logging_mixin.py:188} INFO - [2026-03-31T03:46:15.614+0000] {dag.py:3096} INFO - Sync 1 DAGs
[2026-03-31T03:46:15.621+0000] {logging_mixin.py:188} INFO - [2026-03-31T03:46:15.621+0000] {dag.py:3954} INFO - Setting next_dagrun for extraction_writer to 2026-03-29 00:00:00+00:00, run_after=2026-04-05 00:00:00+00:00
[2026-03-31T03:46:15.625+0000] {processor.py:183} INFO - Processing /opt/airflow/dags/etl.py took 0.173 seconds
[2026-03-31T03:46:45.855+0000] {processor.py:161} INFO - Started process (PID=282) to work on /opt/airflow/dags/etl.py
[2026-03-31T03:46:45.856+0000] {processor.py:830} INFO - Processing file /opt/airflow/dags/etl.py for tasks to queue
[2026-03-31T03:46:45.858+0000] {logging_mixin.py:188} INFO - [2026-03-31T03:46:45.857+0000] {dagbag.py:545} INFO - Filling up the DagBag from /opt/airflow/dags/etl.py
[2026-03-31T03:46:46.000+0000] {processor.py:840} INFO - DAG(s) 'extraction_writer' retrieved from /opt/airflow/dags/etl.py
[2026-03-31T03:46:46.008+0000] {logging_mixin.py:188} INFO - [2026-03-31T03:46:46.008+0000] {dag.py:3096} INFO - Sync 1 DAGs
[2026-03-31T03:46:46.015+0000] {logging_mixin.py:188} INFO - [2026-03-31T03:46:46.015+0000] {dag.py:3954} INFO - Setting next_dagrun for extraction_writer to 2026-03-29 00:00:00+00:00, run_after=2026-04-05 00:00:00+00:00
[2026-03-31T03:46:46.020+0000] {processor.py:183} INFO - Processing /opt/airflow/dags/etl.py took 0.170 seconds
[2026-03-31T03:47:16.158+0000] {processor.py:161} INFO - Started process (PID=287) to work on /opt/airflow/dags/etl.py
[2026-03-31T03:47:16.159+0000] {processor.py:830} INFO - Processing file /opt/airflow/dags/etl.py for tasks to queue
[2026-03-31T03:47:16.161+0000] {logging_mixin.py:188} INFO - [2026-03-31T03:47:16.160+0000] {dagbag.py:545} INFO - Filling up the DagBag from /opt/airflow/dags/etl.py
[2026-03-31T03:47:16.311+0000] {processor.py:840} INFO - DAG(s) 'extraction_writer' retrieved from /opt/airflow/dags/etl.py
[2026-03-31T03:47:16.319+0000] {logging_mixin.py:188} INFO - [2026-03-31T03:47:16.319+0000] {dag.py:3096} INFO - Sync 1 DAGs
[2026-03-31T03:47:16.326+0000] {logging_mixin.py:188} INFO - [2026-03-31T03:47:16.326+0000] {dag.py:3954} INFO - Setting next_dagrun for extraction_writer to 2026-03-29 00:00:00+00:00, run_after=2026-04-05 00:00:00+00:00
[2026-03-31T03:47:16.330+0000] {processor.py:183} INFO - Processing /opt/airflow/dags/etl.py took 0.178 seconds
[2026-03-31T03:47:25.325+0000] {processor.py:161} INFO - Started process (PID=292) to work on /opt/airflow/dags/etl.py
[2026-03-31T03:47:25.326+0000] {processor.py:830} INFO - Processing file /opt/airflow/dags/etl.py for tasks to queue
[2026-03-31T03:47:25.327+0000] {logging_mixin.py:188} INFO - [2026-03-31T03:47:25.327+0000] {dagbag.py:545} INFO - Filling up the DagBag from /opt/airflow/dags/etl.py
[2026-03-31T03:47:25.466+0000] {processor.py:840} INFO - DAG(s) 'extraction_writer' retrieved from /opt/airflow/dags/etl.py
[2026-03-31T03:47:25.476+0000] {logging_mixin.py:188} INFO - [2026-03-31T03:47:25.475+0000] {dag.py:3096} INFO - Sync 1 DAGs
[2026-03-31T03:47:25.482+0000] {logging_mixin.py:188} INFO - [2026-03-31T03:47:25.482+0000] {dag.py:3954} INFO - Setting next_dagrun for extraction_writer to 2026-03-29 00:00:00+00:00, run_after=2026-04-05 00:00:00+00:00
[2026-03-31T03:47:25.488+0000] {processor.py:183} INFO - Processing /opt/airflow/dags/etl.py took 0.167 seconds
[2026-03-31T03:47:55.689+0000] {processor.py:161} INFO - Started process (PID=300) to work on /opt/airflow/dags/etl.py
[2026-03-31T03:47:55.690+0000] {processor.py:830} INFO - Processing file /opt/airflow/dags/etl.py for tasks to queue
[2026-03-31T03:47:55.692+0000] {logging_mixin.py:188} INFO - [2026-03-31T03:47:55.691+0000] {dagbag.py:545} INFO - Filling up the DagBag from /opt/airflow/dags/etl.py
[2026-03-31T03:47:55.841+0000] {processor.py:840} INFO - DAG(s) 'extraction_writer' retrieved from /opt/airflow/dags/etl.py
[2026-03-31T03:47:55.850+0000] {logging_mixin.py:188} INFO - [2026-03-31T03:47:55.850+0000] {dag.py:3096} INFO - Sync 1 DAGs
[2026-03-31T03:47:55.857+0000] {logging_mixin.py:188} INFO - [2026-03-31T03:47:55.857+0000] {dag.py:3954} INFO - Setting next_dagrun for extraction_writer to 2026-03-29 00:00:00+00:00, run_after=2026-04-05 00:00:00+00:00
[2026-03-31T03:47:55.862+0000] {processor.py:183} INFO - Processing /opt/airflow/dags/etl.py took 0.180 seconds
[2026-03-31T03:48:25.988+0000] {processor.py:161} INFO - Started process (PID=305) to work on /opt/airflow/dags/etl.py
[2026-03-31T03:48:25.989+0000] {processor.py:830} INFO - Processing file /opt/airflow/dags/etl.py for tasks to queue
[2026-03-31T03:48:25.990+0000] {logging_mixin.py:188} INFO - [2026-03-31T03:48:25.990+0000] {dagbag.py:545} INFO - Filling up the DagBag from /opt/airflow/dags/etl.py
[2026-03-31T03:48:26.139+0000] {processor.py:840} INFO - DAG(s) 'extraction_writer' retrieved from /opt/airflow/dags/etl.py
[2026-03-31T03:48:26.148+0000] {logging_mixin.py:188} INFO - [2026-03-31T03:48:26.148+0000] {dag.py:3096} INFO - Sync 1 DAGs
[2026-03-31T03:48:26.155+0000] {logging_mixin.py:188} INFO - [2026-03-31T03:48:26.155+0000] {dag.py:3954} INFO - Setting next_dagrun for extraction_writer to 2026-03-29 00:00:00+00:00, run_after=2026-04-05 00:00:00+00:00
[2026-03-31T03:48:26.160+0000] {processor.py:183} INFO - Processing /opt/airflow/dags/etl.py took 0.178 seconds
[2026-03-31T03:48:56.369+0000] {processor.py:161} INFO - Started process (PID=310) to work on /opt/airflow/dags/etl.py
[2026-03-31T03:48:56.369+0000] {processor.py:830} INFO - Processing file /opt/airflow/dags/etl.py for tasks to queue
[2026-03-31T03:48:56.370+0000] {logging_mixin.py:188} INFO - [2026-03-31T03:48:56.370+0000] {dagbag.py:545} INFO - Filling up the DagBag from /opt/airflow/dags/etl.py
[2026-03-31T03:48:56.510+0000] {processor.py:840} INFO - DAG(s) 'extraction_writer' retrieved from /opt/airflow/dags/etl.py
[2026-03-31T03:48:56.518+0000] {logging_mixin.py:188} INFO - [2026-03-31T03:48:56.518+0000] {dag.py:3096} INFO - Sync 1 DAGs
[2026-03-31T03:48:56.525+0000] {logging_mixin.py:188} INFO - [2026-03-31T03:48:56.525+0000] {dag.py:3954} INFO - Setting next_dagrun for extraction_writer to 2026-03-29 00:00:00+00:00, run_after=2026-04-05 00:00:00+00:00
[2026-03-31T03:48:56.530+0000] {processor.py:183} INFO - Processing /opt/airflow/dags/etl.py took 0.166 seconds
[2026-03-31T03:49:26.614+0000] {processor.py:161} INFO - Started process (PID=315) to work on /opt/airflow/dags/etl.py
[2026-03-31T03:49:26.615+0000] {processor.py:830} INFO - Processing file /opt/airflow/dags/etl.py for tasks to queue
[2026-03-31T03:49:26.617+0000] {logging_mixin.py:188} INFO - [2026-03-31T03:49:26.617+0000] {dagbag.py:545} INFO - Filling up the DagBag from /opt/airflow/dags/etl.py
[2026-03-31T03:49:26.761+0000] {processor.py:840} INFO - DAG(s) 'extraction_writer' retrieved from /opt/airflow/dags/etl.py
[2026-03-31T03:49:26.769+0000] {logging_mixin.py:188} INFO - [2026-03-31T03:49:26.769+0000] {dag.py:3096} INFO - Sync 1 DAGs
[2026-03-31T03:49:26.776+0000] {logging_mixin.py:188} INFO - [2026-03-31T03:49:26.776+0000] {dag.py:3954} INFO - Setting next_dagrun for extraction_writer to 2026-03-29 00:00:00+00:00, run_after=2026-04-05 00:00:00+00:00
[2026-03-31T03:49:26.781+0000] {processor.py:183} INFO - Processing /opt/airflow/dags/etl.py took 0.173 seconds
[2026-03-31T03:49:56.876+0000] {processor.py:161} INFO - Started process (PID=320) to work on /opt/airflow/dags/etl.py
[2026-03-31T03:49:56.877+0000] {processor.py:830} INFO - Processing file /opt/airflow/dags/etl.py for tasks to queue
[2026-03-31T03:49:56.878+0000] {logging_mixin.py:188} INFO - [2026-03-31T03:49:56.878+0000] {dagbag.py:545} INFO - Filling up the DagBag from /opt/airflow/dags/etl.py
[2026-03-31T03:49:57.019+0000] {processor.py:840} INFO - DAG(s) 'extraction_writer' retrieved from /opt/airflow/dags/etl.py
[2026-03-31T03:49:57.028+0000] {logging_mixin.py:188} INFO - [2026-03-31T03:49:57.028+0000] {dag.py:3096} INFO - Sync 1 DAGs
[2026-03-31T03:49:57.036+0000] {logging_mixin.py:188} INFO - [2026-03-31T03:49:57.036+0000] {dag.py:3954} INFO - Setting next_dagrun for extraction_writer to 2026-03-29 00:00:00+00:00, run_after=2026-04-05 00:00:00+00:00
[2026-03-31T03:49:57.040+0000] {processor.py:183} INFO - Processing /opt/airflow/dags/etl.py took 0.170 seconds
[2026-03-31T03:50:27.290+0000] {processor.py:161} INFO - Started process (PID=325) to work on /opt/airflow/dags/etl.py
[2026-03-31T03:50:27.291+0000] {processor.py:830} INFO - Processing file /opt/airflow/dags/etl.py for tasks to queue
[2026-03-31T03:50:27.292+0000] {logging_mixin.py:188} INFO - [2026-03-31T03:50:27.292+0000] {dagbag.py:545} INFO - Filling up the DagBag from /opt/airflow/dags/etl.py
[2026-03-31T03:50:27.438+0000] {processor.py:840} INFO - DAG(s) 'extraction_writer' retrieved from /opt/airflow/dags/etl.py
[2026-03-31T03:50:27.447+0000] {logging_mixin.py:188} INFO - [2026-03-31T03:50:27.447+0000] {dag.py:3096} INFO - Sync 1 DAGs
[2026-03-31T03:50:27.453+0000] {logging_mixin.py:188} INFO - [2026-03-31T03:50:27.453+0000] {dag.py:3954} INFO - Setting next_dagrun for extraction_writer to 2026-03-29 00:00:00+00:00, run_after=2026-04-05 00:00:00+00:00
[2026-03-31T03:50:27.458+0000] {processor.py:183} INFO - Processing /opt/airflow/dags/etl.py took 0.174 seconds
[2026-03-31T03:50:57.558+0000] {processor.py:161} INFO - Started process (PID=330) to work on /opt/airflow/dags/etl.py
[2026-03-31T03:50:57.559+0000] {processor.py:830} INFO - Processing file /opt/airflow/dags/etl.py for tasks to queue
[2026-03-31T03:50:57.560+0000] {logging_mixin.py:188} INFO - [2026-03-31T03:50:57.560+0000] {dagbag.py:545} INFO - Filling up the DagBag from /opt/airflow/dags/etl.py
[2026-03-31T03:50:57.700+0000] {processor.py:840} INFO - DAG(s) 'extraction_writer' retrieved from /opt/airflow/dags/etl.py
[2026-03-31T03:50:57.709+0000] {logging_mixin.py:188} INFO - [2026-03-31T03:50:57.708+0000] {dag.py:3096} INFO - Sync 1 DAGs
[2026-03-31T03:50:57.715+0000] {logging_mixin.py:188} INFO - [2026-03-31T03:50:57.715+0000] {dag.py:3954} INFO - Setting next_dagrun for extraction_writer to 2026-03-29 00:00:00+00:00, run_after=2026-04-05 00:00:00+00:00
[2026-03-31T03:50:57.720+0000] {processor.py:183} INFO - Processing /opt/airflow/dags/etl.py took 0.165 seconds
[2026-03-31T03:51:28.000+0000] {processor.py:161} INFO - Started process (PID=335) to work on /opt/airflow/dags/etl.py
[2026-03-31T03:51:28.001+0000] {processor.py:830} INFO - Processing file /opt/airflow/dags/etl.py for tasks to queue
[2026-03-31T03:51:28.002+0000] {logging_mixin.py:188} INFO - [2026-03-31T03:51:28.002+0000] {dagbag.py:545} INFO - Filling up the DagBag from /opt/airflow/dags/etl.py
[2026-03-31T03:51:28.145+0000] {processor.py:840} INFO - DAG(s) 'extraction_writer' retrieved from /opt/airflow/dags/etl.py
[2026-03-31T03:51:28.153+0000] {logging_mixin.py:188} INFO - [2026-03-31T03:51:28.153+0000] {dag.py:3096} INFO - Sync 1 DAGs
[2026-03-31T03:51:28.159+0000] {logging_mixin.py:188} INFO - [2026-03-31T03:51:28.159+0000] {dag.py:3954} INFO - Setting next_dagrun for extraction_writer to 2026-03-29 00:00:00+00:00, run_after=2026-04-05 00:00:00+00:00
[2026-03-31T03:51:28.164+0000] {processor.py:183} INFO - Processing /opt/airflow/dags/etl.py took 0.170 seconds
[2026-03-31T03:51:58.278+0000] {processor.py:161} INFO - Started process (PID=340) to work on /opt/airflow/dags/etl.py
[2026-03-31T03:51:58.279+0000] {processor.py:830} INFO - Processing file /opt/airflow/dags/etl.py for tasks to queue
[2026-03-31T03:51:58.280+0000] {logging_mixin.py:188} INFO - [2026-03-31T03:51:58.280+0000] {dagbag.py:545} INFO - Filling up the DagBag from /opt/airflow/dags/etl.py
[2026-03-31T03:51:58.425+0000] {processor.py:840} INFO - DAG(s) 'extraction_writer' retrieved from /opt/airflow/dags/etl.py
[2026-03-31T03:51:58.433+0000] {logging_mixin.py:188} INFO - [2026-03-31T03:51:58.433+0000] {dag.py:3096} INFO - Sync 1 DAGs
[2026-03-31T03:51:58.439+0000] {logging_mixin.py:188} INFO - [2026-03-31T03:51:58.439+0000] {dag.py:3954} INFO - Setting next_dagrun for extraction_writer to 2026-03-29 00:00:00+00:00, run_after=2026-04-05 00:00:00+00:00
[2026-03-31T03:51:58.444+0000] {processor.py:183} INFO - Processing /opt/airflow/dags/etl.py took 0.172 seconds
[2026-03-31T03:52:28.634+0000] {processor.py:161} INFO - Started process (PID=345) to work on /opt/airflow/dags/etl.py
[2026-03-31T03:52:28.635+0000] {processor.py:830} INFO - Processing file /opt/airflow/dags/etl.py for tasks to queue
[2026-03-31T03:52:28.637+0000] {logging_mixin.py:188} INFO - [2026-03-31T03:52:28.637+0000] {dagbag.py:545} INFO - Filling up the DagBag from /opt/airflow/dags/etl.py
[2026-03-31T03:52:28.798+0000] {processor.py:840} INFO - DAG(s) 'extraction_writer' retrieved from /opt/airflow/dags/etl.py
[2026-03-31T03:52:28.808+0000] {logging_mixin.py:188} INFO - [2026-03-31T03:52:28.808+0000] {dag.py:3096} INFO - Sync 1 DAGs
[2026-03-31T03:52:28.816+0000] {logging_mixin.py:188} INFO - [2026-03-31T03:52:28.816+0000] {dag.py:3954} INFO - Setting next_dagrun for extraction_writer to 2026-03-29 00:00:00+00:00, run_after=2026-04-05 00:00:00+00:00
[2026-03-31T03:52:28.821+0000] {processor.py:183} INFO - Processing /opt/airflow/dags/etl.py took 0.194 seconds
[2026-03-31T03:52:58.961+0000] {processor.py:161} INFO - Started process (PID=350) to work on /opt/airflow/dags/etl.py
[2026-03-31T03:52:58.962+0000] {processor.py:830} INFO - Processing file /opt/airflow/dags/etl.py for tasks to queue
[2026-03-31T03:52:58.963+0000] {logging_mixin.py:188} INFO - [2026-03-31T03:52:58.963+0000] {dagbag.py:545} INFO - Filling up the DagBag from /opt/airflow/dags/etl.py
[2026-03-31T03:52:59.107+0000] {processor.py:840} INFO - DAG(s) 'extraction_writer' retrieved from /opt/airflow/dags/etl.py
[2026-03-31T03:52:59.115+0000] {logging_mixin.py:188} INFO - [2026-03-31T03:52:59.115+0000] {dag.py:3096} INFO - Sync 1 DAGs
[2026-03-31T03:52:59.121+0000] {logging_mixin.py:188} INFO - [2026-03-31T03:52:59.121+0000] {dag.py:3954} INFO - Setting next_dagrun for extraction_writer to 2026-03-29 00:00:00+00:00, run_after=2026-04-05 00:00:00+00:00
[2026-03-31T03:52:59.127+0000] {processor.py:183} INFO - Processing /opt/airflow/dags/etl.py took 0.172 seconds
[2026-03-31T03:53:29.378+0000] {processor.py:161} INFO - Started process (PID=355) to work on /opt/airflow/dags/etl.py
[2026-03-31T03:53:29.379+0000] {processor.py:830} INFO - Processing file /opt/airflow/dags/etl.py for tasks to queue
[2026-03-31T03:53:29.381+0000] {logging_mixin.py:188} INFO - [2026-03-31T03:53:29.381+0000] {dagbag.py:545} INFO - Filling up the DagBag from /opt/airflow/dags/etl.py
[2026-03-31T03:53:29.531+0000] {processor.py:840} INFO - DAG(s) 'extraction_writer' retrieved from /opt/airflow/dags/etl.py
[2026-03-31T03:53:29.541+0000] {logging_mixin.py:188} INFO - [2026-03-31T03:53:29.541+0000] {dag.py:3096} INFO - Sync 1 DAGs
[2026-03-31T03:53:29.549+0000] {logging_mixin.py:188} INFO - [2026-03-31T03:53:29.549+0000] {dag.py:3954} INFO - Setting next_dagrun for extraction_writer to 2026-03-29 00:00:00+00:00, run_after=2026-04-05 00:00:00+00:00
[2026-03-31T03:53:29.554+0000] {processor.py:183} INFO - Processing /opt/airflow/dags/etl.py took 0.182 seconds
[2026-03-31T03:53:59.667+0000] {processor.py:161} INFO - Started process (PID=360) to work on /opt/airflow/dags/etl.py
[2026-03-31T03:53:59.667+0000] {processor.py:830} INFO - Processing file /opt/airflow/dags/etl.py for tasks to queue
[2026-03-31T03:53:59.669+0000] {logging_mixin.py:188} INFO - [2026-03-31T03:53:59.669+0000] {dagbag.py:545} INFO - Filling up the DagBag from /opt/airflow/dags/etl.py
[2026-03-31T03:53:59.811+0000] {processor.py:840} INFO - DAG(s) 'extraction_writer' retrieved from /opt/airflow/dags/etl.py
[2026-03-31T03:53:59.822+0000] {logging_mixin.py:188} INFO - [2026-03-31T03:53:59.822+0000] {dag.py:3096} INFO - Sync 1 DAGs
[2026-03-31T03:53:59.828+0000] {logging_mixin.py:188} INFO - [2026-03-31T03:53:59.828+0000] {dag.py:3954} INFO - Setting next_dagrun for extraction_writer to 2026-03-29 00:00:00+00:00, run_after=2026-04-05 00:00:00+00:00
[2026-03-31T03:53:59.833+0000] {processor.py:183} INFO - Processing /opt/airflow/dags/etl.py took 0.171 seconds
[2026-03-31T03:54:30.034+0000] {processor.py:161} INFO - Started process (PID=365) to work on /opt/airflow/dags/etl.py
[2026-03-31T03:54:30.035+0000] {processor.py:830} INFO - Processing file /opt/airflow/dags/etl.py for tasks to queue
[2026-03-31T03:54:30.037+0000] {logging_mixin.py:188} INFO - [2026-03-31T03:54:30.036+0000] {dagbag.py:545} INFO - Filling up the DagBag from /opt/airflow/dags/etl.py
[2026-03-31T03:54:30.190+0000] {processor.py:840} INFO - DAG(s) 'extraction_writer' retrieved from /opt/airflow/dags/etl.py
[2026-03-31T03:54:30.199+0000] {logging_mixin.py:188} INFO - [2026-03-31T03:54:30.199+0000] {dag.py:3096} INFO - Sync 1 DAGs
[2026-03-31T03:54:30.206+0000] {logging_mixin.py:188} INFO - [2026-03-31T03:54:30.206+0000] {dag.py:3954} INFO - Setting next_dagrun for extraction_writer to 2026-03-29 00:00:00+00:00, run_after=2026-04-05 00:00:00+00:00
[2026-03-31T03:54:30.211+0000] {processor.py:183} INFO - Processing /opt/airflow/dags/etl.py took 0.183 seconds
[2026-03-31T03:54:46.189+0000] {processor.py:161} INFO - Started process (PID=370) to work on /opt/airflow/dags/etl.py
[2026-03-31T03:54:46.190+0000] {processor.py:830} INFO - Processing file /opt/airflow/dags/etl.py for tasks to queue
[2026-03-31T03:54:46.191+0000] {logging_mixin.py:188} INFO - [2026-03-31T03:54:46.191+0000] {dagbag.py:545} INFO - Filling up the DagBag from /opt/airflow/dags/etl.py
[2026-03-31T03:54:46.349+0000] {processor.py:840} INFO - DAG(s) 'extraction_writer' retrieved from /opt/airflow/dags/etl.py
[2026-03-31T03:54:46.359+0000] {logging_mixin.py:188} INFO - [2026-03-31T03:54:46.359+0000] {dag.py:3096} INFO - Sync 1 DAGs
[2026-03-31T03:54:46.366+0000] {logging_mixin.py:188} INFO - [2026-03-31T03:54:46.366+0000] {dag.py:3954} INFO - Setting next_dagrun for extraction_writer to 2026-03-29 00:00:00+00:00, run_after=2026-04-05 00:00:00+00:00
[2026-03-31T03:54:46.372+0000] {processor.py:183} INFO - Processing /opt/airflow/dags/etl.py took 0.190 seconds
[2026-03-31T03:55:16.594+0000] {processor.py:161} INFO - Started process (PID=375) to work on /opt/airflow/dags/etl.py
[2026-03-31T03:55:16.595+0000] {processor.py:830} INFO - Processing file /opt/airflow/dags/etl.py for tasks to queue
[2026-03-31T03:55:16.597+0000] {logging_mixin.py:188} INFO - [2026-03-31T03:55:16.596+0000] {dagbag.py:545} INFO - Filling up the DagBag from /opt/airflow/dags/etl.py
[2026-03-31T03:55:16.742+0000] {processor.py:840} INFO - DAG(s) 'extraction_writer' retrieved from /opt/airflow/dags/etl.py
[2026-03-31T03:55:16.751+0000] {logging_mixin.py:188} INFO - [2026-03-31T03:55:16.751+0000] {dag.py:3096} INFO - Sync 1 DAGs
[2026-03-31T03:55:16.758+0000] {logging_mixin.py:188} INFO - [2026-03-31T03:55:16.758+0000] {dag.py:3954} INFO - Setting next_dagrun for extraction_writer to 2026-03-29 00:00:00+00:00, run_after=2026-04-05 00:00:00+00:00
[2026-03-31T03:55:16.762+0000] {processor.py:183} INFO - Processing /opt/airflow/dags/etl.py took 0.174 seconds
[2026-03-31T03:55:46.862+0000] {processor.py:161} INFO - Started process (PID=380) to work on /opt/airflow/dags/etl.py
[2026-03-31T03:55:46.862+0000] {processor.py:830} INFO - Processing file /opt/airflow/dags/etl.py for tasks to queue
[2026-03-31T03:55:46.864+0000] {logging_mixin.py:188} INFO - [2026-03-31T03:55:46.864+0000] {dagbag.py:545} INFO - Filling up the DagBag from /opt/airflow/dags/etl.py
[2026-03-31T03:55:47.008+0000] {processor.py:840} INFO - DAG(s) 'extraction_writer' retrieved from /opt/airflow/dags/etl.py
[2026-03-31T03:55:47.017+0000] {logging_mixin.py:188} INFO - [2026-03-31T03:55:47.016+0000] {dag.py:3096} INFO - Sync 1 DAGs
[2026-03-31T03:55:47.023+0000] {logging_mixin.py:188} INFO - [2026-03-31T03:55:47.023+0000] {dag.py:3954} INFO - Setting next_dagrun for extraction_writer to 2026-03-29 00:00:00+00:00, run_after=2026-04-05 00:00:00+00:00
[2026-03-31T03:55:47.029+0000] {processor.py:183} INFO - Processing /opt/airflow/dags/etl.py took 0.174 seconds
[2026-03-31T03:56:17.294+0000] {processor.py:161} INFO - Started process (PID=385) to work on /opt/airflow/dags/etl.py
[2026-03-31T03:56:17.295+0000] {processor.py:830} INFO - Processing file /opt/airflow/dags/etl.py for tasks to queue
[2026-03-31T03:56:17.296+0000] {logging_mixin.py:188} INFO - [2026-03-31T03:56:17.296+0000] {dagbag.py:545} INFO - Filling up the DagBag from /opt/airflow/dags/etl.py
[2026-03-31T03:56:17.441+0000] {processor.py:840} INFO - DAG(s) 'extraction_writer' retrieved from /opt/airflow/dags/etl.py
[2026-03-31T03:56:17.450+0000] {logging_mixin.py:188} INFO - [2026-03-31T03:56:17.450+0000] {dag.py:3096} INFO - Sync 1 DAGs
[2026-03-31T03:56:17.458+0000] {logging_mixin.py:188} INFO - [2026-03-31T03:56:17.458+0000] {dag.py:3954} INFO - Setting next_dagrun for extraction_writer to 2026-03-29 00:00:00+00:00, run_after=2026-04-05 00:00:00+00:00
[2026-03-31T03:56:17.465+0000] {processor.py:183} INFO - Processing /opt/airflow/dags/etl.py took 0.177 seconds
[2026-03-31T03:56:47.588+0000] {processor.py:161} INFO - Started process (PID=390) to work on /opt/airflow/dags/etl.py
[2026-03-31T03:56:47.589+0000] {processor.py:830} INFO - Processing file /opt/airflow/dags/etl.py for tasks to queue
[2026-03-31T03:56:47.590+0000] {logging_mixin.py:188} INFO - [2026-03-31T03:56:47.590+0000] {dagbag.py:545} INFO - Filling up the DagBag from /opt/airflow/dags/etl.py
[2026-03-31T03:56:47.735+0000] {processor.py:840} INFO - DAG(s) 'extraction_writer' retrieved from /opt/airflow/dags/etl.py
[2026-03-31T03:56:47.743+0000] {logging_mixin.py:188} INFO - [2026-03-31T03:56:47.743+0000] {dag.py:3096} INFO - Sync 1 DAGs
[2026-03-31T03:56:47.750+0000] {logging_mixin.py:188} INFO - [2026-03-31T03:56:47.750+0000] {dag.py:3954} INFO - Setting next_dagrun for extraction_writer to 2026-03-29 00:00:00+00:00, run_after=2026-04-05 00:00:00+00:00
[2026-03-31T03:56:47.754+0000] {processor.py:183} INFO - Processing /opt/airflow/dags/etl.py took 0.173 seconds
[2026-03-31T03:57:17.926+0000] {processor.py:161} INFO - Started process (PID=395) to work on /opt/airflow/dags/etl.py
[2026-03-31T03:57:17.926+0000] {processor.py:830} INFO - Processing file /opt/airflow/dags/etl.py for tasks to queue
[2026-03-31T03:57:17.928+0000] {logging_mixin.py:188} INFO - [2026-03-31T03:57:17.928+0000] {dagbag.py:545} INFO - Filling up the DagBag from /opt/airflow/dags/etl.py
[2026-03-31T03:57:18.073+0000] {processor.py:840} INFO - DAG(s) 'extraction_writer' retrieved from /opt/airflow/dags/etl.py
[2026-03-31T03:57:18.081+0000] {logging_mixin.py:188} INFO - [2026-03-31T03:57:18.081+0000] {dag.py:3096} INFO - Sync 1 DAGs
[2026-03-31T03:57:18.088+0000] {logging_mixin.py:188} INFO - [2026-03-31T03:57:18.088+0000] {dag.py:3954} INFO - Setting next_dagrun for extraction_writer to 2026-03-29 00:00:00+00:00, run_after=2026-04-05 00:00:00+00:00
[2026-03-31T03:57:18.093+0000] {processor.py:183} INFO - Processing /opt/airflow/dags/etl.py took 0.174 seconds
[2026-03-31T03:57:48.318+0000] {processor.py:161} INFO - Started process (PID=400) to work on /opt/airflow/dags/etl.py
[2026-03-31T03:57:48.319+0000] {processor.py:830} INFO - Processing file /opt/airflow/dags/etl.py for tasks to queue
[2026-03-31T03:57:48.321+0000] {logging_mixin.py:188} INFO - [2026-03-31T03:57:48.320+0000] {dagbag.py:545} INFO - Filling up the DagBag from /opt/airflow/dags/etl.py
[2026-03-31T03:57:48.465+0000] {processor.py:840} INFO - DAG(s) 'extraction_writer' retrieved from /opt/airflow/dags/etl.py
[2026-03-31T03:57:48.473+0000] {logging_mixin.py:188} INFO - [2026-03-31T03:57:48.473+0000] {dag.py:3096} INFO - Sync 1 DAGs
[2026-03-31T03:57:48.479+0000] {logging_mixin.py:188} INFO - [2026-03-31T03:57:48.479+0000] {dag.py:3954} INFO - Setting next_dagrun for extraction_writer to 2026-03-29 00:00:00+00:00, run_after=2026-04-05 00:00:00+00:00
[2026-03-31T03:57:48.484+0000] {processor.py:183} INFO - Processing /opt/airflow/dags/etl.py took 0.172 seconds
[2026-03-31T03:58:18.611+0000] {processor.py:161} INFO - Started process (PID=405) to work on /opt/airflow/dags/etl.py
[2026-03-31T03:58:18.611+0000] {processor.py:830} INFO - Processing file /opt/airflow/dags/etl.py for tasks to queue
[2026-03-31T03:58:18.613+0000] {logging_mixin.py:188} INFO - [2026-03-31T03:58:18.613+0000] {dagbag.py:545} INFO - Filling up the DagBag from /opt/airflow/dags/etl.py
[2026-03-31T03:58:18.758+0000] {processor.py:840} INFO - DAG(s) 'extraction_writer' retrieved from /opt/airflow/dags/etl.py
[2026-03-31T03:58:18.766+0000] {logging_mixin.py:188} INFO - [2026-03-31T03:58:18.766+0000] {dag.py:3096} INFO - Sync 1 DAGs
[2026-03-31T03:58:18.773+0000] {logging_mixin.py:188} INFO - [2026-03-31T03:58:18.773+0000] {dag.py:3954} INFO - Setting next_dagrun for extraction_writer to 2026-03-29 00:00:00+00:00, run_after=2026-04-05 00:00:00+00:00
[2026-03-31T03:58:18.778+0000] {processor.py:183} INFO - Processing /opt/airflow/dags/etl.py took 0.174 seconds
[2026-03-31T03:58:49.026+0000] {processor.py:161} INFO - Started process (PID=410) to work on /opt/airflow/dags/etl.py
[2026-03-31T03:58:49.027+0000] {processor.py:830} INFO - Processing file /opt/airflow/dags/etl.py for tasks to queue
[2026-03-31T03:58:49.028+0000] {logging_mixin.py:188} INFO - [2026-03-31T03:58:49.028+0000] {dagbag.py:545} INFO - Filling up the DagBag from /opt/airflow/dags/etl.py
[2026-03-31T03:58:49.172+0000] {processor.py:840} INFO - DAG(s) 'extraction_writer' retrieved from /opt/airflow/dags/etl.py
[2026-03-31T03:58:49.181+0000] {logging_mixin.py:188} INFO - [2026-03-31T03:58:49.181+0000] {dag.py:3096} INFO - Sync 1 DAGs
[2026-03-31T03:58:49.188+0000] {logging_mixin.py:188} INFO - [2026-03-31T03:58:49.187+0000] {dag.py:3954} INFO - Setting next_dagrun for extraction_writer to 2026-03-29 00:00:00+00:00, run_after=2026-04-05 00:00:00+00:00
[2026-03-31T03:58:49.192+0000] {processor.py:183} INFO - Processing /opt/airflow/dags/etl.py took 0.172 seconds
[2026-03-31T03:59:19.325+0000] {processor.py:161} INFO - Started process (PID=415) to work on /opt/airflow/dags/etl.py
[2026-03-31T03:59:19.326+0000] {processor.py:830} INFO - Processing file /opt/airflow/dags/etl.py for tasks to queue
[2026-03-31T03:59:19.327+0000] {logging_mixin.py:188} INFO - [2026-03-31T03:59:19.327+0000] {dagbag.py:545} INFO - Filling up the DagBag from /opt/airflow/dags/etl.py
[2026-03-31T03:59:19.472+0000] {processor.py:840} INFO - DAG(s) 'extraction_writer' retrieved from /opt/airflow/dags/etl.py
[2026-03-31T03:59:19.481+0000] {logging_mixin.py:188} INFO - [2026-03-31T03:59:19.481+0000] {dag.py:3096} INFO - Sync 1 DAGs
[2026-03-31T03:59:19.487+0000] {logging_mixin.py:188} INFO - [2026-03-31T03:59:19.487+0000] {dag.py:3954} INFO - Setting next_dagrun for extraction_writer to 2026-03-29 00:00:00+00:00, run_after=2026-04-05 00:00:00+00:00
[2026-03-31T03:59:19.492+0000] {processor.py:183} INFO - Processing /opt/airflow/dags/etl.py took 0.173 seconds
[2026-03-31T03:59:49.652+0000] {processor.py:161} INFO - Started process (PID=420) to work on /opt/airflow/dags/etl.py
[2026-03-31T03:59:49.653+0000] {processor.py:830} INFO - Processing file /opt/airflow/dags/etl.py for tasks to queue
[2026-03-31T03:59:49.655+0000] {logging_mixin.py:188} INFO - [2026-03-31T03:59:49.654+0000] {dagbag.py:545} INFO - Filling up the DagBag from /opt/airflow/dags/etl.py
[2026-03-31T03:59:49.798+0000] {processor.py:840} INFO - DAG(s) 'extraction_writer' retrieved from /opt/airflow/dags/etl.py
[2026-03-31T03:59:49.806+0000] {logging_mixin.py:188} INFO - [2026-03-31T03:59:49.806+0000] {dag.py:3096} INFO - Sync 1 DAGs
[2026-03-31T03:59:49.812+0000] {logging_mixin.py:188} INFO - [2026-03-31T03:59:49.812+0000] {dag.py:3954} INFO - Setting next_dagrun for extraction_writer to 2026-03-29 00:00:00+00:00, run_after=2026-04-05 00:00:00+00:00
[2026-03-31T03:59:49.817+0000] {processor.py:183} INFO - Processing /opt/airflow/dags/etl.py took 0.172 seconds
[2026-03-31T04:00:19.908+0000] {processor.py:161} INFO - Started process (PID=425) to work on /opt/airflow/dags/etl.py
[2026-03-31T04:00:19.909+0000] {processor.py:830} INFO - Processing file /opt/airflow/dags/etl.py for tasks to queue
[2026-03-31T04:00:19.911+0000] {logging_mixin.py:188} INFO - [2026-03-31T04:00:19.910+0000] {dagbag.py:545} INFO - Filling up the DagBag from /opt/airflow/dags/etl.py
[2026-03-31T04:00:20.059+0000] {processor.py:840} INFO - DAG(s) 'extraction_writer' retrieved from /opt/airflow/dags/etl.py
[2026-03-31T04:00:20.068+0000] {logging_mixin.py:188} INFO - [2026-03-31T04:00:20.068+0000] {dag.py:3096} INFO - Sync 1 DAGs
[2026-03-31T04:00:20.074+0000] {logging_mixin.py:188} INFO - [2026-03-31T04:00:20.074+0000] {dag.py:3954} INFO - Setting next_dagrun for extraction_writer to 2026-03-29 00:00:00+00:00, run_after=2026-04-05 00:00:00+00:00
[2026-03-31T04:00:20.080+0000] {processor.py:183} INFO - Processing /opt/airflow/dags/etl.py took 0.178 seconds
[2026-03-31T04:00:50.370+0000] {processor.py:161} INFO - Started process (PID=430) to work on /opt/airflow/dags/etl.py
[2026-03-31T04:00:50.371+0000] {processor.py:830} INFO - Processing file /opt/airflow/dags/etl.py for tasks to queue
[2026-03-31T04:00:50.373+0000] {logging_mixin.py:188} INFO - [2026-03-31T04:00:50.373+0000] {dagbag.py:545} INFO - Filling up the DagBag from /opt/airflow/dags/etl.py
[2026-03-31T04:00:50.517+0000] {processor.py:840} INFO - DAG(s) 'extraction_writer' retrieved from /opt/airflow/dags/etl.py
[2026-03-31T04:00:50.525+0000] {logging_mixin.py:188} INFO - [2026-03-31T04:00:50.525+0000] {dag.py:3096} INFO - Sync 1 DAGs
[2026-03-31T04:00:50.532+0000] {logging_mixin.py:188} INFO - [2026-03-31T04:00:50.532+0000] {dag.py:3954} INFO - Setting next_dagrun for extraction_writer to 2026-03-29 00:00:00+00:00, run_after=2026-04-05 00:00:00+00:00
[2026-03-31T04:00:50.537+0000] {processor.py:183} INFO - Processing /opt/airflow/dags/etl.py took 0.172 seconds
[2026-03-31T04:01:20.630+0000] {processor.py:161} INFO - Started process (PID=435) to work on /opt/airflow/dags/etl.py
[2026-03-31T04:01:20.631+0000] {processor.py:830} INFO - Processing file /opt/airflow/dags/etl.py for tasks to queue
[2026-03-31T04:01:20.632+0000] {logging_mixin.py:188} INFO - [2026-03-31T04:01:20.632+0000] {dagbag.py:545} INFO - Filling up the DagBag from /opt/airflow/dags/etl.py
[2026-03-31T04:01:20.786+0000] {processor.py:840} INFO - DAG(s) 'extraction_writer' retrieved from /opt/airflow/dags/etl.py
[2026-03-31T04:01:20.794+0000] {logging_mixin.py:188} INFO - [2026-03-31T04:01:20.794+0000] {dag.py:3096} INFO - Sync 1 DAGs
[2026-03-31T04:01:20.801+0000] {logging_mixin.py:188} INFO - [2026-03-31T04:01:20.801+0000] {dag.py:3954} INFO - Setting next_dagrun for extraction_writer to 2026-03-29 00:00:00+00:00, run_after=2026-04-05 00:00:00+00:00
[2026-03-31T04:01:20.806+0000] {processor.py:183} INFO - Processing /opt/airflow/dags/etl.py took 0.182 seconds
[2026-03-31T04:01:51.062+0000] {processor.py:161} INFO - Started process (PID=440) to work on /opt/airflow/dags/etl.py
[2026-03-31T04:01:51.063+0000] {processor.py:830} INFO - Processing file /opt/airflow/dags/etl.py for tasks to queue
[2026-03-31T04:01:51.064+0000] {logging_mixin.py:188} INFO - [2026-03-31T04:01:51.064+0000] {dagbag.py:545} INFO - Filling up the DagBag from /opt/airflow/dags/etl.py
[2026-03-31T04:01:51.209+0000] {processor.py:840} INFO - DAG(s) 'extraction_writer' retrieved from /opt/airflow/dags/etl.py
[2026-03-31T04:01:51.217+0000] {logging_mixin.py:188} INFO - [2026-03-31T04:01:51.217+0000] {dag.py:3096} INFO - Sync 1 DAGs
[2026-03-31T04:01:51.224+0000] {logging_mixin.py:188} INFO - [2026-03-31T04:01:51.223+0000] {dag.py:3954} INFO - Setting next_dagrun for extraction_writer to 2026-03-29 00:00:00+00:00, run_after=2026-04-05 00:00:00+00:00
[2026-03-31T04:01:51.229+0000] {processor.py:183} INFO - Processing /opt/airflow/dags/etl.py took 0.172 seconds
[2026-03-31T04:02:21.338+0000] {processor.py:161} INFO - Started process (PID=445) to work on /opt/airflow/dags/etl.py
[2026-03-31T04:02:21.339+0000] {processor.py:830} INFO - Processing file /opt/airflow/dags/etl.py for tasks to queue
[2026-03-31T04:02:21.340+0000] {logging_mixin.py:188} INFO - [2026-03-31T04:02:21.340+0000] {dagbag.py:545} INFO - Filling up the DagBag from /opt/airflow/dags/etl.py
[2026-03-31T04:02:21.485+0000] {processor.py:840} INFO - DAG(s) 'extraction_writer' retrieved from /opt/airflow/dags/etl.py
[2026-03-31T04:02:21.493+0000] {logging_mixin.py:188} INFO - [2026-03-31T04:02:21.493+0000] {dag.py:3096} INFO - Sync 1 DAGs
[2026-03-31T04:02:21.499+0000] {logging_mixin.py:188} INFO - [2026-03-31T04:02:21.499+0000] {dag.py:3954} INFO - Setting next_dagrun for extraction_writer to 2026-03-29 00:00:00+00:00, run_after=2026-04-05 00:00:00+00:00
[2026-03-31T04:02:21.504+0000] {processor.py:183} INFO - Processing /opt/airflow/dags/etl.py took 0.173 seconds
[2026-03-31T04:02:51.776+0000] {processor.py:161} INFO - Started process (PID=450) to work on /opt/airflow/dags/etl.py
[2026-03-31T04:02:51.776+0000] {processor.py:830} INFO - Processing file /opt/airflow/dags/etl.py for tasks to queue
[2026-03-31T04:02:51.778+0000] {logging_mixin.py:188} INFO - [2026-03-31T04:02:51.778+0000] {dagbag.py:545} INFO - Filling up the DagBag from /opt/airflow/dags/etl.py
[2026-03-31T04:02:51.921+0000] {processor.py:840} INFO - DAG(s) 'extraction_writer' retrieved from /opt/airflow/dags/etl.py
[2026-03-31T04:02:51.930+0000] {logging_mixin.py:188} INFO - [2026-03-31T04:02:51.929+0000] {dag.py:3096} INFO - Sync 1 DAGs
[2026-03-31T04:02:51.936+0000] {logging_mixin.py:188} INFO - [2026-03-31T04:02:51.936+0000] {dag.py:3954} INFO - Setting next_dagrun for extraction_writer to 2026-03-29 00:00:00+00:00, run_after=2026-04-05 00:00:00+00:00
[2026-03-31T04:02:51.941+0000] {processor.py:183} INFO - Processing /opt/airflow/dags/etl.py took 0.171 seconds
[2026-03-31T04:03:22.080+0000] {processor.py:161} INFO - Started process (PID=455) to work on /opt/airflow/dags/etl.py
[2026-03-31T04:03:22.081+0000] {processor.py:830} INFO - Processing file /opt/airflow/dags/etl.py for tasks to queue
[2026-03-31T04:03:22.083+0000] {logging_mixin.py:188} INFO - [2026-03-31T04:03:22.083+0000] {dagbag.py:545} INFO - Filling up the DagBag from /opt/airflow/dags/etl.py
[2026-03-31T04:03:22.227+0000] {processor.py:840} INFO - DAG(s) 'extraction_writer' retrieved from /opt/airflow/dags/etl.py
[2026-03-31T04:03:22.235+0000] {logging_mixin.py:188} INFO - [2026-03-31T04:03:22.235+0000] {dag.py:3096} INFO - Sync 1 DAGs
[2026-03-31T04:03:22.242+0000] {logging_mixin.py:188} INFO - [2026-03-31T04:03:22.242+0000] {dag.py:3954} INFO - Setting next_dagrun for extraction_writer to 2026-03-29 00:00:00+00:00, run_after=2026-04-05 00:00:00+00:00
[2026-03-31T04:03:22.247+0000] {processor.py:183} INFO - Processing /opt/airflow/dags/etl.py took 0.173 seconds
[2026-03-31T04:03:52.453+0000] {processor.py:161} INFO - Started process (PID=460) to work on /opt/airflow/dags/etl.py
[2026-03-31T04:03:52.454+0000] {processor.py:830} INFO - Processing file /opt/airflow/dags/etl.py for tasks to queue
[2026-03-31T04:03:52.456+0000] {logging_mixin.py:188} INFO - [2026-03-31T04:03:52.456+0000] {dagbag.py:545} INFO - Filling up the DagBag from /opt/airflow/dags/etl.py
[2026-03-31T04:03:52.608+0000] {processor.py:840} INFO - DAG(s) 'extraction_writer' retrieved from /opt/airflow/dags/etl.py
[2026-03-31T04:03:52.616+0000] {logging_mixin.py:188} INFO - [2026-03-31T04:03:52.616+0000] {dag.py:3096} INFO - Sync 1 DAGs
[2026-03-31T04:03:52.622+0000] {logging_mixin.py:188} INFO - [2026-03-31T04:03:52.622+0000] {dag.py:3954} INFO - Setting next_dagrun for extraction_writer to 2026-03-29 00:00:00+00:00, run_after=2026-04-05 00:00:00+00:00
[2026-03-31T04:03:52.627+0000] {processor.py:183} INFO - Processing /opt/airflow/dags/etl.py took 0.180 seconds
[2026-03-31T04:04:22.797+0000] {processor.py:161} INFO - Started process (PID=465) to work on /opt/airflow/dags/etl.py
[2026-03-31T04:04:22.798+0000] {processor.py:830} INFO - Processing file /opt/airflow/dags/etl.py for tasks to queue
[2026-03-31T04:04:22.799+0000] {logging_mixin.py:188} INFO - [2026-03-31T04:04:22.799+0000] {dagbag.py:545} INFO - Filling up the DagBag from /opt/airflow/dags/etl.py
[2026-03-31T04:04:22.945+0000] {processor.py:840} INFO - DAG(s) 'extraction_writer' retrieved from /opt/airflow/dags/etl.py
[2026-03-31T04:04:22.953+0000] {logging_mixin.py:188} INFO - [2026-03-31T04:04:22.953+0000] {dag.py:3096} INFO - Sync 1 DAGs
[2026-03-31T04:04:22.959+0000] {logging_mixin.py:188} INFO - [2026-03-31T04:04:22.959+0000] {dag.py:3954} INFO - Setting next_dagrun for extraction_writer to 2026-03-29 00:00:00+00:00, run_after=2026-04-05 00:00:00+00:00
[2026-03-31T04:04:22.964+0000] {processor.py:183} INFO - Processing /opt/airflow/dags/etl.py took 0.173 seconds
[2026-03-31T04:04:53.104+0000] {processor.py:161} INFO - Started process (PID=470) to work on /opt/airflow/dags/etl.py
[2026-03-31T04:04:53.106+0000] {processor.py:830} INFO - Processing file /opt/airflow/dags/etl.py for tasks to queue
[2026-03-31T04:04:53.107+0000] {logging_mixin.py:188} INFO - [2026-03-31T04:04:53.107+0000] {dagbag.py:545} INFO - Filling up the DagBag from /opt/airflow/dags/etl.py
[2026-03-31T04:04:53.253+0000] {processor.py:840} INFO - DAG(s) 'extraction_writer' retrieved from /opt/airflow/dags/etl.py
[2026-03-31T04:04:53.262+0000] {logging_mixin.py:188} INFO - [2026-03-31T04:04:53.262+0000] {dag.py:3096} INFO - Sync 1 DAGs
[2026-03-31T04:04:53.268+0000] {logging_mixin.py:188} INFO - [2026-03-31T04:04:53.268+0000] {dag.py:3954} INFO - Setting next_dagrun for extraction_writer to 2026-03-29 00:00:00+00:00, run_after=2026-04-05 00:00:00+00:00
[2026-03-31T04:04:53.273+0000] {processor.py:183} INFO - Processing /opt/airflow/dags/etl.py took 0.176 seconds
[2026-03-31T04:05:23.483+0000] {processor.py:161} INFO - Started process (PID=475) to work on /opt/airflow/dags/etl.py
[2026-03-31T04:05:23.484+0000] {processor.py:830} INFO - Processing file /opt/airflow/dags/etl.py for tasks to queue
[2026-03-31T04:05:23.486+0000] {logging_mixin.py:188} INFO - [2026-03-31T04:05:23.485+0000] {dagbag.py:545} INFO - Filling up the DagBag from /opt/airflow/dags/etl.py
[2026-03-31T04:05:23.630+0000] {processor.py:840} INFO - DAG(s) 'extraction_writer' retrieved from /opt/airflow/dags/etl.py
[2026-03-31T04:05:23.639+0000] {logging_mixin.py:188} INFO - [2026-03-31T04:05:23.639+0000] {dag.py:3096} INFO - Sync 1 DAGs
[2026-03-31T04:05:23.645+0000] {logging_mixin.py:188} INFO - [2026-03-31T04:05:23.645+0000] {dag.py:3954} INFO - Setting next_dagrun for extraction_writer to 2026-03-29 00:00:00+00:00, run_after=2026-04-05 00:00:00+00:00
[2026-03-31T04:05:23.650+0000] {processor.py:183} INFO - Processing /opt/airflow/dags/etl.py took 0.171 seconds
[2026-03-31T04:05:53.765+0000] {processor.py:161} INFO - Started process (PID=480) to work on /opt/airflow/dags/etl.py
[2026-03-31T04:05:53.766+0000] {processor.py:830} INFO - Processing file /opt/airflow/dags/etl.py for tasks to queue
[2026-03-31T04:05:53.767+0000] {logging_mixin.py:188} INFO - [2026-03-31T04:05:53.767+0000] {dagbag.py:545} INFO - Filling up the DagBag from /opt/airflow/dags/etl.py
[2026-03-31T04:05:53.912+0000] {processor.py:840} INFO - DAG(s) 'extraction_writer' retrieved from /opt/airflow/dags/etl.py
[2026-03-31T04:05:53.920+0000] {logging_mixin.py:188} INFO - [2026-03-31T04:05:53.920+0000] {dag.py:3096} INFO - Sync 1 DAGs
[2026-03-31T04:05:53.926+0000] {logging_mixin.py:188} INFO - [2026-03-31T04:05:53.926+0000] {dag.py:3954} INFO - Setting next_dagrun for extraction_writer to 2026-03-29 00:00:00+00:00, run_after=2026-04-05 00:00:00+00:00
[2026-03-31T04:05:53.931+0000] {processor.py:183} INFO - Processing /opt/airflow/dags/etl.py took 0.172 seconds
[2026-03-31T04:06:24.189+0000] {processor.py:161} INFO - Started process (PID=485) to work on /opt/airflow/dags/etl.py
[2026-03-31T04:06:24.191+0000] {processor.py:830} INFO - Processing file /opt/airflow/dags/etl.py for tasks to queue
[2026-03-31T04:06:24.191+0000] {logging_mixin.py:188} INFO - [2026-03-31T04:06:24.191+0000] {dagbag.py:545} INFO - Filling up the DagBag from /opt/airflow/dags/etl.py
[2026-03-31T04:06:24.337+0000] {processor.py:840} INFO - DAG(s) 'extraction_writer' retrieved from /opt/airflow/dags/etl.py
[2026-03-31T04:06:24.345+0000] {logging_mixin.py:188} INFO - [2026-03-31T04:06:24.345+0000] {dag.py:3096} INFO - Sync 1 DAGs
[2026-03-31T04:06:24.352+0000] {logging_mixin.py:188} INFO - [2026-03-31T04:06:24.352+0000] {dag.py:3954} INFO - Setting next_dagrun for extraction_writer to 2026-03-29 00:00:00+00:00, run_after=2026-04-05 00:00:00+00:00
[2026-03-31T04:06:24.357+0000] {processor.py:183} INFO - Processing /opt/airflow/dags/etl.py took 0.171 seconds
[2026-03-31T04:06:54.504+0000] {processor.py:161} INFO - Started process (PID=490) to work on /opt/airflow/dags/etl.py
[2026-03-31T04:06:54.504+0000] {processor.py:830} INFO - Processing file /opt/airflow/dags/etl.py for tasks to queue
[2026-03-31T04:06:54.507+0000] {logging_mixin.py:188} INFO - [2026-03-31T04:06:54.507+0000] {dagbag.py:545} INFO - Filling up the DagBag from /opt/airflow/dags/etl.py
[2026-03-31T04:06:54.656+0000] {processor.py:840} INFO - DAG(s) 'extraction_writer' retrieved from /opt/airflow/dags/etl.py
[2026-03-31T04:06:54.664+0000] {logging_mixin.py:188} INFO - [2026-03-31T04:06:54.664+0000] {dag.py:3096} INFO - Sync 1 DAGs
[2026-03-31T04:06:54.671+0000] {logging_mixin.py:188} INFO - [2026-03-31T04:06:54.671+0000] {dag.py:3954} INFO - Setting next_dagrun for extraction_writer to 2026-03-29 00:00:00+00:00, run_after=2026-04-05 00:00:00+00:00
[2026-03-31T04:06:54.677+0000] {processor.py:183} INFO - Processing /opt/airflow/dags/etl.py took 0.179 seconds
[2026-03-31T04:07:24.853+0000] {processor.py:161} INFO - Started process (PID=495) to work on /opt/airflow/dags/etl.py
[2026-03-31T04:07:24.853+0000] {processor.py:830} INFO - Processing file /opt/airflow/dags/etl.py for tasks to queue
[2026-03-31T04:07:24.855+0000] {logging_mixin.py:188} INFO - [2026-03-31T04:07:24.854+0000] {dagbag.py:545} INFO - Filling up the DagBag from /opt/airflow/dags/etl.py
[2026-03-31T04:07:24.997+0000] {processor.py:840} INFO - DAG(s) 'extraction_writer' retrieved from /opt/airflow/dags/etl.py
[2026-03-31T04:07:25.005+0000] {logging_mixin.py:188} INFO - [2026-03-31T04:07:25.005+0000] {dag.py:3096} INFO - Sync 1 DAGs
[2026-03-31T04:07:25.011+0000] {logging_mixin.py:188} INFO - [2026-03-31T04:07:25.011+0000] {dag.py:3954} INFO - Setting next_dagrun for extraction_writer to 2026-03-29 00:00:00+00:00, run_after=2026-04-05 00:00:00+00:00
[2026-03-31T04:07:25.016+0000] {processor.py:183} INFO - Processing /opt/airflow/dags/etl.py took 0.168 seconds
[2026-03-31T04:07:55.154+0000] {processor.py:161} INFO - Started process (PID=500) to work on /opt/airflow/dags/etl.py
[2026-03-31T04:07:55.155+0000] {processor.py:830} INFO - Processing file /opt/airflow/dags/etl.py for tasks to queue
[2026-03-31T04:07:55.156+0000] {logging_mixin.py:188} INFO - [2026-03-31T04:07:55.156+0000] {dagbag.py:545} INFO - Filling up the DagBag from /opt/airflow/dags/etl.py
[2026-03-31T04:07:55.302+0000] {processor.py:840} INFO - DAG(s) 'extraction_writer' retrieved from /opt/airflow/dags/etl.py
[2026-03-31T04:07:55.310+0000] {logging_mixin.py:188} INFO - [2026-03-31T04:07:55.310+0000] {dag.py:3096} INFO - Sync 1 DAGs
[2026-03-31T04:07:55.316+0000] {logging_mixin.py:188} INFO - [2026-03-31T04:07:55.316+0000] {dag.py:3954} INFO - Setting next_dagrun for extraction_writer to 2026-03-29 00:00:00+00:00, run_after=2026-04-05 00:00:00+00:00
[2026-03-31T04:07:55.321+0000] {processor.py:183} INFO - Processing /opt/airflow/dags/etl.py took 0.173 seconds
[2026-03-31T04:08:25.483+0000] {processor.py:161} INFO - Started process (PID=505) to work on /opt/airflow/dags/etl.py
[2026-03-31T04:08:25.484+0000] {processor.py:830} INFO - Processing file /opt/airflow/dags/etl.py for tasks to queue
[2026-03-31T04:08:25.485+0000] {logging_mixin.py:188} INFO - [2026-03-31T04:08:25.485+0000] {dagbag.py:545} INFO - Filling up the DagBag from /opt/airflow/dags/etl.py
[2026-03-31T04:08:25.626+0000] {processor.py:840} INFO - DAG(s) 'extraction_writer' retrieved from /opt/airflow/dags/etl.py
[2026-03-31T04:08:25.634+0000] {logging_mixin.py:188} INFO - [2026-03-31T04:08:25.634+0000] {dag.py:3096} INFO - Sync 1 DAGs
[2026-03-31T04:08:25.640+0000] {logging_mixin.py:188} INFO - [2026-03-31T04:08:25.640+0000] {dag.py:3954} INFO - Setting next_dagrun for extraction_writer to 2026-03-29 00:00:00+00:00, run_after=2026-04-05 00:00:00+00:00
[2026-03-31T04:08:25.645+0000] {processor.py:183} INFO - Processing /opt/airflow/dags/etl.py took 0.167 seconds
[2026-03-31T04:08:55.821+0000] {processor.py:161} INFO - Started process (PID=510) to work on /opt/airflow/dags/etl.py
[2026-03-31T04:08:55.822+0000] {processor.py:830} INFO - Processing file /opt/airflow/dags/etl.py for tasks to queue
[2026-03-31T04:08:55.823+0000] {logging_mixin.py:188} INFO - [2026-03-31T04:08:55.822+0000] {dagbag.py:545} INFO - Filling up the DagBag from /opt/airflow/dags/etl.py
[2026-03-31T04:08:55.957+0000] {processor.py:840} INFO - DAG(s) 'extraction_writer' retrieved from /opt/airflow/dags/etl.py
[2026-03-31T04:08:55.965+0000] {logging_mixin.py:188} INFO - [2026-03-31T04:08:55.965+0000] {dag.py:3096} INFO - Sync 1 DAGs
[2026-03-31T04:08:55.971+0000] {logging_mixin.py:188} INFO - [2026-03-31T04:08:55.971+0000] {dag.py:3954} INFO - Setting next_dagrun for extraction_writer to 2026-03-29 00:00:00+00:00, run_after=2026-04-05 00:00:00+00:00
[2026-03-31T04:08:55.977+0000] {processor.py:183} INFO - Processing /opt/airflow/dags/etl.py took 0.158 seconds
[2026-03-31T04:09:26.104+0000] {processor.py:161} INFO - Started process (PID=515) to work on /opt/airflow/dags/etl.py
[2026-03-31T04:09:26.105+0000] {processor.py:830} INFO - Processing file /opt/airflow/dags/etl.py for tasks to queue
[2026-03-31T04:09:26.106+0000] {logging_mixin.py:188} INFO - [2026-03-31T04:09:26.106+0000] {dagbag.py:545} INFO - Filling up the DagBag from /opt/airflow/dags/etl.py
[2026-03-31T04:09:26.251+0000] {processor.py:840} INFO - DAG(s) 'extraction_writer' retrieved from /opt/airflow/dags/etl.py
[2026-03-31T04:09:26.259+0000] {logging_mixin.py:188} INFO - [2026-03-31T04:09:26.259+0000] {dag.py:3096} INFO - Sync 1 DAGs
[2026-03-31T04:09:26.266+0000] {logging_mixin.py:188} INFO - [2026-03-31T04:09:26.266+0000] {dag.py:3954} INFO - Setting next_dagrun for extraction_writer to 2026-03-29 00:00:00+00:00, run_after=2026-04-05 00:00:00+00:00
[2026-03-31T04:09:26.271+0000] {processor.py:183} INFO - Processing /opt/airflow/dags/etl.py took 0.173 seconds
[2026-03-31T04:09:56.480+0000] {processor.py:161} INFO - Started process (PID=520) to work on /opt/airflow/dags/etl.py
[2026-03-31T04:09:56.481+0000] {processor.py:830} INFO - Processing file /opt/airflow/dags/etl.py for tasks to queue
[2026-03-31T04:09:56.483+0000] {logging_mixin.py:188} INFO - [2026-03-31T04:09:56.482+0000] {dagbag.py:545} INFO - Filling up the DagBag from /opt/airflow/dags/etl.py
[2026-03-31T04:09:56.626+0000] {processor.py:840} INFO - DAG(s) 'extraction_writer' retrieved from /opt/airflow/dags/etl.py
[2026-03-31T04:09:56.635+0000] {logging_mixin.py:188} INFO - [2026-03-31T04:09:56.635+0000] {dag.py:3096} INFO - Sync 1 DAGs
[2026-03-31T04:09:56.641+0000] {logging_mixin.py:188} INFO - [2026-03-31T04:09:56.641+0000] {dag.py:3954} INFO - Setting next_dagrun for extraction_writer to 2026-03-29 00:00:00+00:00, run_after=2026-04-05 00:00:00+00:00
[2026-03-31T04:09:56.646+0000] {processor.py:183} INFO - Processing /opt/airflow/dags/etl.py took 0.172 seconds
[2026-03-31T04:10:26.715+0000] {processor.py:161} INFO - Started process (PID=525) to work on /opt/airflow/dags/etl.py
[2026-03-31T04:10:26.716+0000] {processor.py:830} INFO - Processing file /opt/airflow/dags/etl.py for tasks to queue
[2026-03-31T04:10:26.718+0000] {logging_mixin.py:188} INFO - [2026-03-31T04:10:26.718+0000] {dagbag.py:545} INFO - Filling up the DagBag from /opt/airflow/dags/etl.py
[2026-03-31T04:10:26.869+0000] {processor.py:840} INFO - DAG(s) 'extraction_writer' retrieved from /opt/airflow/dags/etl.py
[2026-03-31T04:10:26.880+0000] {logging_mixin.py:188} INFO - [2026-03-31T04:10:26.879+0000] {dag.py:3096} INFO - Sync 1 DAGs
[2026-03-31T04:10:26.886+0000] {logging_mixin.py:188} INFO - [2026-03-31T04:10:26.886+0000] {dag.py:3954} INFO - Setting next_dagrun for extraction_writer to 2026-03-29 00:00:00+00:00, run_after=2026-04-05 00:00:00+00:00
[2026-03-31T04:10:26.891+0000] {processor.py:183} INFO - Processing /opt/airflow/dags/etl.py took 0.183 seconds
[2026-03-31T04:10:57.201+0000] {processor.py:161} INFO - Started process (PID=530) to work on /opt/airflow/dags/etl.py
[2026-03-31T04:10:57.202+0000] {processor.py:830} INFO - Processing file /opt/airflow/dags/etl.py for tasks to queue
[2026-03-31T04:10:57.203+0000] {logging_mixin.py:188} INFO - [2026-03-31T04:10:57.203+0000] {dagbag.py:545} INFO - Filling up the DagBag from /opt/airflow/dags/etl.py
[2026-03-31T04:10:57.347+0000] {processor.py:840} INFO - DAG(s) 'extraction_writer' retrieved from /opt/airflow/dags/etl.py
[2026-03-31T04:10:57.356+0000] {logging_mixin.py:188} INFO - [2026-03-31T04:10:57.356+0000] {dag.py:3096} INFO - Sync 1 DAGs
[2026-03-31T04:10:57.362+0000] {logging_mixin.py:188} INFO - [2026-03-31T04:10:57.362+0000] {dag.py:3954} INFO - Setting next_dagrun for extraction_writer to 2026-03-29 00:00:00+00:00, run_after=2026-04-05 00:00:00+00:00
[2026-03-31T04:10:57.367+0000] {processor.py:183} INFO - Processing /opt/airflow/dags/etl.py took 0.172 seconds
[2026-03-31T04:11:27.482+0000] {processor.py:161} INFO - Started process (PID=535) to work on /opt/airflow/dags/etl.py
[2026-03-31T04:11:27.483+0000] {processor.py:830} INFO - Processing file /opt/airflow/dags/etl.py for tasks to queue
[2026-03-31T04:11:27.484+0000] {logging_mixin.py:188} INFO - [2026-03-31T04:11:27.484+0000] {dagbag.py:545} INFO - Filling up the DagBag from /opt/airflow/dags/etl.py
[2026-03-31T04:11:27.629+0000] {processor.py:840} INFO - DAG(s) 'extraction_writer' retrieved from /opt/airflow/dags/etl.py
[2026-03-31T04:11:27.637+0000] {logging_mixin.py:188} INFO - [2026-03-31T04:11:27.637+0000] {dag.py:3096} INFO - Sync 1 DAGs
[2026-03-31T04:11:27.643+0000] {logging_mixin.py:188} INFO - [2026-03-31T04:11:27.643+0000] {dag.py:3954} INFO - Setting next_dagrun for extraction_writer to 2026-03-29 00:00:00+00:00, run_after=2026-04-05 00:00:00+00:00
[2026-03-31T04:11:27.649+0000] {processor.py:183} INFO - Processing /opt/airflow/dags/etl.py took 0.173 seconds
[2026-03-31T04:11:57.907+0000] {processor.py:161} INFO - Started process (PID=540) to work on /opt/airflow/dags/etl.py
[2026-03-31T04:11:57.908+0000] {processor.py:830} INFO - Processing file /opt/airflow/dags/etl.py for tasks to queue
[2026-03-31T04:11:57.909+0000] {logging_mixin.py:188} INFO - [2026-03-31T04:11:57.909+0000] {dagbag.py:545} INFO - Filling up the DagBag from /opt/airflow/dags/etl.py
[2026-03-31T04:11:58.052+0000] {processor.py:840} INFO - DAG(s) 'extraction_writer' retrieved from /opt/airflow/dags/etl.py
[2026-03-31T04:11:58.062+0000] {logging_mixin.py:188} INFO - [2026-03-31T04:11:58.062+0000] {dag.py:3096} INFO - Sync 1 DAGs
[2026-03-31T04:11:58.071+0000] {logging_mixin.py:188} INFO - [2026-03-31T04:11:58.071+0000] {dag.py:3954} INFO - Setting next_dagrun for extraction_writer to 2026-03-29 00:00:00+00:00, run_after=2026-04-05 00:00:00+00:00
[2026-03-31T04:11:58.077+0000] {processor.py:183} INFO - Processing /opt/airflow/dags/etl.py took 0.175 seconds
[2026-03-31T04:12:28.168+0000] {processor.py:161} INFO - Started process (PID=545) to work on /opt/airflow/dags/etl.py
[2026-03-31T04:12:28.169+0000] {processor.py:830} INFO - Processing file /opt/airflow/dags/etl.py for tasks to queue
[2026-03-31T04:12:28.170+0000] {logging_mixin.py:188} INFO - [2026-03-31T04:12:28.170+0000] {dagbag.py:545} INFO - Filling up the DagBag from /opt/airflow/dags/etl.py
[2026-03-31T04:12:28.342+0000] {processor.py:840} INFO - DAG(s) 'extraction_writer' retrieved from /opt/airflow/dags/etl.py
[2026-03-31T04:12:28.351+0000] {logging_mixin.py:188} INFO - [2026-03-31T04:12:28.351+0000] {dag.py:3096} INFO - Sync 1 DAGs
[2026-03-31T04:12:28.359+0000] {logging_mixin.py:188} INFO - [2026-03-31T04:12:28.358+0000] {dag.py:3954} INFO - Setting next_dagrun for extraction_writer to 2026-03-29 00:00:00+00:00, run_after=2026-04-05 00:00:00+00:00
[2026-03-31T04:12:28.364+0000] {processor.py:183} INFO - Processing /opt/airflow/dags/etl.py took 0.200 seconds
[2026-03-31T04:12:58.611+0000] {processor.py:161} INFO - Started process (PID=550) to work on /opt/airflow/dags/etl.py
[2026-03-31T04:12:58.612+0000] {processor.py:830} INFO - Processing file /opt/airflow/dags/etl.py for tasks to queue
[2026-03-31T04:12:58.613+0000] {logging_mixin.py:188} INFO - [2026-03-31T04:12:58.613+0000] {dagbag.py:545} INFO - Filling up the DagBag from /opt/airflow/dags/etl.py
[2026-03-31T04:12:58.759+0000] {processor.py:840} INFO - DAG(s) 'extraction_writer' retrieved from /opt/airflow/dags/etl.py
[2026-03-31T04:12:58.767+0000] {logging_mixin.py:188} INFO - [2026-03-31T04:12:58.767+0000] {dag.py:3096} INFO - Sync 1 DAGs
[2026-03-31T04:12:58.774+0000] {logging_mixin.py:188} INFO - [2026-03-31T04:12:58.773+0000] {dag.py:3954} INFO - Setting next_dagrun for extraction_writer to 2026-03-29 00:00:00+00:00, run_after=2026-04-05 00:00:00+00:00
[2026-03-31T04:12:58.778+0000] {processor.py:183} INFO - Processing /opt/airflow/dags/etl.py took 0.173 seconds
[2026-03-31T04:13:28.880+0000] {processor.py:161} INFO - Started process (PID=555) to work on /opt/airflow/dags/etl.py
[2026-03-31T04:13:28.880+0000] {processor.py:830} INFO - Processing file /opt/airflow/dags/etl.py for tasks to queue
[2026-03-31T04:13:28.882+0000] {logging_mixin.py:188} INFO - [2026-03-31T04:13:28.882+0000] {dagbag.py:545} INFO - Filling up the DagBag from /opt/airflow/dags/etl.py
[2026-03-31T04:13:29.027+0000] {processor.py:840} INFO - DAG(s) 'extraction_writer' retrieved from /opt/airflow/dags/etl.py
[2026-03-31T04:13:29.036+0000] {logging_mixin.py:188} INFO - [2026-03-31T04:13:29.036+0000] {dag.py:3096} INFO - Sync 1 DAGs
[2026-03-31T04:13:29.042+0000] {logging_mixin.py:188} INFO - [2026-03-31T04:13:29.042+0000] {dag.py:3954} INFO - Setting next_dagrun for extraction_writer to 2026-03-29 00:00:00+00:00, run_after=2026-04-05 00:00:00+00:00
[2026-03-31T04:13:29.046+0000] {processor.py:183} INFO - Processing /opt/airflow/dags/etl.py took 0.173 seconds
[2026-03-31T04:13:59.205+0000] {processor.py:161} INFO - Started process (PID=560) to work on /opt/airflow/dags/etl.py
[2026-03-31T04:13:59.206+0000] {processor.py:830} INFO - Processing file /opt/airflow/dags/etl.py for tasks to queue
[2026-03-31T04:13:59.207+0000] {logging_mixin.py:188} INFO - [2026-03-31T04:13:59.207+0000] {dagbag.py:545} INFO - Filling up the DagBag from /opt/airflow/dags/etl.py
[2026-03-31T04:13:59.352+0000] {processor.py:840} INFO - DAG(s) 'extraction_writer' retrieved from /opt/airflow/dags/etl.py
[2026-03-31T04:13:59.360+0000] {logging_mixin.py:188} INFO - [2026-03-31T04:13:59.360+0000] {dag.py:3096} INFO - Sync 1 DAGs
[2026-03-31T04:13:59.366+0000] {logging_mixin.py:188} INFO - [2026-03-31T04:13:59.366+0000] {dag.py:3954} INFO - Setting next_dagrun for extraction_writer to 2026-03-29 00:00:00+00:00, run_after=2026-04-05 00:00:00+00:00
[2026-03-31T04:13:59.371+0000] {processor.py:183} INFO - Processing /opt/airflow/dags/etl.py took 0.172 seconds
[2026-03-31T04:14:29.568+0000] {processor.py:161} INFO - Started process (PID=565) to work on /opt/airflow/dags/etl.py
[2026-03-31T04:14:29.568+0000] {processor.py:830} INFO - Processing file /opt/airflow/dags/etl.py for tasks to queue
[2026-03-31T04:14:29.570+0000] {logging_mixin.py:188} INFO - [2026-03-31T04:14:29.569+0000] {dagbag.py:545} INFO - Filling up the DagBag from /opt/airflow/dags/etl.py
[2026-03-31T04:14:29.710+0000] {processor.py:840} INFO - DAG(s) 'extraction_writer' retrieved from /opt/airflow/dags/etl.py
[2026-03-31T04:14:29.718+0000] {logging_mixin.py:188} INFO - [2026-03-31T04:14:29.718+0000] {dag.py:3096} INFO - Sync 1 DAGs
[2026-03-31T04:14:29.724+0000] {logging_mixin.py:188} INFO - [2026-03-31T04:14:29.724+0000] {dag.py:3954} INFO - Setting next_dagrun for extraction_writer to 2026-03-29 00:00:00+00:00, run_after=2026-04-05 00:00:00+00:00
[2026-03-31T04:14:29.729+0000] {processor.py:183} INFO - Processing /opt/airflow/dags/etl.py took 0.167 seconds
[2026-03-31T04:14:59.852+0000] {processor.py:161} INFO - Started process (PID=570) to work on /opt/airflow/dags/etl.py
[2026-03-31T04:14:59.853+0000] {processor.py:830} INFO - Processing file /opt/airflow/dags/etl.py for tasks to queue
[2026-03-31T04:14:59.854+0000] {logging_mixin.py:188} INFO - [2026-03-31T04:14:59.854+0000] {dagbag.py:545} INFO - Filling up the DagBag from /opt/airflow/dags/etl.py
[2026-03-31T04:14:59.999+0000] {processor.py:840} INFO - DAG(s) 'extraction_writer' retrieved from /opt/airflow/dags/etl.py
[2026-03-31T04:15:00.007+0000] {logging_mixin.py:188} INFO - [2026-03-31T04:15:00.007+0000] {dag.py:3096} INFO - Sync 1 DAGs
[2026-03-31T04:15:00.014+0000] {logging_mixin.py:188} INFO - [2026-03-31T04:15:00.014+0000] {dag.py:3954} INFO - Setting next_dagrun for extraction_writer to 2026-03-29 00:00:00+00:00, run_after=2026-04-05 00:00:00+00:00
[2026-03-31T04:15:00.019+0000] {processor.py:183} INFO - Processing /opt/airflow/dags/etl.py took 0.174 seconds
[2026-03-31T04:15:30.156+0000] {processor.py:161} INFO - Started process (PID=575) to work on /opt/airflow/dags/etl.py
[2026-03-31T04:15:30.157+0000] {processor.py:830} INFO - Processing file /opt/airflow/dags/etl.py for tasks to queue
[2026-03-31T04:15:30.158+0000] {logging_mixin.py:188} INFO - [2026-03-31T04:15:30.158+0000] {dagbag.py:545} INFO - Filling up the DagBag from /opt/airflow/dags/etl.py
[2026-03-31T04:15:30.299+0000] {processor.py:840} INFO - DAG(s) 'extraction_writer' retrieved from /opt/airflow/dags/etl.py
[2026-03-31T04:15:30.307+0000] {logging_mixin.py:188} INFO - [2026-03-31T04:15:30.307+0000] {dag.py:3096} INFO - Sync 1 DAGs
[2026-03-31T04:15:30.314+0000] {logging_mixin.py:188} INFO - [2026-03-31T04:15:30.314+0000] {dag.py:3954} INFO - Setting next_dagrun for extraction_writer to 2026-03-29 00:00:00+00:00, run_after=2026-04-05 00:00:00+00:00
[2026-03-31T04:15:30.319+0000] {processor.py:183} INFO - Processing /opt/airflow/dags/etl.py took 0.168 seconds
[2026-03-31T04:16:00.580+0000] {processor.py:161} INFO - Started process (PID=580) to work on /opt/airflow/dags/etl.py
[2026-03-31T04:16:00.581+0000] {processor.py:830} INFO - Processing file /opt/airflow/dags/etl.py for tasks to queue
[2026-03-31T04:16:00.583+0000] {logging_mixin.py:188} INFO - [2026-03-31T04:16:00.583+0000] {dagbag.py:545} INFO - Filling up the DagBag from /opt/airflow/dags/etl.py
[2026-03-31T04:16:00.724+0000] {processor.py:840} INFO - DAG(s) 'extraction_writer' retrieved from /opt/airflow/dags/etl.py
[2026-03-31T04:16:00.732+0000] {logging_mixin.py:188} INFO - [2026-03-31T04:16:00.732+0000] {dag.py:3096} INFO - Sync 1 DAGs
[2026-03-31T04:16:00.738+0000] {logging_mixin.py:188} INFO - [2026-03-31T04:16:00.738+0000] {dag.py:3954} INFO - Setting next_dagrun for extraction_writer to 2026-03-29 00:00:00+00:00, run_after=2026-04-05 00:00:00+00:00
[2026-03-31T04:16:00.743+0000] {processor.py:183} INFO - Processing /opt/airflow/dags/etl.py took 0.168 seconds
[2026-03-31T04:16:30.894+0000] {processor.py:161} INFO - Started process (PID=585) to work on /opt/airflow/dags/etl.py
[2026-03-31T04:16:30.894+0000] {processor.py:830} INFO - Processing file /opt/airflow/dags/etl.py for tasks to queue
[2026-03-31T04:16:30.896+0000] {logging_mixin.py:188} INFO - [2026-03-31T04:16:30.896+0000] {dagbag.py:545} INFO - Filling up the DagBag from /opt/airflow/dags/etl.py
[2026-03-31T04:16:31.041+0000] {processor.py:840} INFO - DAG(s) 'extraction_writer' retrieved from /opt/airflow/dags/etl.py
[2026-03-31T04:16:31.049+0000] {logging_mixin.py:188} INFO - [2026-03-31T04:16:31.049+0000] {dag.py:3096} INFO - Sync 1 DAGs
[2026-03-31T04:16:31.055+0000] {logging_mixin.py:188} INFO - [2026-03-31T04:16:31.055+0000] {dag.py:3954} INFO - Setting next_dagrun for extraction_writer to 2026-03-29 00:00:00+00:00, run_after=2026-04-05 00:00:00+00:00
[2026-03-31T04:16:31.060+0000] {processor.py:183} INFO - Processing /opt/airflow/dags/etl.py took 0.173 seconds
[2026-03-31T04:17:01.247+0000] {processor.py:161} INFO - Started process (PID=590) to work on /opt/airflow/dags/etl.py
[2026-03-31T04:17:01.248+0000] {processor.py:830} INFO - Processing file /opt/airflow/dags/etl.py for tasks to queue
[2026-03-31T04:17:01.249+0000] {logging_mixin.py:188} INFO - [2026-03-31T04:17:01.249+0000] {dagbag.py:545} INFO - Filling up the DagBag from /opt/airflow/dags/etl.py
[2026-03-31T04:17:01.394+0000] {processor.py:840} INFO - DAG(s) 'extraction_writer' retrieved from /opt/airflow/dags/etl.py
[2026-03-31T04:17:01.402+0000] {logging_mixin.py:188} INFO - [2026-03-31T04:17:01.402+0000] {dag.py:3096} INFO - Sync 1 DAGs
[2026-03-31T04:17:01.408+0000] {logging_mixin.py:188} INFO - [2026-03-31T04:17:01.408+0000] {dag.py:3954} INFO - Setting next_dagrun for extraction_writer to 2026-03-29 00:00:00+00:00, run_after=2026-04-05 00:00:00+00:00
[2026-03-31T04:17:01.413+0000] {processor.py:183} INFO - Processing /opt/airflow/dags/etl.py took 0.172 seconds
