[2026-06-25T03:34:17.852+0000] {local_task_job_runner.py:120} INFO - ::group::Pre task execution logs
[2026-06-25T03:34:17.868+0000] {taskinstance.py:2076} INFO - Dependencies all met for dep_context=non-requeueable deps ti=<TaskInstance: etl_single_dag.extract_previous_articles.extract_task_previous_articles scheduled__2026-06-24T00:00:00+00:00 [queued]>
[2026-06-25T03:34:17.871+0000] {taskinstance.py:2076} INFO - Dependencies all met for dep_context=requeueable deps ti=<TaskInstance: etl_single_dag.extract_previous_articles.extract_task_previous_articles scheduled__2026-06-24T00:00:00+00:00 [queued]>
[2026-06-25T03:34:17.871+0000] {taskinstance.py:2306} INFO - Starting attempt 1 of 1
[2026-06-25T03:34:17.878+0000] {taskinstance.py:2330} INFO - Executing <Task(PythonOperator): extract_previous_articles.extract_task_previous_articles> on 2026-06-24 00:00:00+00:00
[2026-06-25T03:34:17.880+0000] {standard_task_runner.py:63} INFO - Started process 175 to run task
[2026-06-25T03:34:17.884+0000] {standard_task_runner.py:90} INFO - Running: ['***', 'tasks', 'run', 'etl_single_dag', 'extract_previous_articles.extract_task_previous_articles', 'scheduled__2026-06-24T00:00:00+00:00', '--job-id', '77', '--raw', '--subdir', 'DAGS_FOLDER/article wrtier.py', '--cfg-path', '/tmp/tmpqqyxma2g']
[2026-06-25T03:34:17.887+0000] {standard_task_runner.py:91} INFO - Job 77: Subtask extract_previous_articles.extract_task_previous_articles
[2026-06-25T03:34:17.917+0000] {task_command.py:426} INFO - Running <TaskInstance: etl_single_dag.extract_previous_articles.extract_task_previous_articles scheduled__2026-06-24T00:00:00+00:00 [running]> on host c94487c71b04
[2026-06-25T03:34:17.963+0000] {taskinstance.py:2648} INFO - Exporting env vars: AIRFLOW_CTX_DAG_OWNER='***' AIRFLOW_CTX_DAG_ID='etl_single_dag' AIRFLOW_CTX_TASK_ID='extract_previous_articles.extract_task_previous_articles' AIRFLOW_CTX_EXECUTION_DATE='2026-06-24T00:00:00+00:00' AIRFLOW_CTX_TRY_NUMBER='1' AIRFLOW_CTX_DAG_RUN_ID='scheduled__2026-06-24T00:00:00+00:00'
[2026-06-25T03:34:17.963+0000] {taskinstance.py:430} INFO - ::endgroup::
[2026-06-25T03:34:18.079+0000] {taskinstance.py:441} INFO - ::group::Post task execution logs
[2026-06-25T03:34:18.080+0000] {taskinstance.py:2905} ERROR - Task failed with exception
Traceback (most recent call last):
  File "/home/airflow/.local/lib/python3.11/site-packages/airflow/models/taskinstance.py", line 465, in _execute_task
    result = _execute_callable(context=context, **execute_callable_kwargs)
             ^^^^^^^^^^^^^^^^^^^^^^^^^^^^^^^^^^^^^^^^^^^^^^^^^^^^^^^^^^^^^
  File "/home/airflow/.local/lib/python3.11/site-packages/airflow/models/taskinstance.py", line 432, in _execute_callable
    return execute_callable(context=context, **execute_callable_kwargs)
           ^^^^^^^^^^^^^^^^^^^^^^^^^^^^^^^^^^^^^^^^^^^^^^^^^^^^^^^^^^^^
  File "/home/airflow/.local/lib/python3.11/site-packages/airflow/models/baseoperator.py", line 401, in wrapper
    return func(self, *args, **kwargs)
           ^^^^^^^^^^^^^^^^^^^^^^^^^^^
  File "/home/airflow/.local/lib/python3.11/site-packages/airflow/operators/python.py", line 235, in execute
    return_value = self.execute_callable()
                   ^^^^^^^^^^^^^^^^^^^^^^^
  File "/home/airflow/.local/lib/python3.11/site-packages/airflow/operators/python.py", line 252, in execute_callable
    return self.python_callable(*self.op_args, **self.op_kwargs)
           ^^^^^^^^^^^^^^^^^^^^^^^^^^^^^^^^^^^^^^^^^^^^^^^^^^^^^
  File "/opt/airflow/dags/article wrtier.py", line 40, in get_my_previous_articles
    return response.json()['associated_articles']
           ~~~~~~~~~~~~~~~^^^^^^^^^^^^^^^^^^^^^^^
KeyError: 'associated_articles'
[2026-06-25T03:34:18.087+0000] {taskinstance.py:1206} INFO - Marking task as FAILED. dag_id=etl_single_dag, task_id=extract_previous_articles.extract_task_previous_articles, run_id=scheduled__2026-06-24T00:00:00+00:00, execution_date=20260624T000000, start_date=20260625T033417, end_date=20260625T033418
[2026-06-25T03:34:18.092+0000] {standard_task_runner.py:110} ERROR - Failed to execute job 77 for task extract_previous_articles.extract_task_previous_articles ('associated_articles'; 175)
[2026-06-25T03:34:18.102+0000] {local_task_job_runner.py:240} INFO - Task exited with return code 1
[2026-06-25T03:34:18.113+0000] {local_task_job_runner.py:222} INFO - ::endgroup::
